{"/Users/beatrisilieve/VSC/ReactGems/server/mailer.js": {"path":"/Users/beatrisilieve/VSC/ReactGems/server/mailer.js","statementMap":{"0":{"start":{"line":1,"column":19},"end":{"line":1,"column":40}},"1":{"start":{"line":2,"column":11},"end":{"line":2,"column":24}},"2":{"start":{"line":3,"column":0},"end":{"line":3,"column":27}},"3":{"start":{"line":5,"column":0},"end":{"line":37,"column":2}},"4":{"start":{"line":6,"column":22},"end":{"line":12,"column":4}},"5":{"start":{"line":14,"column":2},"end":{"line":36,"column":5}},"6":{"start":{"line":15,"column":4},"end":{"line":18,"column":5}},"7":{"start":{"line":16,"column":6},"end":{"line":16,"column":55}},"8":{"start":{"line":17,"column":6},"end":{"line":17,"column":13}},"9":{"start":{"line":20,"column":4},"end":{"line":20,"column":54}},"10":{"start":{"line":22,"column":24},"end":{"line":27,"column":5}},"11":{"start":{"line":29,"column":4},"end":{"line":35,"column":7}},"12":{"start":{"line":30,"column":6},"end":{"line":34,"column":7}},"13":{"start":{"line":31,"column":8},"end":{"line":31,"column":49}},"14":{"start":{"line":33,"column":8},"end":{"line":33,"column":52}},"15":{"start":{"line":39,"column":0},"end":{"line":71,"column":2}},"16":{"start":{"line":40,"column":22},"end":{"line":46,"column":4}},"17":{"start":{"line":48,"column":2},"end":{"line":70,"column":5}},"18":{"start":{"line":49,"column":4},"end":{"line":52,"column":5}},"19":{"start":{"line":51,"column":6},"end":{"line":51,"column":13}},"20":{"start":{"line":54,"column":4},"end":{"line":54,"column":54}},"21":{"start":{"line":56,"column":24},"end":{"line":61,"column":5}},"22":{"start":{"line":63,"column":4},"end":{"line":69,"column":7}},"23":{"start":{"line":64,"column":6},"end":{"line":68,"column":7}},"24":{"start":{"line":65,"column":8},"end":{"line":65,"column":49}},"25":{"start":{"line":67,"column":8},"end":{"line":67,"column":52}}},"fnMap":{"0":{"name":"(anonymous_0)","decl":{"start":{"line":5,"column":32},"end":{"line":5,"column":33}},"loc":{"start":{"line":5,"column":54},"end":{"line":37,"column":1}},"line":5},"1":{"name":"(anonymous_1)","decl":{"start":{"line":14,"column":45},"end":{"line":14,"column":46}},"loc":{"start":{"line":14,"column":60},"end":{"line":36,"column":3}},"line":14},"2":{"name":"(anonymous_2)","decl":{"start":{"line":29,"column":38},"end":{"line":29,"column":39}},"loc":{"start":{"line":29,"column":55},"end":{"line":35,"column":5}},"line":29},"3":{"name":"(anonymous_3)","decl":{"start":{"line":39,"column":37},"end":{"line":39,"column":38}},"loc":{"start":{"line":39,"column":59},"end":{"line":71,"column":1}},"line":39},"4":{"name":"(anonymous_4)","decl":{"start":{"line":48,"column":55},"end":{"line":48,"column":56}},"loc":{"start":{"line":48,"column":70},"end":{"line":70,"column":3}},"line":48},"5":{"name":"(anonymous_5)","decl":{"start":{"line":63,"column":38},"end":{"line":63,"column":39}},"loc":{"start":{"line":63,"column":55},"end":{"line":69,"column":5}},"line":63}},"branchMap":{"0":{"loc":{"start":{"line":15,"column":4},"end":{"line":18,"column":5}},"type":"if","locations":[{"start":{"line":15,"column":4},"end":{"line":18,"column":5}},{"start":{},"end":{}}],"line":15},"1":{"loc":{"start":{"line":30,"column":6},"end":{"line":34,"column":7}},"type":"if","locations":[{"start":{"line":30,"column":6},"end":{"line":34,"column":7}},{"start":{"line":32,"column":13},"end":{"line":34,"column":7}}],"line":30},"2":{"loc":{"start":{"line":49,"column":4},"end":{"line":52,"column":5}},"type":"if","locations":[{"start":{"line":49,"column":4},"end":{"line":52,"column":5}},{"start":{},"end":{}}],"line":49},"3":{"loc":{"start":{"line":64,"column":6},"end":{"line":68,"column":7}},"type":"if","locations":[{"start":{"line":64,"column":6},"end":{"line":68,"column":7}},{"start":{"line":66,"column":13},"end":{"line":68,"column":7}}],"line":64}},"s":{"0":13,"1":13,"2":13,"3":13,"4":33,"5":33,"6":33,"7":0,"8":0,"9":33,"10":33,"11":33,"12":23,"13":0,"14":23,"15":13,"16":2,"17":2,"18":2,"19":0,"20":2,"21":2,"22":2,"23":0,"24":0,"25":0},"f":{"0":33,"1":33,"2":23,"3":2,"4":2,"5":0},"b":{"0":[0,33],"1":[0,23],"2":[0,2],"3":[0,0]},"_coverageSchema":"1a1c01bbd47fc00a2c39e90264f33305004495a9","hash":"03bac374214d1df084cdcfc1bd15a13ecee5ff30"}
,"/Users/beatrisilieve/VSC/ReactGems/server/src/index.js": {"path":"/Users/beatrisilieve/VSC/ReactGems/server/src/index.js","statementMap":{"0":{"start":{"line":1,"column":16},"end":{"line":1,"column":34}},"1":{"start":{"line":2,"column":15},"end":{"line":2,"column":34}},"2":{"start":{"line":3,"column":13},"end":{"line":3,"column":28}},"3":{"start":{"line":4,"column":17},"end":{"line":4,"column":36}},"4":{"start":{"line":5,"column":17},"end":{"line":5,"column":56}},"5":{"start":{"line":7,"column":12},"end":{"line":7,"column":21}},"6":{"start":{"line":9,"column":0},"end":{"line":12,"column":44}},"7":{"start":{"line":11,"column":14},"end":{"line":11,"column":41}},"8":{"start":{"line":12,"column":18},"end":{"line":12,"column":42}},"9":{"start":{"line":14,"column":0},"end":{"line":14,"column":48}},"10":{"start":{"line":15,"column":0},"end":{"line":15,"column":24}},"11":{"start":{"line":16,"column":0},"end":{"line":16,"column":16}},"12":{"start":{"line":17,"column":0},"end":{"line":17,"column":14}},"13":{"start":{"line":19,"column":0},"end":{"line":21,"column":3}},"14":{"start":{"line":20,"column":2},"end":{"line":20,"column":30}},"15":{"start":{"line":23,"column":0},"end":{"line":23,"column":16}},"16":{"start":{"line":25,"column":13},"end":{"line":25,"column":17}},"17":{"start":{"line":27,"column":15},"end":{"line":29,"column":1}},"18":{"start":{"line":28,"column":2},"end":{"line":28,"column":63}},"19":{"start":{"line":31,"column":0},"end":{"line":31,"column":33}}},"fnMap":{"0":{"name":"(anonymous_0)","decl":{"start":{"line":11,"column":8},"end":{"line":11,"column":9}},"loc":{"start":{"line":11,"column":14},"end":{"line":11,"column":41}},"line":11},"1":{"name":"(anonymous_1)","decl":{"start":{"line":12,"column":9},"end":{"line":12,"column":10}},"loc":{"start":{"line":12,"column":18},"end":{"line":12,"column":42}},"line":12},"2":{"name":"(anonymous_2)","decl":{"start":{"line":19,"column":13},"end":{"line":19,"column":14}},"loc":{"start":{"line":19,"column":27},"end":{"line":21,"column":1}},"line":19},"3":{"name":"(anonymous_3)","decl":{"start":{"line":27,"column":32},"end":{"line":27,"column":33}},"loc":{"start":{"line":28,"column":2},"end":{"line":28,"column":63}},"line":28}},"branchMap":{},"s":{"0":13,"1":13,"2":13,"3":13,"4":13,"5":13,"6":13,"7":13,"8":0,"9":13,"10":13,"11":13,"12":13,"13":13,"14":12,"15":13,"16":13,"17":13,"18":13,"19":13},"f":{"0":13,"1":0,"2":12,"3":13},"b":{},"_coverageSchema":"1a1c01bbd47fc00a2c39e90264f33305004495a9","hash":"8a4905a215be9086911265fc6f7d7064c0d9b1db"}
,"/Users/beatrisilieve/VSC/ReactGems/server/src/routes.js": {"path":"/Users/beatrisilieve/VSC/ReactGems/server/src/routes.js","statementMap":{"0":{"start":{"line":1,"column":15},"end":{"line":1,"column":42}},"1":{"start":{"line":3,"column":39},"end":{"line":3,"column":94}},"2":{"start":{"line":4,"column":42},"end":{"line":4,"column":100}},"3":{"start":{"line":5,"column":41},"end":{"line":5,"column":98}},"4":{"start":{"line":6,"column":26},"end":{"line":6,"column":68}},"5":{"start":{"line":7,"column":27},"end":{"line":7,"column":70}},"6":{"start":{"line":8,"column":36},"end":{"line":8,"column":88}},"7":{"start":{"line":9,"column":24},"end":{"line":9,"column":64}},"8":{"start":{"line":10,"column":25},"end":{"line":10,"column":66}},"9":{"start":{"line":11,"column":22},"end":{"line":11,"column":60}},"10":{"start":{"line":12,"column":27},"end":{"line":12,"column":70}},"11":{"start":{"line":13,"column":26},"end":{"line":13,"column":68}},"12":{"start":{"line":14,"column":36},"end":{"line":14,"column":88}},"13":{"start":{"line":15,"column":31},"end":{"line":15,"column":78}},"14":{"start":{"line":16,"column":36},"end":{"line":16,"column":88}},"15":{"start":{"line":18,"column":0},"end":{"line":18,"column":70}},"16":{"start":{"line":19,"column":0},"end":{"line":19,"column":76}},"17":{"start":{"line":20,"column":0},"end":{"line":20,"column":74}},"18":{"start":{"line":21,"column":0},"end":{"line":21,"column":42}},"19":{"start":{"line":22,"column":0},"end":{"line":22,"column":44}},"20":{"start":{"line":23,"column":0},"end":{"line":23,"column":55}},"21":{"start":{"line":24,"column":0},"end":{"line":24,"column":38}},"22":{"start":{"line":25,"column":0},"end":{"line":25,"column":40}},"23":{"start":{"line":26,"column":0},"end":{"line":26,"column":34}},"24":{"start":{"line":27,"column":0},"end":{"line":27,"column":44}},"25":{"start":{"line":28,"column":0},"end":{"line":28,"column":42}},"26":{"start":{"line":29,"column":0},"end":{"line":29,"column":63}},"27":{"start":{"line":30,"column":0},"end":{"line":30,"column":53}},"28":{"start":{"line":31,"column":0},"end":{"line":31,"column":55}},"29":{"start":{"line":33,"column":0},"end":{"line":33,"column":24}}},"fnMap":{},"branchMap":{},"s":{"0":13,"1":13,"2":13,"3":13,"4":13,"5":13,"6":13,"7":13,"8":13,"9":13,"10":13,"11":13,"12":13,"13":13,"14":13,"15":13,"16":13,"17":13,"18":13,"19":13,"20":13,"21":13,"22":13,"23":13,"24":13,"25":13,"26":13,"27":13,"28":13,"29":13},"f":{},"b":{},"_coverageSchema":"1a1c01bbd47fc00a2c39e90264f33305004495a9","hash":"cd7ba107f68c6a7c00889266bc6d7d3488dc6090"}
,"/Users/beatrisilieve/VSC/ReactGems/server/src/config/config.js": {"path":"/Users/beatrisilieve/VSC/ReactGems/server/src/config/config.js","statementMap":{"0":{"start":{"line":1,"column":0},"end":{"line":1,"column":84}}},"fnMap":{},"branchMap":{},"s":{"0":13},"f":{},"b":{},"_coverageSchema":"1a1c01bbd47fc00a2c39e90264f33305004495a9","hash":"ad5cb35058a0a71db3bf6de04a3f3635c7133044"}
,"/Users/beatrisilieve/VSC/ReactGems/server/src/constants/apartment.js": {"path":"/Users/beatrisilieve/VSC/ReactGems/server/src/constants/apartment.js","statementMap":{"0":{"start":{"line":1,"column":25},"end":{"line":4,"column":1}},"1":{"start":{"line":6,"column":0},"end":{"line":8,"column":2}},"2":{"start":{"line":10,"column":0},"end":{"line":10,"column":124}}},"fnMap":{},"branchMap":{},"s":{"0":13,"1":13,"2":13},"f":{},"b":{},"_coverageSchema":"1a1c01bbd47fc00a2c39e90264f33305004495a9","hash":"e0615407c4a2b6ef132ad9a9717915387f139f3e"}
,"/Users/beatrisilieve/VSC/ReactGems/server/src/constants/bag.js": {"path":"/Users/beatrisilieve/VSC/ReactGems/server/src/constants/bag.js","statementMap":{"0":{"start":{"line":1,"column":0},"end":{"line":1,"column":40}},"1":{"start":{"line":2,"column":0},"end":{"line":2,"column":40}},"2":{"start":{"line":3,"column":0},"end":{"line":4,"column":46}},"3":{"start":{"line":5,"column":0},"end":{"line":5,"column":80}}},"fnMap":{},"branchMap":{},"s":{"0":13,"1":13,"2":13,"3":13},"f":{},"b":{},"_coverageSchema":"1a1c01bbd47fc00a2c39e90264f33305004495a9","hash":"ed40d3621237128b82cdd86fece2dde4c6129a00"}
,"/Users/beatrisilieve/VSC/ReactGems/server/src/constants/date.js": {"path":"/Users/beatrisilieve/VSC/ReactGems/server/src/constants/date.js","statementMap":{"0":{"start":{"line":1,"column":0},"end":{"line":1,"column":63}},"1":{"start":{"line":2,"column":0},"end":{"line":2,"column":68}}},"fnMap":{},"branchMap":{},"s":{"0":13,"1":13},"f":{},"b":{},"_coverageSchema":"1a1c01bbd47fc00a2c39e90264f33305004495a9","hash":"ce11909ef3ee9fcd99e37a78be1ca0f63e3bd2b9"}
,"/Users/beatrisilieve/VSC/ReactGems/server/src/constants/email.js": {"path":"/Users/beatrisilieve/VSC/ReactGems/server/src/constants/email.js","statementMap":{"0":{"start":{"line":1,"column":0},"end":{"line":1,"column":68}},"1":{"start":{"line":2,"column":0},"end":{"line":2,"column":78}},"2":{"start":{"line":3,"column":0},"end":{"line":4,"column":83}},"3":{"start":{"line":5,"column":0},"end":{"line":6,"column":76}}},"fnMap":{},"branchMap":{},"s":{"0":13,"1":13,"2":13,"3":13},"f":{},"b":{},"_coverageSchema":"1a1c01bbd47fc00a2c39e90264f33305004495a9","hash":"252835e53aead596c9530ced877876377baf6fbe"}
,"/Users/beatrisilieve/VSC/ReactGems/server/src/constants/name.js": {"path":"/Users/beatrisilieve/VSC/ReactGems/server/src/constants/name.js","statementMap":{"0":{"start":{"line":1,"column":20},"end":{"line":4,"column":1}},"1":{"start":{"line":6,"column":0},"end":{"line":6,"column":94}},"2":{"start":{"line":7,"column":0},"end":{"line":7,"column":104}}},"fnMap":{},"branchMap":{},"s":{"0":13,"1":13,"2":13},"f":{},"b":{},"_coverageSchema":"1a1c01bbd47fc00a2c39e90264f33305004495a9","hash":"5f68686d21c738295c9e792378555d7633b72b30"}
,"/Users/beatrisilieve/VSC/ReactGems/server/src/constants/password.js": {"path":"/Users/beatrisilieve/VSC/ReactGems/server/src/constants/password.js","statementMap":{"0":{"start":{"line":1,"column":0},"end":{"line":1,"column":33}},"1":{"start":{"line":3,"column":24},"end":{"line":6,"column":1}},"2":{"start":{"line":8,"column":0},"end":{"line":10,"column":2}},"3":{"start":{"line":12,"column":0},"end":{"line":12,"column":196}},"4":{"start":{"line":14,"column":0},"end":{"line":15,"column":38}}},"fnMap":{},"branchMap":{},"s":{"0":13,"1":13,"2":13,"3":13,"4":13},"f":{},"b":{},"_coverageSchema":"1a1c01bbd47fc00a2c39e90264f33305004495a9","hash":"95482c8d7d435c1ea78f15de1ab1c295dd3da9fa"}
,"/Users/beatrisilieve/VSC/ReactGems/server/src/constants/phone.js": {"path":"/Users/beatrisilieve/VSC/ReactGems/server/src/constants/phone.js","statementMap":{"0":{"start":{"line":1,"column":21},"end":{"line":4,"column":1}},"1":{"start":{"line":6,"column":0},"end":{"line":6,"column":94}},"2":{"start":{"line":7,"column":0},"end":{"line":7,"column":106}}},"fnMap":{},"branchMap":{},"s":{"0":13,"1":13,"2":13},"f":{},"b":{},"_coverageSchema":"1a1c01bbd47fc00a2c39e90264f33305004495a9","hash":"4b6fb26fe4f1e88b244567321d1050d6ad1f8a30"}
,"/Users/beatrisilieve/VSC/ReactGems/server/src/constants/street.js": {"path":"/Users/beatrisilieve/VSC/ReactGems/server/src/constants/street.js","statementMap":{"0":{"start":{"line":1,"column":22},"end":{"line":4,"column":1}},"1":{"start":{"line":6,"column":0},"end":{"line":8,"column":2}},"2":{"start":{"line":9,"column":0},"end":{"line":9,"column":113}}},"fnMap":{},"branchMap":{},"s":{"0":13,"1":13,"2":13},"f":{},"b":{},"_coverageSchema":"1a1c01bbd47fc00a2c39e90264f33305004495a9","hash":"340a7d48eb26be0ebff0d975059a7002cc6dbeed"}
,"/Users/beatrisilieve/VSC/ReactGems/server/src/constants/zipCode.js": {"path":"/Users/beatrisilieve/VSC/ReactGems/server/src/constants/zipCode.js","statementMap":{"0":{"start":{"line":1,"column":24},"end":{"line":4,"column":1}},"1":{"start":{"line":6,"column":0},"end":{"line":8,"column":2}},"2":{"start":{"line":9,"column":0},"end":{"line":9,"column":119}}},"fnMap":{},"branchMap":{},"s":{"0":13,"1":13,"2":13},"f":{},"b":{},"_coverageSchema":"1a1c01bbd47fc00a2c39e90264f33305004495a9","hash":"306e9803d170b78c461ef64ebb065012f7ba3fe2"}
,"/Users/beatrisilieve/VSC/ReactGems/server/src/controllers/bagController.js": {"path":"/Users/beatrisilieve/VSC/ReactGems/server/src/controllers/bagController.js","statementMap":{"0":{"start":{"line":1,"column":15},"end":{"line":1,"column":42}},"1":{"start":{"line":2,"column":19},"end":{"line":2,"column":52}},"2":{"start":{"line":8,"column":4},"end":{"line":8,"column":31}},"3":{"start":{"line":9,"column":12},"end":{"line":9,"column":36}},"4":{"start":{"line":10,"column":18},"end":{"line":10,"column":48}},"5":{"start":{"line":12,"column":0},"end":{"line":32,"column":3}},"6":{"start":{"line":15,"column":2},"end":{"line":19,"column":3}},"7":{"start":{"line":16,"column":4},"end":{"line":16,"column":26}},"8":{"start":{"line":18,"column":4},"end":{"line":18,"column":38}},"9":{"start":{"line":21,"column":2},"end":{"line":31,"column":3}},"10":{"start":{"line":22,"column":22},"end":{"line":22,"column":54}},"11":{"start":{"line":24,"column":4},"end":{"line":24,"column":62}},"12":{"start":{"line":26,"column":4},"end":{"line":26,"column":29}},"13":{"start":{"line":28,"column":4},"end":{"line":30,"column":7}},"14":{"start":{"line":34,"column":0},"end":{"line":53,"column":3}},"15":{"start":{"line":37,"column":2},"end":{"line":41,"column":3}},"16":{"start":{"line":38,"column":4},"end":{"line":38,"column":26}},"17":{"start":{"line":40,"column":4},"end":{"line":40,"column":38}},"18":{"start":{"line":43,"column":2},"end":{"line":52,"column":3}},"19":{"start":{"line":44,"column":19},"end":{"line":44,"column":53}},"20":{"start":{"line":46,"column":4},"end":{"line":46,"column":33}},"21":{"start":{"line":48,"column":4},"end":{"line":48,"column":21}},"22":{"start":{"line":49,"column":4},"end":{"line":51,"column":7}},"23":{"start":{"line":55,"column":0},"end":{"line":129,"column":3}},"24":{"start":{"line":56,"column":19},"end":{"line":56,"column":27}},"25":{"start":{"line":60,"column":2},"end":{"line":64,"column":3}},"26":{"start":{"line":61,"column":4},"end":{"line":61,"column":26}},"27":{"start":{"line":63,"column":4},"end":{"line":63,"column":38}},"28":{"start":{"line":66,"column":20},"end":{"line":66,"column":48}},"29":{"start":{"line":68,"column":2},"end":{"line":128,"column":3}},"30":{"start":{"line":72,"column":24},"end":{"line":76,"column":6}},"31":{"start":{"line":78,"column":4},"end":{"line":90,"column":5}},"32":{"start":{"line":79,"column":6},"end":{"line":79,"column":55}},"33":{"start":{"line":80,"column":11},"end":{"line":90,"column":5}},"34":{"start":{"line":81,"column":6},"end":{"line":81,"column":54}},"35":{"start":{"line":83,"column":6},"end":{"line":83,"column":28}},"36":{"start":{"line":85,"column":6},"end":{"line":89,"column":9}},"37":{"start":{"line":92,"column":4},"end":{"line":115,"column":5}},"38":{"start":{"line":93,"column":6},"end":{"line":98,"column":9}},"39":{"start":{"line":100,"column":6},"end":{"line":100,"column":68}},"40":{"start":{"line":101,"column":6},"end":{"line":108,"column":8}},"41":{"start":{"line":110,"column":6},"end":{"line":114,"column":8}},"42":{"start":{"line":117,"column":19},"end":{"line":119,"column":6}},"43":{"start":{"line":121,"column":4},"end":{"line":121,"column":33}},"44":{"start":{"line":123,"column":4},"end":{"line":123,"column":29}},"45":{"start":{"line":125,"column":4},"end":{"line":127,"column":7}},"46":{"start":{"line":131,"column":0},"end":{"line":143,"column":3}},"47":{"start":{"line":132,"column":16},"end":{"line":132,"column":32}},"48":{"start":{"line":134,"column":2},"end":{"line":142,"column":3}},"49":{"start":{"line":135,"column":19},"end":{"line":135,"column":51}},"50":{"start":{"line":137,"column":4},"end":{"line":137,"column":37}},"51":{"start":{"line":139,"column":4},"end":{"line":141,"column":7}},"52":{"start":{"line":145,"column":0},"end":{"line":157,"column":3}},"53":{"start":{"line":146,"column":16},"end":{"line":146,"column":32}},"54":{"start":{"line":148,"column":2},"end":{"line":156,"column":3}},"55":{"start":{"line":149,"column":19},"end":{"line":149,"column":51}},"56":{"start":{"line":151,"column":4},"end":{"line":151,"column":37}},"57":{"start":{"line":153,"column":4},"end":{"line":155,"column":7}},"58":{"start":{"line":159,"column":0},"end":{"line":173,"column":3}},"59":{"start":{"line":160,"column":16},"end":{"line":160,"column":32}},"60":{"start":{"line":162,"column":23},"end":{"line":162,"column":31}},"61":{"start":{"line":164,"column":2},"end":{"line":172,"column":3}},"62":{"start":{"line":165,"column":19},"end":{"line":165,"column":59}},"63":{"start":{"line":167,"column":4},"end":{"line":167,"column":37}},"64":{"start":{"line":169,"column":4},"end":{"line":171,"column":7}},"65":{"start":{"line":175,"column":0},"end":{"line":187,"column":3}},"66":{"start":{"line":176,"column":16},"end":{"line":176,"column":32}},"67":{"start":{"line":178,"column":2},"end":{"line":186,"column":3}},"68":{"start":{"line":179,"column":19},"end":{"line":179,"column":49}},"69":{"start":{"line":181,"column":4},"end":{"line":181,"column":37}},"70":{"start":{"line":183,"column":4},"end":{"line":185,"column":7}},"71":{"start":{"line":189,"column":0},"end":{"line":189,"column":24}}},"fnMap":{"0":{"name":"(anonymous_0)","decl":{"start":{"line":12,"column":32},"end":{"line":12,"column":33}},"loc":{"start":{"line":12,"column":52},"end":{"line":32,"column":1}},"line":12},"1":{"name":"(anonymous_1)","decl":{"start":{"line":34,"column":26},"end":{"line":34,"column":27}},"loc":{"start":{"line":34,"column":46},"end":{"line":53,"column":1}},"line":34},"2":{"name":"(anonymous_2)","decl":{"start":{"line":55,"column":34},"end":{"line":55,"column":35}},"loc":{"start":{"line":55,"column":54},"end":{"line":129,"column":1}},"line":55},"3":{"name":"(anonymous_3)","decl":{"start":{"line":131,"column":31},"end":{"line":131,"column":32}},"loc":{"start":{"line":131,"column":51},"end":{"line":143,"column":1}},"line":131},"4":{"name":"(anonymous_4)","decl":{"start":{"line":145,"column":31},"end":{"line":145,"column":32}},"loc":{"start":{"line":145,"column":51},"end":{"line":157,"column":1}},"line":145},"5":{"name":"(anonymous_5)","decl":{"start":{"line":159,"column":29},"end":{"line":159,"column":30}},"loc":{"start":{"line":159,"column":49},"end":{"line":173,"column":1}},"line":159},"6":{"name":"(anonymous_6)","decl":{"start":{"line":175,"column":32},"end":{"line":175,"column":33}},"loc":{"start":{"line":175,"column":52},"end":{"line":187,"column":1}},"line":175}},"branchMap":{"0":{"loc":{"start":{"line":15,"column":2},"end":{"line":19,"column":3}},"type":"if","locations":[{"start":{"line":15,"column":2},"end":{"line":19,"column":3}},{"start":{"line":17,"column":9},"end":{"line":19,"column":3}}],"line":15},"1":{"loc":{"start":{"line":37,"column":2},"end":{"line":41,"column":3}},"type":"if","locations":[{"start":{"line":37,"column":2},"end":{"line":41,"column":3}},{"start":{"line":39,"column":9},"end":{"line":41,"column":3}}],"line":37},"2":{"loc":{"start":{"line":60,"column":2},"end":{"line":64,"column":3}},"type":"if","locations":[{"start":{"line":60,"column":2},"end":{"line":64,"column":3}},{"start":{"line":62,"column":9},"end":{"line":64,"column":3}}],"line":60},"3":{"loc":{"start":{"line":78,"column":4},"end":{"line":90,"column":5}},"type":"if","locations":[{"start":{"line":78,"column":4},"end":{"line":90,"column":5}},{"start":{"line":80,"column":11},"end":{"line":90,"column":5}}],"line":78},"4":{"loc":{"start":{"line":80,"column":11},"end":{"line":90,"column":5}},"type":"if","locations":[{"start":{"line":80,"column":11},"end":{"line":90,"column":5}},{"start":{"line":82,"column":11},"end":{"line":90,"column":5}}],"line":80},"5":{"loc":{"start":{"line":92,"column":4},"end":{"line":115,"column":5}},"type":"if","locations":[{"start":{"line":92,"column":4},"end":{"line":115,"column":5}},{"start":{"line":99,"column":11},"end":{"line":115,"column":5}}],"line":92}},"s":{"0":13,"1":13,"2":13,"3":13,"4":13,"5":13,"6":1,"7":0,"8":1,"9":1,"10":1,"11":1,"12":0,"13":0,"14":13,"15":0,"16":0,"17":0,"18":0,"19":0,"20":0,"21":0,"22":0,"23":13,"24":15,"25":15,"26":0,"27":15,"28":15,"29":15,"30":15,"31":15,"32":0,"33":15,"34":0,"35":15,"36":15,"37":15,"38":10,"39":5,"40":5,"41":5,"42":15,"43":15,"44":0,"45":0,"46":13,"47":3,"48":3,"49":3,"50":2,"51":1,"52":13,"53":1,"54":1,"55":1,"56":1,"57":0,"58":13,"59":0,"60":0,"61":0,"62":0,"63":0,"64":0,"65":13,"66":1,"67":1,"68":1,"69":1,"70":0,"71":13},"f":{"0":1,"1":0,"2":15,"3":3,"4":1,"5":0,"6":1},"b":{"0":[0,1],"1":[0,0],"2":[0,15],"3":[0,15],"4":[0,15],"5":[10,5]},"_coverageSchema":"1a1c01bbd47fc00a2c39e90264f33305004495a9","hash":"ee08c98d95b97543566d1dc5a7770ce6e4b8d2b7"}
,"/Users/beatrisilieve/VSC/ReactGems/server/src/controllers/checkoutController.js": {"path":"/Users/beatrisilieve/VSC/ReactGems/server/src/controllers/checkoutController.js","statementMap":{"0":{"start":{"line":1,"column":15},"end":{"line":1,"column":42}},"1":{"start":{"line":2,"column":38},"end":{"line":2,"column":90}},"2":{"start":{"line":4,"column":0},"end":{"line":18,"column":3}},"3":{"start":{"line":5,"column":17},"end":{"line":5,"column":34}},"4":{"start":{"line":7,"column":15},"end":{"line":7,"column":23}},"5":{"start":{"line":9,"column":2},"end":{"line":17,"column":3}},"6":{"start":{"line":10,"column":20},"end":{"line":10,"column":76}},"7":{"start":{"line":12,"column":4},"end":{"line":12,"column":34}},"8":{"start":{"line":14,"column":4},"end":{"line":16,"column":7}},"9":{"start":{"line":20,"column":0},"end":{"line":20,"column":24}}},"fnMap":{"0":{"name":"(anonymous_0)","decl":{"start":{"line":4,"column":30},"end":{"line":4,"column":31}},"loc":{"start":{"line":4,"column":50},"end":{"line":18,"column":1}},"line":4}},"branchMap":{},"s":{"0":13,"1":13,"2":13,"3":7,"4":7,"5":7,"6":7,"7":7,"8":0,"9":13},"f":{"0":7},"b":{},"_coverageSchema":"1a1c01bbd47fc00a2c39e90264f33305004495a9","hash":"ac39be051c99f5199930dfd6afddb07f0228bbf4"}
,"/Users/beatrisilieve/VSC/ReactGems/server/src/controllers/jewelryCollectionController.js": {"path":"/Users/beatrisilieve/VSC/ReactGems/server/src/controllers/jewelryCollectionController.js","statementMap":{"0":{"start":{"line":1,"column":15},"end":{"line":1,"column":42}},"1":{"start":{"line":2,"column":33},"end":{"line":2,"column":80}},"2":{"start":{"line":3,"column":30},"end":{"line":3,"column":67}},"3":{"start":{"line":4,"column":31},"end":{"line":4,"column":69}},"4":{"start":{"line":6,"column":0},"end":{"line":40,"column":3}},"5":{"start":{"line":9,"column":2},"end":{"line":14,"column":3}},"6":{"start":{"line":10,"column":4},"end":{"line":10,"column":26}},"7":{"start":{"line":11,"column":4},"end":{"line":11,"column":26}},"8":{"start":{"line":13,"column":4},"end":{"line":13,"column":38}},"9":{"start":{"line":16,"column":30},"end":{"line":16,"column":68}},"10":{"start":{"line":18,"column":15},"end":{"line":18,"column":46}},"11":{"start":{"line":20,"column":2},"end":{"line":39,"column":3}},"12":{"start":{"line":21,"column":17},"end":{"line":21,"column":61}},"13":{"start":{"line":23,"column":22},"end":{"line":23,"column":33}},"14":{"start":{"line":25,"column":23},"end":{"line":25,"column":62}},"15":{"start":{"line":25,"column":50},"end":{"line":25,"column":61}},"16":{"start":{"line":27,"column":27},"end":{"line":27,"column":62}},"17":{"start":{"line":29,"column":28},"end":{"line":29,"column":64}},"18":{"start":{"line":31,"column":4},"end":{"line":31,"column":60}},"19":{"start":{"line":33,"column":4},"end":{"line":33,"column":33}},"20":{"start":{"line":35,"column":4},"end":{"line":35,"column":21}},"21":{"start":{"line":36,"column":4},"end":{"line":38,"column":7}},"22":{"start":{"line":42,"column":0},"end":{"line":42,"column":24}}},"fnMap":{"0":{"name":"(anonymous_0)","decl":{"start":{"line":6,"column":36},"end":{"line":6,"column":37}},"loc":{"start":{"line":6,"column":56},"end":{"line":40,"column":1}},"line":6},"1":{"name":"(anonymous_1)","decl":{"start":{"line":25,"column":37},"end":{"line":25,"column":38}},"loc":{"start":{"line":25,"column":50},"end":{"line":25,"column":61}},"line":25}},"branchMap":{"0":{"loc":{"start":{"line":9,"column":2},"end":{"line":14,"column":3}},"type":"if","locations":[{"start":{"line":9,"column":2},"end":{"line":14,"column":3}},{"start":{"line":12,"column":9},"end":{"line":14,"column":3}}],"line":9}},"s":{"0":13,"1":13,"2":13,"3":13,"4":13,"5":1,"6":0,"7":0,"8":1,"9":1,"10":1,"11":1,"12":1,"13":1,"14":1,"15":10,"16":1,"17":1,"18":1,"19":1,"20":0,"21":0,"22":13},"f":{"0":1,"1":10},"b":{"0":[0,1]},"_coverageSchema":"1a1c01bbd47fc00a2c39e90264f33305004495a9","hash":"4fe0a8d4d9c20efaed7d4fdee60f0c4c83b44c01"}
,"/Users/beatrisilieve/VSC/ReactGems/server/src/controllers/jewelryController.js": {"path":"/Users/beatrisilieve/VSC/ReactGems/server/src/controllers/jewelryController.js","statementMap":{"0":{"start":{"line":1,"column":15},"end":{"line":1,"column":42}},"1":{"start":{"line":2,"column":23},"end":{"line":2,"column":60}},"2":{"start":{"line":3,"column":30},"end":{"line":3,"column":67}},"3":{"start":{"line":4,"column":31},"end":{"line":4,"column":69}},"4":{"start":{"line":6,"column":0},"end":{"line":39,"column":3}},"5":{"start":{"line":9,"column":2},"end":{"line":13,"column":3}},"6":{"start":{"line":10,"column":4},"end":{"line":10,"column":26}},"7":{"start":{"line":12,"column":4},"end":{"line":12,"column":38}},"8":{"start":{"line":15,"column":21},"end":{"line":15,"column":50}},"9":{"start":{"line":17,"column":2},"end":{"line":17,"column":32}},"10":{"start":{"line":19,"column":2},"end":{"line":38,"column":3}},"11":{"start":{"line":20,"column":17},"end":{"line":20,"column":51}},"12":{"start":{"line":22,"column":22},"end":{"line":22,"column":33}},"13":{"start":{"line":24,"column":23},"end":{"line":24,"column":62}},"14":{"start":{"line":24,"column":50},"end":{"line":24,"column":61}},"15":{"start":{"line":26,"column":27},"end":{"line":26,"column":62}},"16":{"start":{"line":28,"column":28},"end":{"line":28,"column":64}},"17":{"start":{"line":30,"column":4},"end":{"line":30,"column":60}},"18":{"start":{"line":32,"column":4},"end":{"line":32,"column":33}},"19":{"start":{"line":34,"column":4},"end":{"line":34,"column":21}},"20":{"start":{"line":35,"column":4},"end":{"line":37,"column":7}},"21":{"start":{"line":41,"column":0},"end":{"line":64,"column":3}},"22":{"start":{"line":44,"column":2},"end":{"line":48,"column":3}},"23":{"start":{"line":45,"column":4},"end":{"line":45,"column":26}},"24":{"start":{"line":47,"column":4},"end":{"line":47,"column":38}},"25":{"start":{"line":50,"column":20},"end":{"line":50,"column":48}},"26":{"start":{"line":52,"column":2},"end":{"line":52,"column":31}},"27":{"start":{"line":54,"column":2},"end":{"line":63,"column":3}},"28":{"start":{"line":55,"column":19},"end":{"line":55,"column":53}},"29":{"start":{"line":57,"column":4},"end":{"line":57,"column":33}},"30":{"start":{"line":59,"column":4},"end":{"line":59,"column":21}},"31":{"start":{"line":60,"column":4},"end":{"line":62,"column":7}},"32":{"start":{"line":66,"column":0},"end":{"line":66,"column":24}}},"fnMap":{"0":{"name":"(anonymous_0)","decl":{"start":{"line":6,"column":39},"end":{"line":6,"column":40}},"loc":{"start":{"line":6,"column":59},"end":{"line":39,"column":1}},"line":6},"1":{"name":"(anonymous_1)","decl":{"start":{"line":24,"column":37},"end":{"line":24,"column":38}},"loc":{"start":{"line":24,"column":50},"end":{"line":24,"column":61}},"line":24},"2":{"name":"(anonymous_2)","decl":{"start":{"line":41,"column":37},"end":{"line":41,"column":38}},"loc":{"start":{"line":41,"column":57},"end":{"line":64,"column":1}},"line":41}},"branchMap":{"0":{"loc":{"start":{"line":9,"column":2},"end":{"line":13,"column":3}},"type":"if","locations":[{"start":{"line":9,"column":2},"end":{"line":13,"column":3}},{"start":{"line":11,"column":9},"end":{"line":13,"column":3}}],"line":9},"1":{"loc":{"start":{"line":44,"column":2},"end":{"line":48,"column":3}},"type":"if","locations":[{"start":{"line":44,"column":2},"end":{"line":48,"column":3}},{"start":{"line":46,"column":9},"end":{"line":48,"column":3}}],"line":44}},"s":{"0":13,"1":13,"2":13,"3":13,"4":13,"5":1,"6":0,"7":1,"8":1,"9":1,"10":1,"11":1,"12":1,"13":1,"14":7,"15":1,"16":1,"17":1,"18":1,"19":0,"20":0,"21":13,"22":1,"23":0,"24":1,"25":1,"26":1,"27":1,"28":1,"29":1,"30":0,"31":0,"32":13},"f":{"0":1,"1":7,"2":1},"b":{"0":[0,1],"1":[0,1]},"_coverageSchema":"1a1c01bbd47fc00a2c39e90264f33305004495a9","hash":"318a97124a45baaf6c98b75d0c02048c1dbfa5bb"}
,"/Users/beatrisilieve/VSC/ReactGems/server/src/controllers/jewelrySuggestionController.js": {"path":"/Users/beatrisilieve/VSC/ReactGems/server/src/controllers/jewelrySuggestionController.js","statementMap":{"0":{"start":{"line":1,"column":15},"end":{"line":1,"column":42}},"1":{"start":{"line":2,"column":33},"end":{"line":2,"column":80}},"2":{"start":{"line":4,"column":0},"end":{"line":17,"column":3}},"3":{"start":{"line":5,"column":20},"end":{"line":5,"column":40}},"4":{"start":{"line":7,"column":2},"end":{"line":16,"column":3}},"5":{"start":{"line":8,"column":19},"end":{"line":8,"column":68}},"6":{"start":{"line":10,"column":4},"end":{"line":10,"column":33}},"7":{"start":{"line":12,"column":4},"end":{"line":12,"column":21}},"8":{"start":{"line":13,"column":4},"end":{"line":15,"column":7}},"9":{"start":{"line":19,"column":0},"end":{"line":19,"column":24}}},"fnMap":{"0":{"name":"(anonymous_0)","decl":{"start":{"line":4,"column":26},"end":{"line":4,"column":27}},"loc":{"start":{"line":4,"column":46},"end":{"line":17,"column":1}},"line":4}},"branchMap":{},"s":{"0":13,"1":13,"2":13,"3":1,"4":1,"5":1,"6":1,"7":0,"8":0,"9":13},"f":{"0":1},"b":{},"_coverageSchema":"1a1c01bbd47fc00a2c39e90264f33305004495a9","hash":"9987e833570cd4f975873f46dfd651155fb6c017"}
,"/Users/beatrisilieve/VSC/ReactGems/server/src/controllers/orderConfirmationController.js": {"path":"/Users/beatrisilieve/VSC/ReactGems/server/src/controllers/orderConfirmationController.js","statementMap":{"0":{"start":{"line":1,"column":15},"end":{"line":1,"column":42}},"1":{"start":{"line":2,"column":33},"end":{"line":2,"column":80}},"2":{"start":{"line":3,"column":12},"end":{"line":3,"column":36}},"3":{"start":{"line":4,"column":39},"end":{"line":4,"column":62}},"4":{"start":{"line":5,"column":29},"end":{"line":5,"column":70}},"5":{"start":{"line":6,"column":32},"end":{"line":6,"column":76}},"6":{"start":{"line":8,"column":0},"end":{"line":35,"column":3}},"7":{"start":{"line":9,"column":17},"end":{"line":9,"column":34}},"8":{"start":{"line":11,"column":2},"end":{"line":34,"column":3}},"9":{"start":{"line":12,"column":18},"end":{"line":12,"column":63}},"10":{"start":{"line":14,"column":4},"end":{"line":14,"column":43}},"11":{"start":{"line":16,"column":33},"end":{"line":16,"column":76}},"12":{"start":{"line":18,"column":18},"end":{"line":18,"column":44}},"13":{"start":{"line":20,"column":36},"end":{"line":22,"column":5}},"14":{"start":{"line":24,"column":22},"end":{"line":24,"column":55}},"15":{"start":{"line":26,"column":4},"end":{"line":26,"column":49}},"16":{"start":{"line":28,"column":4},"end":{"line":28,"column":32}},"17":{"start":{"line":30,"column":4},"end":{"line":30,"column":21}},"18":{"start":{"line":31,"column":4},"end":{"line":33,"column":7}},"19":{"start":{"line":37,"column":0},"end":{"line":37,"column":24}}},"fnMap":{"0":{"name":"(anonymous_0)","decl":{"start":{"line":8,"column":31},"end":{"line":8,"column":32}},"loc":{"start":{"line":8,"column":51},"end":{"line":35,"column":1}},"line":8}},"branchMap":{},"s":{"0":13,"1":13,"2":13,"3":13,"4":13,"5":13,"6":13,"7":2,"8":2,"9":2,"10":2,"11":2,"12":2,"13":2,"14":2,"15":2,"16":2,"17":0,"18":0,"19":13},"f":{"0":2},"b":{},"_coverageSchema":"1a1c01bbd47fc00a2c39e90264f33305004495a9","hash":"9e7f5d161a7030682056f65e92036555bec05491"}
,"/Users/beatrisilieve/VSC/ReactGems/server/src/controllers/orderHistoryController.js": {"path":"/Users/beatrisilieve/VSC/ReactGems/server/src/controllers/orderHistoryController.js","statementMap":{"0":{"start":{"line":1,"column":15},"end":{"line":1,"column":42}},"1":{"start":{"line":2,"column":14},"end":{"line":2,"column":40}},"2":{"start":{"line":4,"column":0},"end":{"line":18,"column":3}},"3":{"start":{"line":5,"column":17},"end":{"line":5,"column":34}},"4":{"start":{"line":7,"column":2},"end":{"line":17,"column":3}},"5":{"start":{"line":8,"column":4},"end":{"line":8,"column":76}},"6":{"start":{"line":10,"column":4},"end":{"line":10,"column":37}},"7":{"start":{"line":12,"column":4},"end":{"line":12,"column":21}},"8":{"start":{"line":14,"column":4},"end":{"line":16,"column":7}},"9":{"start":{"line":20,"column":0},"end":{"line":20,"column":24}}},"fnMap":{"0":{"name":"(anonymous_0)","decl":{"start":{"line":4,"column":31},"end":{"line":4,"column":32}},"loc":{"start":{"line":4,"column":51},"end":{"line":18,"column":1}},"line":4}},"branchMap":{},"s":{"0":13,"1":13,"2":13,"3":1,"4":1,"5":1,"6":1,"7":0,"8":0,"9":13},"f":{"0":1},"b":{},"_coverageSchema":"1a1c01bbd47fc00a2c39e90264f33305004495a9","hash":"aa101d53c6a5c8a402178351901ee4e987c18463"}
,"/Users/beatrisilieve/VSC/ReactGems/server/src/controllers/paymentController.js": {"path":"/Users/beatrisilieve/VSC/ReactGems/server/src/controllers/paymentController.js","statementMap":{"0":{"start":{"line":1,"column":15},"end":{"line":1,"column":42}},"1":{"start":{"line":2,"column":23},"end":{"line":2,"column":60}},"2":{"start":{"line":3,"column":33},"end":{"line":3,"column":80}},"3":{"start":{"line":5,"column":0},"end":{"line":32,"column":3}},"4":{"start":{"line":6,"column":17},"end":{"line":6,"column":34}},"5":{"start":{"line":14,"column":6},"end":{"line":14,"column":21}},"6":{"start":{"line":16,"column":2},"end":{"line":31,"column":3}},"7":{"start":{"line":17,"column":4},"end":{"line":23,"column":6}},"8":{"start":{"line":25,"column":18},"end":{"line":25,"column":63}},"9":{"start":{"line":27,"column":4},"end":{"line":27,"column":36}},"10":{"start":{"line":29,"column":4},"end":{"line":29,"column":29}},"11":{"start":{"line":30,"column":4},"end":{"line":30,"column":51}},"12":{"start":{"line":34,"column":0},"end":{"line":34,"column":24}}},"fnMap":{"0":{"name":"(anonymous_0)","decl":{"start":{"line":5,"column":24},"end":{"line":5,"column":25}},"loc":{"start":{"line":5,"column":44},"end":{"line":32,"column":1}},"line":5}},"branchMap":{},"s":{"0":13,"1":13,"2":13,"3":13,"4":7,"5":7,"6":7,"7":7,"8":3,"9":3,"10":4,"11":4,"12":13},"f":{"0":7},"b":{},"_coverageSchema":"1a1c01bbd47fc00a2c39e90264f33305004495a9","hash":"e77e5fd3639304b8735108a93a7e37f03326e811"}
,"/Users/beatrisilieve/VSC/ReactGems/server/src/controllers/searchController.js": {"path":"/Users/beatrisilieve/VSC/ReactGems/server/src/controllers/searchController.js","statementMap":{"0":{"start":{"line":1,"column":15},"end":{"line":1,"column":42}},"1":{"start":{"line":2,"column":22},"end":{"line":2,"column":58}},"2":{"start":{"line":4,"column":0},"end":{"line":14,"column":3}},"3":{"start":{"line":5,"column":2},"end":{"line":13,"column":3}},"4":{"start":{"line":6,"column":19},"end":{"line":6,"column":34}},"5":{"start":{"line":8,"column":4},"end":{"line":8,"column":52}},"6":{"start":{"line":10,"column":4},"end":{"line":10,"column":36}},"7":{"start":{"line":12,"column":4},"end":{"line":12,"column":29}},"8":{"start":{"line":16,"column":0},"end":{"line":16,"column":24}}},"fnMap":{"0":{"name":"(anonymous_0)","decl":{"start":{"line":4,"column":32},"end":{"line":4,"column":33}},"loc":{"start":{"line":4,"column":52},"end":{"line":14,"column":1}},"line":4}},"branchMap":{},"s":{"0":13,"1":13,"2":13,"3":2,"4":2,"5":2,"6":2,"7":0,"8":13},"f":{"0":2},"b":{},"_coverageSchema":"1a1c01bbd47fc00a2c39e90264f33305004495a9","hash":"390403742d779bb8084a3e79c58f2e93e1c73cca"}
,"/Users/beatrisilieve/VSC/ReactGems/server/src/controllers/stoneController.js": {"path":"/Users/beatrisilieve/VSC/ReactGems/server/src/controllers/stoneController.js","statementMap":{"0":{"start":{"line":1,"column":15},"end":{"line":1,"column":42}},"1":{"start":{"line":2,"column":30},"end":{"line":2,"column":67}},"2":{"start":{"line":3,"column":31},"end":{"line":3,"column":69}},"3":{"start":{"line":5,"column":0},"end":{"line":30,"column":3}},"4":{"start":{"line":8,"column":4},"end":{"line":8,"column":65}},"5":{"start":{"line":10,"column":4},"end":{"line":12,"column":12}},"6":{"start":{"line":14,"column":21},"end":{"line":14,"column":52}},"7":{"start":{"line":16,"column":2},"end":{"line":16,"column":24}},"8":{"start":{"line":18,"column":2},"end":{"line":29,"column":3}},"9":{"start":{"line":19,"column":27},"end":{"line":19,"column":62}},"10":{"start":{"line":21,"column":4},"end":{"line":21,"column":32}},"11":{"start":{"line":23,"column":4},"end":{"line":23,"column":33}},"12":{"start":{"line":25,"column":4},"end":{"line":25,"column":21}},"13":{"start":{"line":26,"column":4},"end":{"line":28,"column":7}},"14":{"start":{"line":32,"column":0},"end":{"line":56,"column":3}},"15":{"start":{"line":34,"column":4},"end":{"line":34,"column":65}},"16":{"start":{"line":36,"column":4},"end":{"line":38,"column":12}},"17":{"start":{"line":40,"column":21},"end":{"line":40,"column":52}},"18":{"start":{"line":42,"column":2},"end":{"line":42,"column":24}},"19":{"start":{"line":44,"column":2},"end":{"line":55,"column":3}},"20":{"start":{"line":45,"column":28},"end":{"line":45,"column":64}},"21":{"start":{"line":47,"column":4},"end":{"line":47,"column":33}},"22":{"start":{"line":49,"column":4},"end":{"line":49,"column":33}},"23":{"start":{"line":51,"column":4},"end":{"line":51,"column":21}},"24":{"start":{"line":52,"column":4},"end":{"line":54,"column":7}},"25":{"start":{"line":58,"column":0},"end":{"line":58,"column":24}}},"fnMap":{"0":{"name":"(anonymous_0)","decl":{"start":{"line":5,"column":30},"end":{"line":5,"column":31}},"loc":{"start":{"line":5,"column":50},"end":{"line":30,"column":1}},"line":5},"1":{"name":"(anonymous_1)","decl":{"start":{"line":32,"column":31},"end":{"line":32,"column":32}},"loc":{"start":{"line":32,"column":51},"end":{"line":56,"column":1}},"line":32}},"branchMap":{"0":{"loc":{"start":{"line":8,"column":4},"end":{"line":8,"column":65}},"type":"cond-expr","locations":[{"start":{"line":8,"column":37},"end":{"line":8,"column":51}},{"start":{"line":8,"column":54},"end":{"line":8,"column":65}}],"line":8},"1":{"loc":{"start":{"line":10,"column":4},"end":{"line":12,"column":12}},"type":"cond-expr","locations":[{"start":{"line":11,"column":8},"end":{"line":11,"column":56}},{"start":{"line":12,"column":8},"end":{"line":12,"column":12}}],"line":10},"2":{"loc":{"start":{"line":34,"column":4},"end":{"line":34,"column":65}},"type":"cond-expr","locations":[{"start":{"line":34,"column":37},"end":{"line":34,"column":51}},{"start":{"line":34,"column":54},"end":{"line":34,"column":65}}],"line":34},"3":{"loc":{"start":{"line":36,"column":4},"end":{"line":38,"column":12}},"type":"cond-expr","locations":[{"start":{"line":37,"column":8},"end":{"line":37,"column":56}},{"start":{"line":38,"column":8},"end":{"line":38,"column":12}}],"line":36}},"s":{"0":13,"1":13,"2":13,"3":13,"4":1,"5":1,"6":1,"7":1,"8":1,"9":1,"10":1,"11":1,"12":0,"13":0,"14":13,"15":1,"16":1,"17":1,"18":1,"19":1,"20":1,"21":1,"22":1,"23":0,"24":0,"25":13},"f":{"0":1,"1":1},"b":{"0":[1,0],"1":[1,0],"2":[1,0],"3":[1,0]},"_coverageSchema":"1a1c01bbd47fc00a2c39e90264f33305004495a9","hash":"7d88e142fae09e7c410a21b79a3c0b1bd89ae051"}
,"/Users/beatrisilieve/VSC/ReactGems/server/src/controllers/userAddressInformationController.js": {"path":"/Users/beatrisilieve/VSC/ReactGems/server/src/controllers/userAddressInformationController.js","statementMap":{"0":{"start":{"line":1,"column":15},"end":{"line":1,"column":42}},"1":{"start":{"line":2,"column":38},"end":{"line":2,"column":90}},"2":{"start":{"line":4,"column":0},"end":{"line":17,"column":3}},"3":{"start":{"line":5,"column":17},"end":{"line":5,"column":34}},"4":{"start":{"line":7,"column":2},"end":{"line":16,"column":3}},"5":{"start":{"line":8,"column":19},"end":{"line":8,"column":67}},"6":{"start":{"line":10,"column":4},"end":{"line":10,"column":33}},"7":{"start":{"line":12,"column":4},"end":{"line":12,"column":21}},"8":{"start":{"line":13,"column":4},"end":{"line":15,"column":7}},"9":{"start":{"line":19,"column":0},"end":{"line":34,"column":3}},"10":{"start":{"line":20,"column":17},"end":{"line":20,"column":34}},"11":{"start":{"line":22,"column":15},"end":{"line":22,"column":30}},"12":{"start":{"line":24,"column":2},"end":{"line":33,"column":3}},"13":{"start":{"line":25,"column":19},"end":{"line":25,"column":75}},"14":{"start":{"line":27,"column":4},"end":{"line":27,"column":33}},"15":{"start":{"line":29,"column":4},"end":{"line":29,"column":21}},"16":{"start":{"line":30,"column":4},"end":{"line":32,"column":7}},"17":{"start":{"line":36,"column":0},"end":{"line":36,"column":24}}},"fnMap":{"0":{"name":"(anonymous_0)","decl":{"start":{"line":4,"column":23},"end":{"line":4,"column":24}},"loc":{"start":{"line":4,"column":43},"end":{"line":17,"column":1}},"line":4},"1":{"name":"(anonymous_1)","decl":{"start":{"line":19,"column":23},"end":{"line":19,"column":24}},"loc":{"start":{"line":19,"column":43},"end":{"line":34,"column":1}},"line":19}},"branchMap":{},"s":{"0":13,"1":13,"2":13,"3":0,"4":0,"5":0,"6":0,"7":0,"8":0,"9":13,"10":4,"11":4,"12":4,"13":4,"14":2,"15":2,"16":2,"17":13},"f":{"0":0,"1":4},"b":{},"_coverageSchema":"1a1c01bbd47fc00a2c39e90264f33305004495a9","hash":"df586d2cac509c22721c73446877270d6066c97c"}
,"/Users/beatrisilieve/VSC/ReactGems/server/src/controllers/userLoginInformationController.js": {"path":"/Users/beatrisilieve/VSC/ReactGems/server/src/controllers/userLoginInformationController.js","statementMap":{"0":{"start":{"line":1,"column":15},"end":{"line":1,"column":42}},"1":{"start":{"line":2,"column":36},"end":{"line":2,"column":86}},"2":{"start":{"line":3,"column":39},"end":{"line":3,"column":92}},"3":{"start":{"line":4,"column":38},"end":{"line":4,"column":90}},"4":{"start":{"line":5,"column":29},"end":{"line":5,"column":70}},"5":{"start":{"line":6,"column":24},"end":{"line":6,"column":55}},"6":{"start":{"line":7,"column":29},"end":{"line":7,"column":65}},"7":{"start":{"line":8,"column":34},"end":{"line":8,"column":57}},"8":{"start":{"line":10,"column":0},"end":{"line":39,"column":3}},"9":{"start":{"line":11,"column":19},"end":{"line":11,"column":43}},"10":{"start":{"line":13,"column":51},"end":{"line":13,"column":59}},"11":{"start":{"line":15,"column":2},"end":{"line":38,"column":3}},"12":{"start":{"line":16,"column":22},"end":{"line":20,"column":6}},"13":{"start":{"line":22,"column":4},"end":{"line":26,"column":7}},"14":{"start":{"line":28,"column":4},"end":{"line":28,"column":66}},"15":{"start":{"line":30,"column":4},"end":{"line":30,"column":44}},"16":{"start":{"line":32,"column":4},"end":{"line":32,"column":54}},"17":{"start":{"line":34,"column":4},"end":{"line":34,"column":21}},"18":{"start":{"line":35,"column":4},"end":{"line":37,"column":7}},"19":{"start":{"line":41,"column":0},"end":{"line":68,"column":3}},"20":{"start":{"line":42,"column":19},"end":{"line":42,"column":43}},"21":{"start":{"line":44,"column":30},"end":{"line":44,"column":45}},"22":{"start":{"line":46,"column":2},"end":{"line":67,"column":3}},"23":{"start":{"line":47,"column":17},"end":{"line":47,"column":62}},"24":{"start":{"line":49,"column":4},"end":{"line":57,"column":5}},"25":{"start":{"line":50,"column":21},"end":{"line":50,"column":29}},"26":{"start":{"line":52,"column":6},"end":{"line":56,"column":7}},"27":{"start":{"line":53,"column":8},"end":{"line":53,"column":49}},"28":{"start":{"line":55,"column":8},"end":{"line":55,"column":44}},"29":{"start":{"line":59,"column":19},"end":{"line":59,"column":79}},"30":{"start":{"line":61,"column":4},"end":{"line":61,"column":33}},"31":{"start":{"line":63,"column":4},"end":{"line":63,"column":29}},"32":{"start":{"line":64,"column":4},"end":{"line":66,"column":7}},"33":{"start":{"line":70,"column":0},"end":{"line":83,"column":3}},"34":{"start":{"line":71,"column":17},"end":{"line":71,"column":34}},"35":{"start":{"line":73,"column":2},"end":{"line":82,"column":3}},"36":{"start":{"line":74,"column":19},"end":{"line":74,"column":65}},"37":{"start":{"line":76,"column":4},"end":{"line":76,"column":33}},"38":{"start":{"line":78,"column":4},"end":{"line":78,"column":21}},"39":{"start":{"line":79,"column":4},"end":{"line":81,"column":7}},"40":{"start":{"line":85,"column":0},"end":{"line":100,"column":3}},"41":{"start":{"line":86,"column":17},"end":{"line":86,"column":34}},"42":{"start":{"line":88,"column":15},"end":{"line":88,"column":30}},"43":{"start":{"line":90,"column":2},"end":{"line":99,"column":3}},"44":{"start":{"line":91,"column":19},"end":{"line":91,"column":78}},"45":{"start":{"line":93,"column":4},"end":{"line":93,"column":33}},"46":{"start":{"line":95,"column":4},"end":{"line":95,"column":29}},"47":{"start":{"line":96,"column":4},"end":{"line":98,"column":7}},"48":{"start":{"line":102,"column":0},"end":{"line":120,"column":3}},"49":{"start":{"line":103,"column":17},"end":{"line":103,"column":34}},"50":{"start":{"line":105,"column":15},"end":{"line":105,"column":30}},"51":{"start":{"line":107,"column":2},"end":{"line":119,"column":3}},"52":{"start":{"line":108,"column":19},"end":{"line":111,"column":5}},"53":{"start":{"line":113,"column":4},"end":{"line":113,"column":33}},"54":{"start":{"line":115,"column":4},"end":{"line":115,"column":29}},"55":{"start":{"line":116,"column":4},"end":{"line":118,"column":7}},"56":{"start":{"line":122,"column":0},"end":{"line":124,"column":3}},"57":{"start":{"line":123,"column":2},"end":{"line":123,"column":12}},"58":{"start":{"line":126,"column":0},"end":{"line":143,"column":3}},"59":{"start":{"line":127,"column":17},"end":{"line":127,"column":34}},"60":{"start":{"line":129,"column":2},"end":{"line":142,"column":3}},"61":{"start":{"line":130,"column":19},"end":{"line":130,"column":67}},"62":{"start":{"line":132,"column":4},"end":{"line":132,"column":56}},"63":{"start":{"line":134,"column":4},"end":{"line":134,"column":55}},"64":{"start":{"line":136,"column":4},"end":{"line":136,"column":33}},"65":{"start":{"line":138,"column":4},"end":{"line":138,"column":29}},"66":{"start":{"line":139,"column":4},"end":{"line":141,"column":7}},"67":{"start":{"line":145,"column":0},"end":{"line":145,"column":24}}},"fnMap":{"0":{"name":"(anonymous_0)","decl":{"start":{"line":10,"column":25},"end":{"line":10,"column":26}},"loc":{"start":{"line":10,"column":45},"end":{"line":39,"column":1}},"line":10},"1":{"name":"(anonymous_1)","decl":{"start":{"line":41,"column":22},"end":{"line":41,"column":23}},"loc":{"start":{"line":41,"column":42},"end":{"line":68,"column":1}},"line":41},"2":{"name":"(anonymous_2)","decl":{"start":{"line":70,"column":23},"end":{"line":70,"column":24}},"loc":{"start":{"line":70,"column":43},"end":{"line":83,"column":1}},"line":70},"3":{"name":"(anonymous_3)","decl":{"start":{"line":85,"column":36},"end":{"line":85,"column":37}},"loc":{"start":{"line":85,"column":56},"end":{"line":100,"column":1}},"line":85},"4":{"name":"(anonymous_4)","decl":{"start":{"line":102,"column":39},"end":{"line":102,"column":40}},"loc":{"start":{"line":102,"column":59},"end":{"line":120,"column":1}},"line":102},"5":{"name":"(anonymous_5)","decl":{"start":{"line":122,"column":22},"end":{"line":122,"column":23}},"loc":{"start":{"line":122,"column":36},"end":{"line":124,"column":1}},"line":122},"6":{"name":"(anonymous_6)","decl":{"start":{"line":126,"column":26},"end":{"line":126,"column":27}},"loc":{"start":{"line":126,"column":46},"end":{"line":143,"column":1}},"line":126}},"branchMap":{"0":{"loc":{"start":{"line":49,"column":4},"end":{"line":57,"column":5}},"type":"if","locations":[{"start":{"line":49,"column":4},"end":{"line":57,"column":5}},{"start":{},"end":{}}],"line":49},"1":{"loc":{"start":{"line":52,"column":6},"end":{"line":56,"column":7}},"type":"if","locations":[{"start":{"line":52,"column":6},"end":{"line":56,"column":7}},{"start":{},"end":{}}],"line":52}},"s":{"0":13,"1":13,"2":13,"3":13,"4":13,"5":13,"6":13,"7":13,"8":13,"9":34,"10":34,"11":34,"12":34,"13":33,"14":33,"15":33,"16":33,"17":1,"18":1,"19":13,"20":5,"21":5,"22":5,"23":5,"24":5,"25":4,"26":4,"27":2,"28":2,"29":5,"30":3,"31":2,"32":2,"33":13,"34":2,"35":2,"36":2,"37":2,"38":0,"39":0,"40":13,"41":2,"42":2,"43":2,"44":2,"45":1,"46":1,"47":1,"48":13,"49":2,"50":2,"51":2,"52":2,"53":1,"54":1,"55":1,"56":13,"57":0,"58":13,"59":1,"60":1,"61":1,"62":1,"63":1,"64":1,"65":0,"66":0,"67":13},"f":{"0":34,"1":5,"2":2,"3":2,"4":2,"5":0,"6":1},"b":{"0":[4,1],"1":[2,2]},"_coverageSchema":"1a1c01bbd47fc00a2c39e90264f33305004495a9","hash":"feb27f8f1aa7a100d850de7430dc0e7cea0785b7"}
,"/Users/beatrisilieve/VSC/ReactGems/server/src/controllers/userPersonalInformationController.js": {"path":"/Users/beatrisilieve/VSC/ReactGems/server/src/controllers/userPersonalInformationController.js","statementMap":{"0":{"start":{"line":1,"column":15},"end":{"line":1,"column":42}},"1":{"start":{"line":2,"column":39},"end":{"line":2,"column":92}},"2":{"start":{"line":4,"column":0},"end":{"line":17,"column":3}},"3":{"start":{"line":5,"column":17},"end":{"line":5,"column":34}},"4":{"start":{"line":7,"column":2},"end":{"line":16,"column":3}},"5":{"start":{"line":8,"column":19},"end":{"line":8,"column":68}},"6":{"start":{"line":10,"column":4},"end":{"line":10,"column":33}},"7":{"start":{"line":12,"column":4},"end":{"line":12,"column":21}},"8":{"start":{"line":13,"column":4},"end":{"line":15,"column":7}},"9":{"start":{"line":19,"column":0},"end":{"line":34,"column":3}},"10":{"start":{"line":20,"column":17},"end":{"line":20,"column":34}},"11":{"start":{"line":22,"column":15},"end":{"line":22,"column":30}},"12":{"start":{"line":24,"column":2},"end":{"line":33,"column":3}},"13":{"start":{"line":25,"column":19},"end":{"line":25,"column":76}},"14":{"start":{"line":27,"column":4},"end":{"line":27,"column":33}},"15":{"start":{"line":29,"column":4},"end":{"line":29,"column":21}},"16":{"start":{"line":30,"column":4},"end":{"line":32,"column":7}},"17":{"start":{"line":36,"column":0},"end":{"line":36,"column":24}}},"fnMap":{"0":{"name":"(anonymous_0)","decl":{"start":{"line":4,"column":23},"end":{"line":4,"column":24}},"loc":{"start":{"line":4,"column":43},"end":{"line":17,"column":1}},"line":4},"1":{"name":"(anonymous_1)","decl":{"start":{"line":19,"column":23},"end":{"line":19,"column":24}},"loc":{"start":{"line":19,"column":43},"end":{"line":34,"column":1}},"line":19}},"branchMap":{},"s":{"0":13,"1":13,"2":13,"3":0,"4":0,"5":0,"6":0,"7":0,"8":0,"9":13,"10":2,"11":2,"12":2,"13":2,"14":1,"15":1,"16":1,"17":13},"f":{"0":0,"1":2},"b":{},"_coverageSchema":"1a1c01bbd47fc00a2c39e90264f33305004495a9","hash":"298791ebd37f5705b821a380b41b78421b7db098"}
,"/Users/beatrisilieve/VSC/ReactGems/server/src/controllers/wishlistController.js": {"path":"/Users/beatrisilieve/VSC/ReactGems/server/src/controllers/wishlistController.js","statementMap":{"0":{"start":{"line":1,"column":15},"end":{"line":1,"column":42}},"1":{"start":{"line":2,"column":24},"end":{"line":2,"column":62}},"2":{"start":{"line":4,"column":0},"end":{"line":28,"column":3}},"3":{"start":{"line":6,"column":2},"end":{"line":6,"column":35}},"4":{"start":{"line":8,"column":2},"end":{"line":12,"column":3}},"5":{"start":{"line":9,"column":4},"end":{"line":9,"column":26}},"6":{"start":{"line":11,"column":4},"end":{"line":11,"column":38}},"7":{"start":{"line":14,"column":15},"end":{"line":14,"column":25}},"8":{"start":{"line":16,"column":2},"end":{"line":27,"column":3}},"9":{"start":{"line":17,"column":19},"end":{"line":17,"column":54}},"10":{"start":{"line":19,"column":4},"end":{"line":19,"column":24}},"11":{"start":{"line":21,"column":4},"end":{"line":21,"column":33}},"12":{"start":{"line":23,"column":4},"end":{"line":23,"column":21}},"13":{"start":{"line":24,"column":4},"end":{"line":26,"column":7}},"14":{"start":{"line":30,"column":0},"end":{"line":49,"column":3}},"15":{"start":{"line":33,"column":2},"end":{"line":37,"column":3}},"16":{"start":{"line":34,"column":4},"end":{"line":34,"column":26}},"17":{"start":{"line":36,"column":4},"end":{"line":36,"column":38}},"18":{"start":{"line":39,"column":2},"end":{"line":48,"column":3}},"19":{"start":{"line":40,"column":19},"end":{"line":40,"column":58}},"20":{"start":{"line":42,"column":4},"end":{"line":42,"column":33}},"21":{"start":{"line":44,"column":4},"end":{"line":44,"column":21}},"22":{"start":{"line":45,"column":4},"end":{"line":47,"column":7}},"23":{"start":{"line":51,"column":0},"end":{"line":74,"column":3}},"24":{"start":{"line":54,"column":2},"end":{"line":58,"column":3}},"25":{"start":{"line":55,"column":4},"end":{"line":55,"column":26}},"26":{"start":{"line":57,"column":4},"end":{"line":57,"column":38}},"27":{"start":{"line":60,"column":20},"end":{"line":60,"column":48}},"28":{"start":{"line":62,"column":15},"end":{"line":62,"column":51}},"29":{"start":{"line":64,"column":2},"end":{"line":73,"column":3}},"30":{"start":{"line":65,"column":19},"end":{"line":65,"column":53}},"31":{"start":{"line":67,"column":4},"end":{"line":67,"column":33}},"32":{"start":{"line":69,"column":4},"end":{"line":69,"column":21}},"33":{"start":{"line":70,"column":4},"end":{"line":72,"column":7}},"34":{"start":{"line":76,"column":0},"end":{"line":99,"column":3}},"35":{"start":{"line":79,"column":2},"end":{"line":83,"column":3}},"36":{"start":{"line":80,"column":4},"end":{"line":80,"column":26}},"37":{"start":{"line":82,"column":4},"end":{"line":82,"column":38}},"38":{"start":{"line":85,"column":20},"end":{"line":85,"column":48}},"39":{"start":{"line":87,"column":15},"end":{"line":87,"column":51}},"40":{"start":{"line":89,"column":2},"end":{"line":98,"column":3}},"41":{"start":{"line":90,"column":19},"end":{"line":90,"column":53}},"42":{"start":{"line":92,"column":4},"end":{"line":92,"column":33}},"43":{"start":{"line":94,"column":4},"end":{"line":94,"column":21}},"44":{"start":{"line":95,"column":4},"end":{"line":97,"column":7}},"45":{"start":{"line":101,"column":0},"end":{"line":101,"column":24}}},"fnMap":{"0":{"name":"(anonymous_0)","decl":{"start":{"line":4,"column":24},"end":{"line":4,"column":25}},"loc":{"start":{"line":4,"column":44},"end":{"line":28,"column":1}},"line":4},"1":{"name":"(anonymous_1)","decl":{"start":{"line":30,"column":26},"end":{"line":30,"column":27}},"loc":{"start":{"line":30,"column":46},"end":{"line":49,"column":1}},"line":30},"2":{"name":"(anonymous_2)","decl":{"start":{"line":51,"column":34},"end":{"line":51,"column":35}},"loc":{"start":{"line":51,"column":54},"end":{"line":74,"column":1}},"line":51},"3":{"name":"(anonymous_3)","decl":{"start":{"line":76,"column":36},"end":{"line":76,"column":37}},"loc":{"start":{"line":76,"column":56},"end":{"line":99,"column":1}},"line":76}},"branchMap":{"0":{"loc":{"start":{"line":8,"column":2},"end":{"line":12,"column":3}},"type":"if","locations":[{"start":{"line":8,"column":2},"end":{"line":12,"column":3}},{"start":{"line":10,"column":9},"end":{"line":12,"column":3}}],"line":8},"1":{"loc":{"start":{"line":33,"column":2},"end":{"line":37,"column":3}},"type":"if","locations":[{"start":{"line":33,"column":2},"end":{"line":37,"column":3}},{"start":{"line":35,"column":9},"end":{"line":37,"column":3}}],"line":33},"2":{"loc":{"start":{"line":54,"column":2},"end":{"line":58,"column":3}},"type":"if","locations":[{"start":{"line":54,"column":2},"end":{"line":58,"column":3}},{"start":{"line":56,"column":9},"end":{"line":58,"column":3}}],"line":54},"3":{"loc":{"start":{"line":79,"column":2},"end":{"line":83,"column":3}},"type":"if","locations":[{"start":{"line":79,"column":2},"end":{"line":83,"column":3}},{"start":{"line":81,"column":9},"end":{"line":83,"column":3}}],"line":79}},"s":{"0":13,"1":13,"2":13,"3":1,"4":1,"5":0,"6":1,"7":1,"8":1,"9":1,"10":1,"11":1,"12":0,"13":0,"14":13,"15":1,"16":0,"17":1,"18":1,"19":1,"20":1,"21":0,"22":0,"23":13,"24":6,"25":0,"26":6,"27":6,"28":6,"29":6,"30":6,"31":6,"32":0,"33":0,"34":13,"35":1,"36":0,"37":1,"38":1,"39":1,"40":1,"41":1,"42":1,"43":0,"44":0,"45":13},"f":{"0":1,"1":1,"2":6,"3":1},"b":{"0":[0,1],"1":[0,1],"2":[0,6],"3":[0,1]},"_coverageSchema":"1a1c01bbd47fc00a2c39e90264f33305004495a9","hash":"5fd1d087eac904c8c62c98f779326f047178a17e"}
,"/Users/beatrisilieve/VSC/ReactGems/server/src/lib/jwt.js": {"path":"/Users/beatrisilieve/VSC/ReactGems/server/src/lib/jwt.js","statementMap":{"0":{"start":{"line":1,"column":20},"end":{"line":1,"column":35}},"1":{"start":{"line":2,"column":21},"end":{"line":2,"column":44}},"2":{"start":{"line":4,"column":12},"end":{"line":7,"column":1}},"3":{"start":{"line":9,"column":0},"end":{"line":9,"column":21}}},"fnMap":{},"branchMap":{},"s":{"0":13,"1":13,"2":13,"3":13},"f":{},"b":{},"_coverageSchema":"1a1c01bbd47fc00a2c39e90264f33305004495a9","hash":"a5e702dc9b1d152c0d1bac33b120b2d4ba6298f5"}
,"/Users/beatrisilieve/VSC/ReactGems/server/src/managers/bagManager.js": {"path":"/Users/beatrisilieve/VSC/ReactGems/server/src/managers/bagManager.js","statementMap":{"0":{"start":{"line":1,"column":12},"end":{"line":1,"column":36}},"1":{"start":{"line":2,"column":18},"end":{"line":2,"column":48}},"2":{"start":{"line":8,"column":4},"end":{"line":8,"column":31}},"3":{"start":{"line":10,"column":15},"end":{"line":18,"column":1}},"4":{"start":{"line":11,"column":18},"end":{"line":15,"column":4}},"5":{"start":{"line":17,"column":2},"end":{"line":17,"column":17}},"6":{"start":{"line":20,"column":15},"end":{"line":38,"column":1}},"7":{"start":{"line":26,"column":2},"end":{"line":31,"column":5}},"8":{"start":{"line":33,"column":2},"end":{"line":37,"column":4}},"9":{"start":{"line":40,"column":17},"end":{"line":48,"column":1}},"10":{"start":{"line":41,"column":16},"end":{"line":41,"column":41}},"11":{"start":{"line":43,"column":22},"end":{"line":43,"column":38}},"12":{"start":{"line":45,"column":26},"end":{"line":45,"column":60}},"13":{"start":{"line":47,"column":2},"end":{"line":47,"column":39}},"14":{"start":{"line":50,"column":17},"end":{"line":58,"column":1}},"15":{"start":{"line":51,"column":16},"end":{"line":51,"column":41}},"16":{"start":{"line":53,"column":22},"end":{"line":53,"column":38}},"17":{"start":{"line":55,"column":26},"end":{"line":55,"column":60}},"18":{"start":{"line":57,"column":2},"end":{"line":57,"column":39}},"19":{"start":{"line":60,"column":15},"end":{"line":107,"column":1}},"20":{"start":{"line":61,"column":18},"end":{"line":61,"column":47}},"21":{"start":{"line":63,"column":17},"end":{"line":63,"column":37}},"22":{"start":{"line":65,"column":31},"end":{"line":65,"column":47}},"23":{"start":{"line":67,"column":20},"end":{"line":67,"column":43}},"24":{"start":{"line":69,"column":24},"end":{"line":72,"column":4}},"25":{"start":{"line":74,"column":19},"end":{"line":74,"column":46}},"26":{"start":{"line":76,"column":28},"end":{"line":76,"column":59}},"27":{"start":{"line":78,"column":2},"end":{"line":106,"column":3}},"28":{"start":{"line":79,"column":4},"end":{"line":79,"column":58}},"29":{"start":{"line":80,"column":9},"end":{"line":106,"column":3}},"30":{"start":{"line":81,"column":4},"end":{"line":83,"column":6}},"31":{"start":{"line":85,"column":4},"end":{"line":85,"column":59}},"32":{"start":{"line":89,"column":4},"end":{"line":95,"column":5}},"33":{"start":{"line":90,"column":6},"end":{"line":90,"column":58}},"34":{"start":{"line":91,"column":6},"end":{"line":91,"column":42}},"35":{"start":{"line":93,"column":6},"end":{"line":93,"column":58}},"36":{"start":{"line":94,"column":6},"end":{"line":94,"column":42}},"37":{"start":{"line":97,"column":4},"end":{"line":101,"column":6}},"38":{"start":{"line":103,"column":4},"end":{"line":105,"column":5}},"39":{"start":{"line":104,"column":6},"end":{"line":104,"column":32}},"40":{"start":{"line":109,"column":18},"end":{"line":134,"column":1}},"41":{"start":{"line":110,"column":18},"end":{"line":110,"column":47}},"42":{"start":{"line":112,"column":17},"end":{"line":112,"column":37}},"43":{"start":{"line":114,"column":31},"end":{"line":114,"column":47}},"44":{"start":{"line":116,"column":20},"end":{"line":116,"column":43}},"45":{"start":{"line":118,"column":24},"end":{"line":121,"column":4}},"46":{"start":{"line":123,"column":19},"end":{"line":123,"column":46}},"47":{"start":{"line":125,"column":28},"end":{"line":125,"column":59}},"48":{"start":{"line":127,"column":2},"end":{"line":131,"column":4}},"49":{"start":{"line":133,"column":2},"end":{"line":133,"column":28}},"50":{"start":{"line":136,"column":16},"end":{"line":277,"column":1}},"51":{"start":{"line":137,"column":15},"end":{"line":275,"column":4}},"52":{"start":{"line":276,"column":2},"end":{"line":276,"column":16}},"53":{"start":{"line":279,"column":0},"end":{"line":287,"column":2}}},"fnMap":{"0":{"name":"(anonymous_0)","decl":{"start":{"line":10,"column":15},"end":{"line":10,"column":16}},"loc":{"start":{"line":10,"column":56},"end":{"line":18,"column":1}},"line":10},"1":{"name":"(anonymous_1)","decl":{"start":{"line":20,"column":15},"end":{"line":20,"column":16}},"loc":{"start":{"line":25,"column":6},"end":{"line":38,"column":1}},"line":25},"2":{"name":"(anonymous_2)","decl":{"start":{"line":40,"column":17},"end":{"line":40,"column":18}},"loc":{"start":{"line":40,"column":34},"end":{"line":48,"column":1}},"line":40},"3":{"name":"(anonymous_3)","decl":{"start":{"line":50,"column":17},"end":{"line":50,"column":18}},"loc":{"start":{"line":50,"column":34},"end":{"line":58,"column":1}},"line":50},"4":{"name":"(anonymous_4)","decl":{"start":{"line":60,"column":15},"end":{"line":60,"column":16}},"loc":{"start":{"line":60,"column":53},"end":{"line":107,"column":1}},"line":60},"5":{"name":"(anonymous_5)","decl":{"start":{"line":109,"column":18},"end":{"line":109,"column":19}},"loc":{"start":{"line":109,"column":39},"end":{"line":134,"column":1}},"line":109},"6":{"name":"(anonymous_6)","decl":{"start":{"line":136,"column":16},"end":{"line":136,"column":17}},"loc":{"start":{"line":136,"column":34},"end":{"line":277,"column":1}},"line":136}},"branchMap":{"0":{"loc":{"start":{"line":74,"column":19},"end":{"line":74,"column":46}},"type":"binary-expr","locations":[{"start":{"line":74,"column":19},"end":{"line":74,"column":41}},{"start":{"line":74,"column":45},"end":{"line":74,"column":46}}],"line":74},"1":{"loc":{"start":{"line":78,"column":2},"end":{"line":106,"column":3}},"type":"if","locations":[{"start":{"line":78,"column":2},"end":{"line":106,"column":3}},{"start":{"line":80,"column":9},"end":{"line":106,"column":3}}],"line":78},"2":{"loc":{"start":{"line":80,"column":9},"end":{"line":106,"column":3}},"type":"if","locations":[{"start":{"line":80,"column":9},"end":{"line":106,"column":3}},{"start":{"line":84,"column":9},"end":{"line":106,"column":3}}],"line":80},"3":{"loc":{"start":{"line":89,"column":4},"end":{"line":95,"column":5}},"type":"if","locations":[{"start":{"line":89,"column":4},"end":{"line":95,"column":5}},{"start":{"line":92,"column":11},"end":{"line":95,"column":5}}],"line":89},"4":{"loc":{"start":{"line":103,"column":4},"end":{"line":105,"column":5}},"type":"if","locations":[{"start":{"line":103,"column":4},"end":{"line":105,"column":5}},{"start":{},"end":{}}],"line":103},"5":{"loc":{"start":{"line":123,"column":19},"end":{"line":123,"column":46}},"type":"binary-expr","locations":[{"start":{"line":123,"column":19},"end":{"line":123,"column":41}},{"start":{"line":123,"column":45},"end":{"line":123,"column":46}}],"line":123}},"s":{"0":13,"1":13,"2":13,"3":13,"4":15,"5":15,"6":13,"7":10,"8":10,"9":13,"10":3,"11":3,"12":2,"13":2,"14":13,"15":1,"16":1,"17":1,"18":1,"19":13,"20":3,"21":3,"22":3,"23":3,"24":3,"25":3,"26":3,"27":3,"28":0,"29":3,"30":0,"31":3,"32":3,"33":1,"34":1,"35":2,"36":2,"37":3,"38":3,"39":2,"40":13,"41":1,"42":1,"43":1,"44":1,"45":1,"46":1,"47":1,"48":1,"49":1,"50":13,"51":4,"52":4,"53":13},"f":{"0":15,"1":10,"2":3,"3":1,"4":3,"5":1,"6":4},"b":{"0":[3,0],"1":[0,3],"2":[0,3],"3":[1,2],"4":[2,1],"5":[1,0]},"_coverageSchema":"1a1c01bbd47fc00a2c39e90264f33305004495a9","hash":"2d24202343f274693661ea05c983636b847cf852"}
,"/Users/beatrisilieve/VSC/ReactGems/server/src/managers/jewelryCollectionManager.js": {"path":"/Users/beatrisilieve/VSC/ReactGems/server/src/managers/jewelryCollectionManager.js","statementMap":{"0":{"start":{"line":1,"column":16},"end":{"line":1,"column":44}},"1":{"start":{"line":3,"column":0},"end":{"line":186,"column":2}},"2":{"start":{"line":4,"column":16},"end":{"line":166,"column":3}},"3":{"start":{"line":168,"column":21},"end":{"line":171,"column":3}},"4":{"start":{"line":173,"column":17},"end":{"line":180,"column":4}},"5":{"start":{"line":182,"column":2},"end":{"line":185,"column":4}}},"fnMap":{"0":{"name":"(anonymous_0)","decl":{"start":{"line":3,"column":18},"end":{"line":3,"column":19}},"loc":{"start":{"line":3,"column":34},"end":{"line":186,"column":1}},"line":3}},"branchMap":{"0":{"loc":{"start":{"line":184,"column":16},"end":{"line":184,"column":70}},"type":"cond-expr","locations":[{"start":{"line":184,"column":37},"end":{"line":184,"column":66}},{"start":{"line":184,"column":69},"end":{"line":184,"column":70}}],"line":184}},"s":{"0":13,"1":13,"2":1,"3":1,"4":1,"5":1},"f":{"0":1},"b":{"0":[1,0]},"_coverageSchema":"1a1c01bbd47fc00a2c39e90264f33305004495a9","hash":"70869b9ff7f6c81e2340556910611c98068e0262"}
,"/Users/beatrisilieve/VSC/ReactGems/server/src/managers/jewelryManager.js": {"path":"/Users/beatrisilieve/VSC/ReactGems/server/src/managers/jewelryManager.js","statementMap":{"0":{"start":{"line":1,"column":16},"end":{"line":1,"column":44}},"1":{"start":{"line":3,"column":0},"end":{"line":199,"column":2}},"2":{"start":{"line":4,"column":16},"end":{"line":179,"column":3}},"3":{"start":{"line":181,"column":21},"end":{"line":184,"column":3}},"4":{"start":{"line":186,"column":17},"end":{"line":193,"column":4}},"5":{"start":{"line":195,"column":2},"end":{"line":198,"column":4}},"6":{"start":{"line":201,"column":0},"end":{"line":336,"column":2}},"7":{"start":{"line":202,"column":17},"end":{"line":334,"column":4}},"8":{"start":{"line":335,"column":2},"end":{"line":335,"column":16}}},"fnMap":{"0":{"name":"(anonymous_0)","decl":{"start":{"line":3,"column":18},"end":{"line":3,"column":19}},"loc":{"start":{"line":3,"column":34},"end":{"line":199,"column":1}},"line":3},"1":{"name":"(anonymous_1)","decl":{"start":{"line":201,"column":18},"end":{"line":201,"column":19}},"loc":{"start":{"line":201,"column":34},"end":{"line":336,"column":1}},"line":201}},"branchMap":{"0":{"loc":{"start":{"line":197,"column":16},"end":{"line":197,"column":70}},"type":"cond-expr","locations":[{"start":{"line":197,"column":37},"end":{"line":197,"column":66}},{"start":{"line":197,"column":69},"end":{"line":197,"column":70}}],"line":197}},"s":{"0":13,"1":13,"2":1,"3":1,"4":1,"5":1,"6":13,"7":1,"8":1},"f":{"0":1,"1":1},"b":{"0":[1,0]},"_coverageSchema":"1a1c01bbd47fc00a2c39e90264f33305004495a9","hash":"bb4b9d95976aa54c8115c81635eeac4d4b7c08d3"}
,"/Users/beatrisilieve/VSC/ReactGems/server/src/managers/jewelrySuggestionManager.js": {"path":"/Users/beatrisilieve/VSC/ReactGems/server/src/managers/jewelrySuggestionManager.js","statementMap":{"0":{"start":{"line":1,"column":16},"end":{"line":1,"column":44}},"1":{"start":{"line":2,"column":27},"end":{"line":2,"column":61}},"2":{"start":{"line":3,"column":31},"end":{"line":3,"column":69}},"3":{"start":{"line":5,"column":0},"end":{"line":138,"column":2}},"4":{"start":{"line":6,"column":18},"end":{"line":6,"column":51}},"5":{"start":{"line":8,"column":21},"end":{"line":8,"column":37}},"6":{"start":{"line":10,"column":23},"end":{"line":10,"column":48}},"7":{"start":{"line":12,"column":22},"end":{"line":12,"column":54}},"8":{"start":{"line":14,"column":17},"end":{"line":46,"column":4}},"9":{"start":{"line":48,"column":19},"end":{"line":48,"column":45}},"10":{"start":{"line":50,"column":17},"end":{"line":135,"column":4}},"11":{"start":{"line":137,"column":2},"end":{"line":137,"column":16}}},"fnMap":{"0":{"name":"(anonymous_0)","decl":{"start":{"line":5,"column":18},"end":{"line":5,"column":19}},"loc":{"start":{"line":5,"column":39},"end":{"line":138,"column":1}},"line":5}},"branchMap":{},"s":{"0":13,"1":13,"2":13,"3":13,"4":1,"5":1,"6":1,"7":1,"8":1,"9":1,"10":1,"11":1},"f":{"0":1},"b":{},"_coverageSchema":"1a1c01bbd47fc00a2c39e90264f33305004495a9","hash":"d11cf8b48106ffcd7dae6c6833e1abb0e19d8a44"}
,"/Users/beatrisilieve/VSC/ReactGems/server/src/managers/orderConfirmationManager.js": {"path":"/Users/beatrisilieve/VSC/ReactGems/server/src/managers/orderConfirmationManager.js","statementMap":{"0":{"start":{"line":1,"column":14},"end":{"line":1,"column":40}},"1":{"start":{"line":2,"column":19},"end":{"line":2,"column":52}},"2":{"start":{"line":4,"column":0},"end":{"line":19,"column":2}},"3":{"start":{"line":5,"column":20},"end":{"line":5,"column":52}},"4":{"start":{"line":7,"column":16},"end":{"line":10,"column":4}},"5":{"start":{"line":12,"column":2},"end":{"line":12,"column":43}},"6":{"start":{"line":14,"column":2},"end":{"line":14,"column":48}},"7":{"start":{"line":16,"column":2},"end":{"line":16,"column":21}},"8":{"start":{"line":18,"column":2},"end":{"line":18,"column":15}},"9":{"start":{"line":21,"column":0},"end":{"line":24,"column":2}},"10":{"start":{"line":22,"column":16},"end":{"line":22,"column":77}},"11":{"start":{"line":23,"column":2},"end":{"line":23,"column":15}}},"fnMap":{"0":{"name":"(anonymous_0)","decl":{"start":{"line":4,"column":17},"end":{"line":4,"column":18}},"loc":{"start":{"line":4,"column":35},"end":{"line":19,"column":1}},"line":4},"1":{"name":"(anonymous_1)","decl":{"start":{"line":21,"column":17},"end":{"line":21,"column":18}},"loc":{"start":{"line":21,"column":35},"end":{"line":24,"column":1}},"line":21}},"branchMap":{},"s":{"0":13,"1":13,"2":13,"3":3,"4":3,"5":3,"6":3,"7":3,"8":3,"9":13,"10":2,"11":2},"f":{"0":3,"1":2},"b":{},"_coverageSchema":"1a1c01bbd47fc00a2c39e90264f33305004495a9","hash":"cace33c637fca64086f21c5c51d0e2369f62384d"}
,"/Users/beatrisilieve/VSC/ReactGems/server/src/managers/paymentManager.js": {"path":"/Users/beatrisilieve/VSC/ReactGems/server/src/managers/paymentManager.js","statementMap":{"0":{"start":{"line":1,"column":0},"end":{"line":27,"column":2}},"1":{"start":{"line":8,"column":15},"end":{"line":8,"column":50}},"2":{"start":{"line":9,"column":25},"end":{"line":9,"column":53}},"3":{"start":{"line":11,"column":31},"end":{"line":11,"column":41}},"4":{"start":{"line":12,"column":21},"end":{"line":12,"column":30}},"5":{"start":{"line":13,"column":32},"end":{"line":13,"column":48}},"6":{"start":{"line":14,"column":32},"end":{"line":14,"column":54}},"7":{"start":{"line":16,"column":2},"end":{"line":26,"column":3}},"8":{"start":{"line":17,"column":4},"end":{"line":17,"column":73}},"9":{"start":{"line":18,"column":9},"end":{"line":26,"column":3}},"10":{"start":{"line":19,"column":4},"end":{"line":19,"column":69}},"11":{"start":{"line":20,"column":9},"end":{"line":26,"column":3}},"12":{"start":{"line":21,"column":4},"end":{"line":21,"column":74}},"13":{"start":{"line":22,"column":9},"end":{"line":26,"column":3}},"14":{"start":{"line":23,"column":4},"end":{"line":23,"column":46}},"15":{"start":{"line":24,"column":9},"end":{"line":26,"column":3}},"16":{"start":{"line":25,"column":4},"end":{"line":25,"column":53}},"17":{"start":{"line":30,"column":24},"end":{"line":32,"column":36}},"18":{"start":{"line":32,"column":18},"end":{"line":32,"column":35}},"19":{"start":{"line":33,"column":21},"end":{"line":33,"column":64}},"20":{"start":{"line":35,"column":22},"end":{"line":35,"column":32}},"21":{"start":{"line":37,"column":2},"end":{"line":41,"column":3}},"22":{"start":{"line":38,"column":4},"end":{"line":38,"column":16}},"23":{"start":{"line":40,"column":4},"end":{"line":40,"column":17}}},"fnMap":{"0":{"name":"(anonymous_0)","decl":{"start":{"line":1,"column":28},"end":{"line":1,"column":29}},"loc":{"start":{"line":7,"column":5},"end":{"line":27,"column":1}},"line":7},"1":{"name":"isCardExpired","decl":{"start":{"line":29,"column":9},"end":{"line":29,"column":22}},"loc":{"start":{"line":29,"column":39},"end":{"line":42,"column":1}},"line":29},"2":{"name":"(anonymous_2)","decl":{"start":{"line":32,"column":9},"end":{"line":32,"column":10}},"loc":{"start":{"line":32,"column":18},"end":{"line":32,"column":35}},"line":32}},"branchMap":{"0":{"loc":{"start":{"line":16,"column":2},"end":{"line":26,"column":3}},"type":"if","locations":[{"start":{"line":16,"column":2},"end":{"line":26,"column":3}},{"start":{"line":18,"column":9},"end":{"line":26,"column":3}}],"line":16},"1":{"loc":{"start":{"line":18,"column":9},"end":{"line":26,"column":3}},"type":"if","locations":[{"start":{"line":18,"column":9},"end":{"line":26,"column":3}},{"start":{"line":20,"column":9},"end":{"line":26,"column":3}}],"line":18},"2":{"loc":{"start":{"line":20,"column":9},"end":{"line":26,"column":3}},"type":"if","locations":[{"start":{"line":20,"column":9},"end":{"line":26,"column":3}},{"start":{"line":22,"column":9},"end":{"line":26,"column":3}}],"line":20},"3":{"loc":{"start":{"line":22,"column":9},"end":{"line":26,"column":3}},"type":"if","locations":[{"start":{"line":22,"column":9},"end":{"line":26,"column":3}},{"start":{"line":24,"column":9},"end":{"line":26,"column":3}}],"line":22},"4":{"loc":{"start":{"line":24,"column":9},"end":{"line":26,"column":3}},"type":"if","locations":[{"start":{"line":24,"column":9},"end":{"line":26,"column":3}},{"start":{},"end":{}}],"line":24},"5":{"loc":{"start":{"line":37,"column":2},"end":{"line":41,"column":3}},"type":"if","locations":[{"start":{"line":37,"column":2},"end":{"line":41,"column":3}},{"start":{"line":39,"column":9},"end":{"line":41,"column":3}}],"line":37}},"s":{"0":13,"1":7,"2":6,"3":6,"4":6,"5":6,"6":6,"7":6,"8":1,"9":5,"10":1,"11":4,"12":1,"13":3,"14":0,"15":3,"16":0,"17":3,"18":6,"19":3,"20":3,"21":3,"22":0,"23":3},"f":{"0":7,"1":3,"2":6},"b":{"0":[1,5],"1":[1,4],"2":[1,3],"3":[0,3],"4":[0,3],"5":[0,3]},"_coverageSchema":"1a1c01bbd47fc00a2c39e90264f33305004495a9","hash":"094b2f5fb656933d0c8a174e1b2a9d917db80845"}
,"/Users/beatrisilieve/VSC/ReactGems/server/src/managers/searchManager.js": {"path":"/Users/beatrisilieve/VSC/ReactGems/server/src/managers/searchManager.js","statementMap":{"0":{"start":{"line":1,"column":16},"end":{"line":1,"column":44}},"1":{"start":{"line":3,"column":0},"end":{"line":141,"column":2}},"2":{"start":{"line":4,"column":22},"end":{"line":7,"column":38}},"3":{"start":{"line":6,"column":19},"end":{"line":6,"column":30}},"4":{"start":{"line":7,"column":22},"end":{"line":7,"column":37}},"5":{"start":{"line":8,"column":21},"end":{"line":8,"column":69}},"6":{"start":{"line":8,"column":47},"end":{"line":8,"column":68}},"7":{"start":{"line":10,"column":23},"end":{"line":138,"column":4}},"8":{"start":{"line":85,"column":40},"end":{"line":94,"column":11}},"9":{"start":{"line":140,"column":2},"end":{"line":140,"column":22}}},"fnMap":{"0":{"name":"(anonymous_0)","decl":{"start":{"line":3,"column":18},"end":{"line":3,"column":19}},"loc":{"start":{"line":3,"column":36},"end":{"line":141,"column":1}},"line":3},"1":{"name":"(anonymous_1)","decl":{"start":{"line":6,"column":9},"end":{"line":6,"column":10}},"loc":{"start":{"line":6,"column":19},"end":{"line":6,"column":30}},"line":6},"2":{"name":"(anonymous_2)","decl":{"start":{"line":7,"column":12},"end":{"line":7,"column":13}},"loc":{"start":{"line":7,"column":22},"end":{"line":7,"column":37}},"line":7},"3":{"name":"(anonymous_3)","decl":{"start":{"line":8,"column":37},"end":{"line":8,"column":38}},"loc":{"start":{"line":8,"column":47},"end":{"line":8,"column":68}},"line":8},"4":{"name":"(anonymous_4)","decl":{"start":{"line":85,"column":28},"end":{"line":85,"column":29}},"loc":{"start":{"line":85,"column":40},"end":{"line":94,"column":11}},"line":85}},"branchMap":{},"s":{"0":13,"1":13,"2":2,"3":3,"4":3,"5":2,"6":3,"7":2,"8":3,"9":2},"f":{"0":2,"1":3,"2":3,"3":3,"4":3},"b":{},"_coverageSchema":"1a1c01bbd47fc00a2c39e90264f33305004495a9","hash":"a25af8cb2ad43b48c81a5e7291e4fcc373e55c78"}
[...]
,"/Users/beatrisilieve/VSC/ReactGems/server/src/models/JewelryCollection.js": {"path":"/Users/beatrisilieve/VSC/ReactGems/server/src/models/JewelryCollection.js","statementMap":{"0":{"start":{"line":1,"column":17},"end":{"line":1,"column":36}},"1":{"start":{"line":3,"column":32},"end":{"line":12,"column":2}},"2":{"start":{"line":14,"column":0},"end":{"line":18,"column":3}},"3":{"start":{"line":15,"column":20},"end":{"line":15,"column":33}},"4":{"start":{"line":17,"column":2},"end":{"line":17,"column":23}},"5":{"start":{"line":20,"column":26},"end":{"line":20,"column":86}},"6":{"start":{"line":22,"column":0},"end":{"line":22,"column":35}},"7":{"start":{"line":24,"column":14},"end":{"line":36,"column":1}},"8":{"start":{"line":25,"column":2},"end":{"line":35,"column":3}},"9":{"start":{"line":26,"column":18},"end":{"line":26,"column":69}},"10":{"start":{"line":28,"column":4},"end":{"line":28,"column":25}},"11":{"start":{"line":30,"column":4},"end":{"line":30,"column":24}},"12":{"start":{"line":32,"column":4},"end":{"line":32,"column":18}},"13":{"start":{"line":34,"column":4},"end":{"line":34,"column":13}}},"fnMap":{"0":{"name":"(anonymous_0)","decl":{"start":{"line":14,"column":36},"end":{"line":14,"column":37}},"loc":{"start":{"line":14,"column":54},"end":{"line":18,"column":1}},"line":14},"1":{"name":"(anonymous_1)","decl":{"start":{"line":24,"column":14},"end":{"line":24,"column":15}},"loc":{"start":{"line":24,"column":26},"end":{"line":36,"column":1}},"line":24}},"branchMap":{},"s":{"0":13,"1":13,"2":13,"3":0,"4":0,"5":13,"6":13,"7":13,"8":0,"9":0,"10":0,"11":0,"12":0,"13":0},"f":{"0":0,"1":0},"b":{},"_coverageSchema":"1a1c01bbd47fc00a2c39e90264f33305004495a9","hash":"188459be29abb2e46eb84f029f79c2268b1f7b3f"}
,"/Users/beatrisilieve/VSC/ReactGems/server/src/models/JewelryStones.js": {"path":"/Users/beatrisilieve/VSC/ReactGems/server/src/models/JewelryStones.js","statementMap":{"0":{"start":{"line":1,"column":17},"end":{"line":1,"column":36}},"1":{"start":{"line":3,"column":28},"end":{"line":23,"column":2}},"2":{"start":{"line":25,"column":22},"end":{"line":25,"column":74}},"3":{"start":{"line":27,"column":0},"end":{"line":27,"column":31}}},"fnMap":{},"branchMap":{},"s":{"0":13,"1":13,"2":13,"3":13},"f":{},"b":{},"_coverageSchema":"1a1c01bbd47fc00a2c39e90264f33305004495a9","hash":"caab1571729a544073439e1788b0545f880a68c6"}
,"/Users/beatrisilieve/VSC/ReactGems/server/src/models/Order.js": {"path":"/Users/beatrisilieve/VSC/ReactGems/server/src/models/Order.js","statementMap":{"0":{"start":{"line":1,"column":17},"end":{"line":1,"column":36}},"1":{"start":{"line":3,"column":20},"end":{"line":21,"column":2}},"2":{"start":{"line":23,"column":14},"end":{"line":23,"column":50}},"3":{"start":{"line":25,"column":0},"end":{"line":25,"column":23}}},"fnMap":{},"branchMap":{},"s":{"0":13,"1":13,"2":13,"3":13},"f":{},"b":{},"_coverageSchema":"1a1c01bbd47fc00a2c39e90264f33305004495a9","hash":"63779fa614ff207b223aacb084063bfea9bf1209"}
,"/Users/beatrisilieve/VSC/ReactGems/server/src/models/UserAddressInformation.js": {"path":"/Users/beatrisilieve/VSC/ReactGems/server/src/models/UserAddressInformation.js","statementMap":{"0":{"start":{"line":1,"column":17},"end":{"line":1,"column":36}},"1":{"start":{"line":2,"column":45},"end":{"line":2,"column":73}},"2":{"start":{"line":3,"column":47},"end":{"line":3,"column":76}},"3":{"start":{"line":4,"column":49},"end":{"line":4,"column":79}},"4":{"start":{"line":8,"column":4},"end":{"line":8,"column":37}},"5":{"start":{"line":12,"column":4},"end":{"line":12,"column":35}},"6":{"start":{"line":14,"column":37},"end":{"line":42,"column":2}},"7":{"start":{"line":44,"column":0},"end":{"line":46,"column":3}},"8":{"start":{"line":45,"column":2},"end":{"line":45,"column":22}},"9":{"start":{"line":48,"column":31},"end":{"line":51,"column":1}},"10":{"start":{"line":53,"column":0},"end":{"line":53,"column":40}}},"fnMap":{"0":{"name":"(anonymous_0)","decl":{"start":{"line":44,"column":41},"end":{"line":44,"column":42}},"loc":{"start":{"line":44,"column":59},"end":{"line":46,"column":1}},"line":44}},"branchMap":{},"s":{"0":13,"1":13,"2":13,"3":13,"4":13,"5":13,"6":13,"7":13,"8":33,"9":13,"10":13},"f":{"0":33},"b":{},"_coverageSchema":"1a1c01bbd47fc00a2c39e90264f33305004495a9","hash":"ecdc169adf07ef524e42eb8e9ba0431cd1b0d493"}
,"/Users/beatrisilieve/VSC/ReactGems/server/src/models/UserLoginInformation.js": {"path":"/Users/beatrisilieve/VSC/ReactGems/server/src/models/UserLoginInformation.js","statementMap":{"0":{"start":{"line":1,"column":17},"end":{"line":1,"column":36}},"1":{"start":{"line":2,"column":15},"end":{"line":2,"column":32}},"2":{"start":{"line":7,"column":4},"end":{"line":7,"column":36}},"3":{"start":{"line":9,"column":47},"end":{"line":9,"column":76}},"4":{"start":{"line":11,"column":35},"end":{"line":31,"column":2}},"5":{"start":{"line":26,"column":8},"end":{"line":26,"column":44}},"6":{"start":{"line":33,"column":0},"end":{"line":35,"column":3}},"7":{"start":{"line":34,"column":2},"end":{"line":34,"column":22}},"8":{"start":{"line":37,"column":0},"end":{"line":41,"column":3}},"9":{"start":{"line":38,"column":15},"end":{"line":38,"column":61}},"10":{"start":{"line":40,"column":2},"end":{"line":40,"column":23}},"11":{"start":{"line":43,"column":29},"end":{"line":46,"column":1}},"12":{"start":{"line":48,"column":0},"end":{"line":48,"column":38}}},"fnMap":{"0":{"name":"(anonymous_0)","decl":{"start":{"line":25,"column":17},"end":{"line":25,"column":18}},"loc":{"start":{"line":25,"column":34},"end":{"line":27,"column":7}},"line":25},"1":{"name":"(anonymous_1)","decl":{"start":{"line":33,"column":39},"end":{"line":33,"column":40}},"loc":{"start":{"line":33,"column":57},"end":{"line":35,"column":1}},"line":33},"2":{"name":"(anonymous_2)","decl":{"start":{"line":37,"column":39},"end":{"line":37,"column":40}},"loc":{"start":{"line":37,"column":57},"end":{"line":41,"column":1}},"line":37}},"branchMap":{},"s":{"0":13,"1":13,"2":13,"3":13,"4":13,"5":33,"6":13,"7":33,"8":13,"9":33,"10":33,"11":13,"12":13},"f":{"0":33,"1":33,"2":33},"b":{},"_coverageSchema":"1a1c01bbd47fc00a2c39e90264f33305004495a9","hash":"a26b4586106c9b1a4569a6a458ad70ddf937fa1d"}
,"/Users/beatrisilieve/VSC/ReactGems/server/src/models/UserPersonalInformation.js": {"path":"/Users/beatrisilieve/VSC/ReactGems/server/src/models/UserPersonalInformation.js","statementMap":{"0":{"start":{"line":1,"column":17},"end":{"line":1,"column":36}},"1":{"start":{"line":2,"column":45},"end":{"line":2,"column":73}},"2":{"start":{"line":3,"column":45},"end":{"line":3,"column":73}},"3":{"start":{"line":5,"column":38},"end":{"line":25,"column":2}},"4":{"start":{"line":27,"column":0},"end":{"line":29,"column":3}},"5":{"start":{"line":28,"column":2},"end":{"line":28,"column":22}},"6":{"start":{"line":31,"column":32},"end":{"line":34,"column":1}},"7":{"start":{"line":36,"column":0},"end":{"line":36,"column":41}}},"fnMap":{"0":{"name":"(anonymous_0)","decl":{"start":{"line":27,"column":42},"end":{"line":27,"column":43}},"loc":{"start":{"line":27,"column":60},"end":{"line":29,"column":1}},"line":27}},"branchMap":{},"s":{"0":13,"1":13,"2":13,"3":13,"4":13,"5":33,"6":13,"7":13},"f":{"0":33},"b":{},"_coverageSchema":"1a1c01bbd47fc00a2c39e90264f33305004495a9","hash":"219e77db826595fd7fb56433de12b31bd515f691"}
,"/Users/beatrisilieve/VSC/ReactGems/server/src/models/Wishlist.js": {"path":"/Users/beatrisilieve/VSC/ReactGems/server/src/models/Wishlist.js","statementMap":{"0":{"start":{"line":1,"column":17},"end":{"line":1,"column":36}},"1":{"start":{"line":3,"column":23},"end":{"line":17,"column":2}},"2":{"start":{"line":19,"column":17},"end":{"line":19,"column":59}},"3":{"start":{"line":21,"column":0},"end":{"line":21,"column":26}}},"fnMap":{},"branchMap":{},"s":{"0":13,"1":13,"2":13,"3":13},"f":{},"b":{},"_coverageSchema":"1a1c01bbd47fc00a2c39e90264f33305004495a9","hash":"976e9e9edd1c598681708946a2abb1935c604cf6"}
,"/Users/beatrisilieve/VSC/ReactGems/server/src/utils/extractStoneColors.js": {"path":"/Users/beatrisilieve/VSC/ReactGems/server/src/utils/extractStoneColors.js","statementMap":{"0":{"start":{"line":1,"column":0},"end":{"line":11,"column":2}},"1":{"start":{"line":2,"column":2},"end":{"line":10,"column":5}},"2":{"start":{"line":3,"column":24},"end":{"line":3,"column":78}},"3":{"start":{"line":3,"column":61},"end":{"line":3,"column":77}},"4":{"start":{"line":5,"column":4},"end":{"line":7,"column":5}},"5":{"start":{"line":6,"column":6},"end":{"line":6,"column":56}},"6":{"start":{"line":6,"column":43},"end":{"line":6,"column":54}},"7":{"start":{"line":9,"column":4},"end":{"line":9,"column":23}}},"fnMap":{"0":{"name":"(anonymous_0)","decl":{"start":{"line":1,"column":29},"end":{"line":1,"column":30}},"loc":{"start":{"line":1,"column":41},"end":{"line":11,"column":1}},"line":1},"1":{"name":"(anonymous_1)","decl":{"start":{"line":2,"column":24},"end":{"line":2,"column":25}},"loc":{"start":{"line":2,"column":34},"end":{"line":10,"column":3}},"line":2},"2":{"name":"(anonymous_2)","decl":{"start":{"line":3,"column":50},"end":{"line":3,"column":51}},"loc":{"start":{"line":3,"column":61},"end":{"line":3,"column":77}},"line":3},"3":{"name":"(anonymous_3)","decl":{"start":{"line":6,"column":32},"end":{"line":6,"column":33}},"loc":{"start":{"line":6,"column":43},"end":{"line":6,"column":54}},"line":6}},"branchMap":{"0":{"loc":{"start":{"line":5,"column":4},"end":{"line":7,"column":5}},"type":"if","locations":[{"start":{"line":5,"column":4},"end":{"line":7,"column":5}},{"start":{},"end":{}}],"line":5}},"s":{"0":13,"1":1,"2":1,"3":2,"4":1,"5":1,"6":2,"7":0},"f":{"0":1,"1":1,"2":2,"3":2},"b":{"0":[1,0]},"_coverageSchema":"1a1c01bbd47fc00a2c39e90264f33305004495a9","hash":"81dbdc94dbf082cd6d607386aeeee6ce92c339cc"}
,"/Users/beatrisilieve/VSC/ReactGems/server/src/utils/getCategoryIds.js": {"path":"/Users/beatrisilieve/VSC/ReactGems/server/src/utils/getCategoryIds.js","statementMap":{"0":{"start":{"line":1,"column":17},"end":{"line":1,"column":46}},"1":{"start":{"line":3,"column":0},"end":{"line":15,"column":2}},"2":{"start":{"line":4,"column":2},"end":{"line":14,"column":3}},"3":{"start":{"line":5,"column":26},"end":{"line":5,"column":63}},"4":{"start":{"line":7,"column":24},"end":{"line":9,"column":69}},"5":{"start":{"line":8,"column":20},"end":{"line":8,"column":27}},"6":{"start":{"line":9,"column":22},"end":{"line":9,"column":68}},"7":{"start":{"line":11,"column":4},"end":{"line":11,"column":23}},"8":{"start":{"line":13,"column":4},"end":{"line":13,"column":29}}},"fnMap":{"0":{"name":"(anonymous_0)","decl":{"start":{"line":3,"column":25},"end":{"line":3,"column":26}},"loc":{"start":{"line":3,"column":54},"end":{"line":15,"column":1}},"line":3},"1":{"name":"(anonymous_1)","decl":{"start":{"line":8,"column":11},"end":{"line":8,"column":12}},"loc":{"start":{"line":8,"column":20},"end":{"line":8,"column":27}},"line":8},"2":{"name":"(anonymous_2)","decl":{"start":{"line":9,"column":14},"end":{"line":9,"column":15}},"loc":{"start":{"line":9,"column":22},"end":{"line":9,"column":68}},"line":9}},"branchMap":{},"s":{"0":13,"1":13,"2":1,"3":1,"4":1,"5":4,"6":4,"7":1,"8":0},"f":{"0":1,"1":4,"2":4},"b":{},"_coverageSchema":"1a1c01bbd47fc00a2c39e90264f33305004495a9","hash":"19672bed3ced6628573af890452f021afb757613"}
,"/Users/beatrisilieve/VSC/ReactGems/server/src/utils/getStoneColorsData.js": {"path":"/Users/beatrisilieve/VSC/ReactGems/server/src/utils/getStoneColorsData.js","statementMap":{"0":{"start":{"line":1,"column":22},"end":{"line":1,"column":56}},"1":{"start":{"line":3,"column":0},"end":{"line":54,"column":2}},"2":{"start":{"line":4,"column":30},"end":{"line":8,"column":8}},"3":{"start":{"line":5,"column":20},"end":{"line":5,"column":24}},"4":{"start":{"line":6,"column":4},"end":{"line":6,"column":37}},"5":{"start":{"line":7,"column":4},"end":{"line":7,"column":15}},"6":{"start":{"line":10,"column":24},"end":{"line":51,"column":4}},"7":{"start":{"line":53,"column":2},"end":{"line":53,"column":25}}},"fnMap":{"0":{"name":"(anonymous_0)","decl":{"start":{"line":3,"column":29},"end":{"line":3,"column":30}},"loc":{"start":{"line":3,"column":51},"end":{"line":54,"column":1}},"line":3},"1":{"name":"(anonymous_1)","decl":{"start":{"line":4,"column":48},"end":{"line":4,"column":49}},"loc":{"start":{"line":4,"column":63},"end":{"line":8,"column":3}},"line":4}},"branchMap":{},"s":{"0":13,"1":13,"2":3,"3":20,"4":20,"5":20,"6":3,"7":3},"f":{"0":3,"1":20},"b":{},"_coverageSchema":"1a1c01bbd47fc00a2c39e90264f33305004495a9","hash":"8b91002bf9c20232cb1f0d12d4ec5867a09051a9"}
,"/Users/beatrisilieve/VSC/ReactGems/server/src/utils/getStoneTypesData.js": {"path":"/Users/beatrisilieve/VSC/ReactGems/server/src/utils/getStoneTypesData.js","statementMap":{"0":{"start":{"line":1,"column":22},"end":{"line":1,"column":56}},"1":{"start":{"line":3,"column":0},"end":{"line":54,"column":2}},"2":{"start":{"line":4,"column":30},"end":{"line":8,"column":8}},"3":{"start":{"line":5,"column":20},"end":{"line":5,"column":24}},"4":{"start":{"line":6,"column":4},"end":{"line":6,"column":37}},"5":{"start":{"line":7,"column":4},"end":{"line":7,"column":15}},"6":{"start":{"line":10,"column":23},"end":{"line":51,"column":4}},"7":{"start":{"line":53,"column":2},"end":{"line":53,"column":24}}},"fnMap":{"0":{"name":"(anonymous_0)","decl":{"start":{"line":3,"column":28},"end":{"line":3,"column":29}},"loc":{"start":{"line":3,"column":50},"end":{"line":54,"column":1}},"line":3},"1":{"name":"(anonymous_1)","decl":{"start":{"line":4,"column":48},"end":{"line":4,"column":49}},"loc":{"start":{"line":4,"column":63},"end":{"line":8,"column":3}},"line":4}},"branchMap":{},"s":{"0":13,"1":13,"2":3,"3":20,"4":20,"5":20,"6":3,"7":3},"f":{"0":3,"1":20},"b":{},"_coverageSchema":"1a1c01bbd47fc00a2c39e90264f33305004495a9","hash":"ebbc2cc680b17c1c10000b79c3a123318f52ed2a"}
,"/Users/beatrisilieve/VSC/ReactGems/server/src/utils/transferBag.js": {"path":"/Users/beatrisilieve/VSC/ReactGems/server/src/utils/transferBag.js","statementMap":{"0":{"start":{"line":1,"column":12},"end":{"line":1,"column":36}},"1":{"start":{"line":3,"column":0},"end":{"line":20,"column":2}},"2":{"start":{"line":4,"column":24},"end":{"line":6,"column":11}},"3":{"start":{"line":8,"column":2},"end":{"line":19,"column":3}},"4":{"start":{"line":9,"column":21},"end":{"line":15,"column":7}},"5":{"start":{"line":9,"column":73},"end":{"line":15,"column":5}},"6":{"start":{"line":17,"column":4},"end":{"line":17,"column":31}},"7":{"start":{"line":18,"column":4},"end":{"line":18,"column":45}}},"fnMap":{"0":{"name":"(anonymous_0)","decl":{"start":{"line":3,"column":22},"end":{"line":3,"column":23}},"loc":{"start":{"line":3,"column":50},"end":{"line":20,"column":1}},"line":3},"1":{"name":"(anonymous_1)","decl":{"start":{"line":9,"column":39},"end":{"line":9,"column":40}},"loc":{"start":{"line":9,"column":73},"end":{"line":15,"column":5}},"line":9}},"branchMap":{"0":{"loc":{"start":{"line":8,"column":2},"end":{"line":19,"column":3}},"type":"if","locations":[{"start":{"line":8,"column":2},"end":{"line":19,"column":3}},{"start":{},"end":{}}],"line":8}},"s":{"0":13,"1":13,"2":2,"3":2,"4":1,"5":1,"6":1,"7":1},"f":{"0":2,"1":1},"b":{"0":[1,1]},"_coverageSchema":"1a1c01bbd47fc00a2c39e90264f33305004495a9","hash":"52961a6c42c9cfd3119dedc3419aabfdb52c4f0e"}
,"/Users/beatrisilieve/VSC/ReactGems/server/src/utils/transferWishlist.js": {"path":"/Users/beatrisilieve/VSC/ReactGems/server/src/utils/transferWishlist.js","statementMap":{"0":{"start":{"line":1,"column":17},"end":{"line":1,"column":46}},"1":{"start":{"line":3,"column":0},"end":{"line":18,"column":2}},"2":{"start":{"line":4,"column":29},"end":{"line":6,"column":11}},"3":{"start":{"line":8,"column":2},"end":{"line":17,"column":3}},"4":{"start":{"line":9,"column":26},"end":{"line":13,"column":7}},"5":{"start":{"line":9,"column":67},"end":{"line":13,"column":5}},"6":{"start":{"line":15,"column":4},"end":{"line":15,"column":41}},"7":{"start":{"line":16,"column":4},"end":{"line":16,"column":50}}},"fnMap":{"0":{"name":"(anonymous_0)","decl":{"start":{"line":3,"column":27},"end":{"line":3,"column":28}},"loc":{"start":{"line":3,"column":55},"end":{"line":18,"column":1}},"line":3},"1":{"name":"(anonymous_1)","decl":{"start":{"line":9,"column":49},"end":{"line":9,"column":50}},"loc":{"start":{"line":9,"column":67},"end":{"line":13,"column":5}},"line":9}},"branchMap":{"0":{"loc":{"start":{"line":8,"column":2},"end":{"line":17,"column":3}},"type":"if","locations":[{"start":{"line":8,"column":2},"end":{"line":17,"column":3}},{"start":{},"end":{}}],"line":8}},"s":{"0":13,"1":13,"2":2,"3":2,"4":1,"5":1,"6":1,"7":1},"f":{"0":2,"1":1},"b":{"0":[1,1]},"_coverageSchema":"1a1c01bbd47fc00a2c39e90264f33305004495a9","hash":"97a9d4ef96d8475b97e1f0ec9189773580ea9dca"}
,"/Users/beatrisilieve/VSC/ReactGems/server/test/database.js": {"path":"/Users/beatrisilieve/VSC/ReactGems/server/test/database.js","statementMap":{"0":{"start":{"line":1,"column":17},"end":{"line":1,"column":36}},"1":{"start":{"line":2,"column":30},"end":{"line":2,"column":62}},"2":{"start":{"line":3,"column":13},"end":{"line":3,"column":17}},"3":{"start":{"line":5,"column":18},"end":{"line":23,"column":1}},"4":{"start":{"line":6,"column":2},"end":{"line":22,"column":3}},"5":{"start":{"line":7,"column":16},"end":{"line":7,"column":54}},"6":{"start":{"line":8,"column":4},"end":{"line":11,"column":5}},"7":{"start":{"line":9,"column":6},"end":{"line":9,"column":48}},"8":{"start":{"line":10,"column":6},"end":{"line":10,"column":30}},"9":{"start":{"line":13,"column":4},"end":{"line":18,"column":5}},"10":{"start":{"line":14,"column":6},"end":{"line":17,"column":9}},"11":{"start":{"line":20,"column":4},"end":{"line":20,"column":29}},"12":{"start":{"line":21,"column":4},"end":{"line":21,"column":20}},"13":{"start":{"line":25,"column":21},"end":{"line":37,"column":1}},"14":{"start":{"line":26,"column":2},"end":{"line":36,"column":3}},"15":{"start":{"line":27,"column":4},"end":{"line":29,"column":5}},"16":{"start":{"line":28,"column":6},"end":{"line":28,"column":40}},"17":{"start":{"line":30,"column":4},"end":{"line":32,"column":5}},"18":{"start":{"line":31,"column":6},"end":{"line":31,"column":26}},"19":{"start":{"line":34,"column":4},"end":{"line":34,"column":29}},"20":{"start":{"line":35,"column":4},"end":{"line":35,"column":20}},"21":{"start":{"line":39,"column":0},"end":{"line":39,"column":45}}},"fnMap":{"0":{"name":"(anonymous_0)","decl":{"start":{"line":5,"column":18},"end":{"line":5,"column":19}},"loc":{"start":{"line":5,"column":30},"end":{"line":23,"column":1}},"line":5},"1":{"name":"(anonymous_1)","decl":{"start":{"line":25,"column":21},"end":{"line":25,"column":22}},"loc":{"start":{"line":25,"column":33},"end":{"line":37,"column":1}},"line":25}},"branchMap":{"0":{"loc":{"start":{"line":8,"column":4},"end":{"line":11,"column":5}},"type":"if","locations":[{"start":{"line":8,"column":4},"end":{"line":11,"column":5}},{"start":{},"end":{}}],"line":8},"1":{"loc":{"start":{"line":13,"column":4},"end":{"line":18,"column":5}},"type":"if","locations":[{"start":{"line":13,"column":4},"end":{"line":18,"column":5}},{"start":{},"end":{}}],"line":13},"2":{"loc":{"start":{"line":27,"column":4},"end":{"line":29,"column":5}},"type":"if","locations":[{"start":{"line":27,"column":4},"end":{"line":29,"column":5}},{"start":{},"end":{}}],"line":27},"3":{"loc":{"start":{"line":30,"column":4},"end":{"line":32,"column":5}},"type":"if","locations":[{"start":{"line":30,"column":4},"end":{"line":32,"column":5}},{"start":{},"end":{}}],"line":30}},"s":{"0":13,"1":13,"2":13,"3":13,"4":13,"5":13,"6":13,"7":13,"8":13,"9":13,"10":0,"11":0,"12":0,"13":13,"14":13,"15":13,"16":13,"17":13,"18":13,"19":0,"20":0,"21":13},"f":{"0":13,"1":13},"b":{"0":[13,0],"1":[0,13],"2":[13,0],"3":[13,0]},"_coverageSchema":"1a1c01bbd47fc00a2c39e90264f33305004495a9","hash":"5c26ac4341df5518a359ca83731b6cb724205d15"}
}
