TN:
SF:mailer.js
FN:5,(anonymous_0)
FN:14,(anonymous_1)
FN:29,(anonymous_2)
FN:39,(anonymous_3)
FN:48,(anonymous_4)
FN:63,(anonymous_5)
FNF:6
FNH:6
FNDA:33,(anonymous_0)
FNDA:33,(anonymous_1)
FNDA:33,(anonymous_2)
FNDA:2,(anonymous_3)
FNDA:2,(anonymous_4)
FNDA:2,(anonymous_5)
DA:1,13
DA:2,13
DA:3,13
DA:5,13
DA:6,33
DA:14,33
DA:15,33
DA:17,0
DA:20,33
DA:22,33
DA:29,33
DA:30,33
DA:39,13
DA:40,2
DA:48,2
DA:49,2
DA:51,0
DA:54,2
DA:56,2
DA:63,2
DA:64,2
LF:21
LH:19
BRDA:15,0,0,0
BRDA:15,0,1,33
BRDA:30,1,0,33
BRDA:30,1,1,0
BRDA:49,2,0,0
BRDA:49,2,1,2
BRDA:64,3,0,2
BRDA:64,3,1,0
BRF:8
BRH:4
end_of_record
TN:
SF:src/index.js
FN:11,(anonymous_0)
FN:12,(anonymous_1)
FN:19,(anonymous_2)
FN:27,(anonymous_3)
FNF:4
FNH:3
FNDA:13,(anonymous_0)
FNDA:0,(anonymous_1)
FNDA:12,(anonymous_2)
FNDA:13,(anonymous_3)
DA:1,13
DA:2,13
DA:3,13
DA:4,13
DA:5,13
DA:7,13
DA:9,13
DA:11,13
DA:12,0
DA:14,13
DA:15,13
DA:16,13
DA:17,13
DA:19,13
DA:20,12
DA:23,13
DA:25,13
DA:27,13
DA:28,13
DA:31,13
LF:20
LH:19
BRF:0
BRH:0
end_of_record
TN:
SF:src/routes.js
FNF:0
FNH:0
DA:1,13
DA:3,13
DA:4,13
DA:5,13
DA:6,13
DA:7,13
DA:8,13
DA:9,13
DA:10,13
DA:11,13
DA:12,13
DA:13,13
DA:14,13
DA:15,13
DA:16,13
DA:18,13
DA:19,13
DA:20,13
DA:21,13
DA:22,13
DA:23,13
DA:24,13
DA:25,13
DA:26,13
DA:27,13
DA:28,13
DA:29,13
DA:30,13
DA:31,13
DA:33,13
LF:30
LH:30
BRF:0
BRH:0
end_of_record
TN:
SF:src/config/config.js
FNF:0
FNH:0
DA:1,13
LF:1
LH:1
BRF:0
BRH:0
end_of_record
TN:
SF:src/constants/apartment.js
FNF:0
FNH:0
DA:1,13
DA:6,13
DA:10,13
LF:3
LH:3
BRF:0
BRH:0
end_of_record
TN:
SF:src/constants/bag.js
FNF:0
FNH:0
DA:1,13
DA:2,13
DA:3,13
DA:5,13
LF:4
LH:4
BRF:0
BRH:0
end_of_record
TN:
SF:src/constants/date.js
FNF:0
FNH:0
DA:1,13
DA:2,13
LF:2
LH:2
BRF:0
BRH:0
end_of_record
TN:
SF:src/constants/email.js
FNF:0
FNH:0
DA:1,13
DA:2,13
DA:3,13
DA:5,13
LF:4
LH:4
BRF:0
BRH:0
end_of_record
TN:
SF:src/constants/name.js
FNF:0
FNH:0
DA:1,13
DA:6,13
DA:7,13
LF:3
LH:3
BRF:0
BRH:0
end_of_record
TN:
SF:src/constants/password.js
FNF:0
FNH:0
DA:1,13
DA:3,13
DA:8,13
DA:12,13
DA:14,13
LF:5
LH:5
BRF:0
BRH:0
end_of_record
TN:
SF:src/constants/phone.js
FNF:0
FNH:0
DA:1,13
DA:6,13
DA:7,13
LF:3
LH:3
BRF:0
BRH:0
end_of_record
TN:
SF:src/constants/street.js
FNF:0
FNH:0
DA:1,13
DA:6,13
DA:9,13
LF:3
LH:3
BRF:0
BRH:0
end_of_record
TN:
SF:src/constants/zipCode.js
FNF:0
FNH:0
DA:1,13
DA:6,13
DA:9,13
LF:3
LH:3
BRF:0
BRH:0
end_of_record
TN:
SF:src/controllers/bagController.js
FN:12,(anonymous_0)
FN:34,(anonymous_1)
FN:55,(anonymous_2)
FN:131,(anonymous_3)
FN:145,(anonymous_4)
FN:159,(anonymous_5)
FN:175,(anonymous_6)
FNF:7
FNH:5
FNDA:1,(anonymous_0)
FNDA:0,(anonymous_1)
FNDA:15,(anonymous_2)
FNDA:3,(anonymous_3)
FNDA:1,(anonymous_4)
FNDA:0,(anonymous_5)
FNDA:1,(anonymous_6)
DA:1,13
DA:2,13
DA:8,13
DA:9,13
DA:10,13
DA:12,13
DA:15,1
DA:16,0
DA:18,1
DA:21,1
DA:22,1
DA:24,1
DA:26,0
DA:28,0
DA:34,13
DA:37,0
DA:38,0
DA:40,0
DA:43,0
DA:44,0
DA:46,0
DA:48,0
DA:49,0
DA:55,13
DA:56,15
DA:60,15
DA:61,0
DA:63,15
DA:66,15
DA:68,15
DA:72,15
DA:78,15
DA:79,0
DA:80,15
DA:81,0
DA:83,15
DA:85,15
DA:92,15
DA:93,10
DA:100,5
DA:101,5
DA:110,5
DA:117,15
DA:121,15
DA:123,0
DA:125,0
DA:131,13
DA:132,3
DA:134,3
DA:135,3
DA:137,2
DA:139,1
DA:145,13
DA:146,1
DA:148,1
DA:149,1
DA:151,1
DA:153,0
DA:159,13
DA:160,0
DA:162,0
DA:164,0
DA:165,0
DA:167,0
DA:169,0
DA:175,13
DA:176,1
DA:178,1
DA:179,1
DA:181,1
DA:183,0
DA:189,13
LF:72
LH:48
BRDA:15,0,0,0
BRDA:15,0,1,1
BRDA:37,1,0,0
BRDA:37,1,1,0
BRDA:60,2,0,0
BRDA:60,2,1,15
BRDA:78,3,0,0
BRDA:78,3,1,15
BRDA:80,4,0,0
BRDA:80,4,1,15
BRDA:92,5,0,10
BRDA:92,5,1,5
BRF:12
BRH:6
end_of_record
TN:
SF:src/controllers/checkoutController.js
FN:4,(anonymous_0)
FNF:1
FNH:1
FNDA:7,(anonymous_0)
DA:1,13
DA:2,13
DA:4,13
DA:5,7
DA:7,7
DA:9,7
DA:10,7
DA:12,7
DA:14,0
DA:20,13
LF:10
LH:9
BRF:0
BRH:0
end_of_record
TN:
SF:src/controllers/jewelryCollectionController.js
FN:6,(anonymous_0)
FN:25,(anonymous_1)
FNF:2
FNH:2
FNDA:1,(anonymous_0)
FNDA:10,(anonymous_1)
DA:1,13
DA:2,13
DA:3,13
DA:4,13
DA:6,13
DA:9,1
DA:10,0
DA:11,0
DA:13,1
DA:16,1
DA:18,1
DA:20,1
DA:21,1
DA:23,1
DA:25,10
DA:27,1
DA:29,1
DA:31,1
DA:33,1
DA:35,0
DA:36,0
DA:42,13
LF:22
LH:18
BRDA:9,0,0,0
BRDA:9,0,1,1
BRF:2
BRH:1
end_of_record
TN:
SF:src/controllers/jewelryController.js
FN:6,(anonymous_0)
FN:24,(anonymous_1)
FN:41,(anonymous_2)
FNF:3
FNH:3
FNDA:1,(anonymous_0)
FNDA:7,(anonymous_1)
FNDA:1,(anonymous_2)
DA:1,13
DA:2,13
DA:3,13
DA:4,13
DA:6,13
DA:9,1
DA:10,0
DA:12,1
DA:15,1
DA:17,1
DA:19,1
DA:20,1
DA:22,1
DA:24,7
DA:26,1
DA:28,1
DA:30,1
DA:32,1
DA:34,0
DA:35,0
DA:41,13
DA:44,1
DA:45,0
DA:47,1
DA:50,1
DA:52,1
DA:54,1
DA:55,1
DA:57,1
DA:59,0
DA:60,0
DA:66,13
LF:32
LH:26
BRDA:9,0,0,0
BRDA:9,0,1,1
BRDA:44,1,0,0
BRDA:44,1,1,1
BRF:4
BRH:2
end_of_record
TN:
SF:src/controllers/jewelrySuggestionController.js
FN:4,(anonymous_0)
FNF:1
FNH:1
FNDA:1,(anonymous_0)
DA:1,13
DA:2,13
DA:4,13
DA:5,1
DA:7,1
DA:8,1
DA:10,1
DA:12,0
DA:13,0
DA:19,13
LF:10
LH:8
BRF:0
BRH:0
end_of_record
TN:
SF:src/controllers/orderConfirmationController.js
FN:8,(anonymous_0)
FNF:1
FNH:1
FNDA:2,(anonymous_0)
DA:1,13
DA:2,13
DA:3,13
DA:4,13
DA:5,13
DA:6,13
DA:8,13
DA:9,2
DA:11,2
DA:12,2
DA:14,2
DA:16,2
DA:18,2
DA:20,2
DA:24,2
DA:26,2
DA:28,2
DA:30,0
DA:31,0
DA:37,13
LF:20
LH:18
BRF:0
BRH:0
end_of_record
TN:
SF:src/controllers/orderHistoryController.js
FN:4,(anonymous_0)
FNF:1
FNH:1
FNDA:1,(anonymous_0)
DA:1,13
DA:2,13
DA:4,13
DA:5,1
DA:7,1
DA:8,1
DA:10,1
DA:12,0
DA:14,0
DA:20,13
LF:10
LH:8
BRF:0
BRH:0
end_of_record
TN:
SF:src/controllers/paymentController.js
FN:5,(anonymous_0)
FNF:1
FNH:1
FNDA:7,(anonymous_0)
DA:1,13
DA:2,13
DA:3,13
DA:5,13
DA:6,7
DA:14,7
DA:16,7
DA:17,7
DA:25,3
DA:27,3
DA:29,4
DA:30,4
DA:34,13
LF:13
LH:13
BRF:0
BRH:0
end_of_record
TN:
SF:src/controllers/searchController.js
FN:4,(anonymous_0)
FNF:1
FNH:1
FNDA:2,(anonymous_0)
DA:1,13
DA:2,13
DA:4,13
DA:5,2
DA:6,2
DA:8,2
DA:10,2
DA:12,0
DA:16,13
LF:9
LH:8
BRF:0
BRH:0
end_of_record
TN:
SF:src/controllers/stoneController.js
FN:5,(anonymous_0)
FN:32,(anonymous_1)
FNF:2
FNH:2
FNDA:1,(anonymous_0)
FNDA:1,(anonymous_1)
DA:1,13
DA:2,13
DA:3,13
DA:5,13
DA:8,1
DA:10,1
DA:14,1
DA:16,1
DA:18,1
DA:19,1
DA:21,1
DA:23,1
DA:25,0
DA:26,0
DA:32,13
DA:34,1
DA:36,1
DA:40,1
DA:42,1
DA:44,1
DA:45,1
DA:47,1
DA:49,1
DA:51,0
DA:52,0
DA:58,13
LF:26
LH:22
BRDA:8,0,0,1
BRDA:8,0,1,0
BRDA:10,1,0,1
BRDA:10,1,1,0
BRDA:34,2,0,1
BRDA:34,2,1,0
BRDA:36,3,0,1
BRDA:36,3,1,0
BRF:8
BRH:4
end_of_record
TN:
SF:src/controllers/userAddressInformationController.js
FN:4,(anonymous_0)
FN:19,(anonymous_1)
FNF:2
FNH:1
FNDA:0,(anonymous_0)
FNDA:4,(anonymous_1)
DA:1,13
DA:2,13
DA:4,13
DA:5,0
DA:7,0
DA:8,0
DA:10,0
DA:12,0
DA:13,0
DA:19,13
DA:20,4
DA:22,4
DA:24,4
DA:25,4
DA:27,2
DA:29,2
DA:30,2
DA:36,13
LF:18
LH:12
BRF:0
BRH:0
end_of_record
TN:
SF:src/controllers/userLoginInformationController.js
FN:10,(anonymous_0)
FN:41,(anonymous_1)
FN:70,(anonymous_2)
FN:85,(anonymous_3)
FN:102,(anonymous_4)
FN:122,(anonymous_5)
FN:126,(anonymous_6)
FNF:7
FNH:6
FNDA:34,(anonymous_0)
FNDA:5,(anonymous_1)
FNDA:2,(anonymous_2)
FNDA:2,(anonymous_3)
FNDA:2,(anonymous_4)
FNDA:0,(anonymous_5)
FNDA:1,(anonymous_6)
DA:1,13
DA:2,13
DA:3,13
DA:4,13
DA:5,13
DA:6,13
DA:7,13
DA:8,13
DA:10,13
DA:11,34
DA:13,34
DA:15,34
DA:16,34
DA:22,33
DA:28,33
DA:30,33
DA:32,33
DA:34,1
DA:35,1
DA:41,13
DA:42,5
DA:44,5
DA:46,5
DA:47,5
DA:49,5
DA:50,4
DA:52,4
DA:53,2
DA:55,2
DA:59,5
DA:61,3
DA:63,2
DA:64,2
DA:70,13
DA:71,2
DA:73,2
DA:74,2
DA:76,2
DA:78,0
DA:79,0
DA:85,13
DA:86,2
DA:88,2
DA:90,2
DA:91,2
DA:93,1
DA:95,1
DA:96,1
DA:102,13
DA:103,2
DA:105,2
DA:107,2
DA:108,2
DA:113,1
DA:115,1
DA:116,1
DA:122,13
DA:123,0
DA:126,13
DA:127,1
DA:129,1
DA:130,1
DA:132,1
DA:134,1
DA:136,1
DA:138,0
DA:139,0
DA:145,13
LF:68
LH:63
BRDA:49,0,0,4
BRDA:49,0,1,1
BRDA:52,1,0,2
BRDA:52,1,1,2
BRF:4
BRH:4
end_of_record
TN:
SF:src/controllers/userPersonalInformationController.js
FN:4,(anonymous_0)
FN:19,(anonymous_1)
FNF:2
FNH:1
FNDA:0,(anonymous_0)
FNDA:2,(anonymous_1)
DA:1,13
DA:2,13
DA:4,13
DA:5,0
DA:7,0
DA:8,0
DA:10,0
DA:12,0
DA:13,0
DA:19,13
DA:20,2
DA:22,2
DA:24,2
DA:25,2
DA:27,1
DA:29,1
DA:30,1
DA:36,13
LF:18
LH:12
BRF:0
BRH:0
end_of_record
TN:
SF:src/controllers/wishlistController.js
FN:4,(anonymous_0)
FN:30,(anonymous_1)
FN:51,(anonymous_2)
FN:76,(anonymous_3)
FNF:4
FNH:4
FNDA:1,(anonymous_0)
FNDA:1,(anonymous_1)
FNDA:6,(anonymous_2)
FNDA:1,(anonymous_3)
DA:1,13
DA:2,13
DA:4,13
DA:6,1
DA:8,1
DA:9,0
DA:11,1
DA:14,1
DA:16,1
DA:17,1
DA:19,1
DA:21,1
DA:23,0
DA:24,0
DA:30,13
DA:33,1
DA:34,0
DA:36,1
DA:39,1
DA:40,1
DA:42,1
DA:44,0
DA:45,0
DA:51,13
DA:54,6
DA:55,0
DA:57,6
DA:60,6
DA:62,6
DA:64,6
DA:65,6
DA:67,6
DA:69,0
DA:70,0
DA:76,13
DA:79,1
DA:80,0
DA:82,1
DA:85,1
DA:87,1
DA:89,1
DA:90,1
DA:92,1
DA:94,0
DA:95,0
DA:101,13
LF:46
LH:34
BRDA:8,0,0,0
BRDA:8,0,1,1
BRDA:33,1,0,0
BRDA:33,1,1,1
BRDA:54,2,0,0
BRDA:54,2,1,6
BRDA:79,3,0,0
BRDA:79,3,1,1
BRF:8
BRH:4
end_of_record
TN:
SF:src/lib/jwt.js
FNF:0
FNH:0
DA:1,13
DA:2,13
DA:4,13
DA:9,13
LF:4
LH:4
BRF:0
BRH:0
end_of_record
TN:
SF:src/managers/bagManager.js
FN:10,(anonymous_0)
FN:20,(anonymous_1)
FN:40,(anonymous_2)
FN:50,(anonymous_3)
FN:60,(anonymous_4)
FN:109,(anonymous_5)
FN:136,(anonymous_6)
FNF:7
FNH:7
FNDA:15,(anonymous_0)
FNDA:10,(anonymous_1)
FNDA:3,(anonymous_2)
FNDA:1,(anonymous_3)
FNDA:3,(anonymous_4)
FNDA:1,(anonymous_5)
FNDA:4,(anonymous_6)
DA:1,13
DA:2,13
DA:8,13
DA:10,13
DA:11,15
DA:17,15
DA:20,13
DA:26,10
DA:33,10
DA:40,13
DA:41,3
DA:43,3
DA:45,2
DA:47,2
DA:50,13
DA:51,1
DA:53,1
DA:55,1
DA:57,1
DA:60,13
DA:61,3
DA:63,3
DA:65,3
DA:67,3
DA:69,3
DA:74,3
DA:76,3
DA:78,3
DA:79,0
DA:80,3
DA:81,0
DA:85,3
DA:89,3
DA:90,1
DA:91,1
DA:93,2
DA:94,2
DA:97,3
DA:103,3
DA:104,2
DA:109,13
DA:110,1
DA:112,1
DA:114,1
DA:116,1
DA:118,1
DA:123,1
DA:125,1
DA:127,1
DA:133,1
DA:136,13
DA:137,4
DA:276,4
DA:279,13
LF:54
LH:52
BRDA:74,0,0,3
BRDA:74,0,1,0
BRDA:78,1,0,0
BRDA:78,1,1,3
BRDA:80,2,0,0
BRDA:80,2,1,3
BRDA:89,3,0,1
BRDA:89,3,1,2
BRDA:103,4,0,2
BRDA:103,4,1,1
BRDA:123,5,0,1
BRDA:123,5,1,0
BRF:12
BRH:8
end_of_record
TN:
SF:src/managers/jewelryCollectionManager.js
FN:3,(anonymous_0)
FNF:1
FNH:1
FNDA:1,(anonymous_0)
DA:1,13
DA:3,13
DA:4,1
DA:168,1
DA:173,1
DA:182,1
LF:6
LH:6
BRDA:184,0,0,1
BRDA:184,0,1,0
BRF:2
BRH:1
end_of_record
TN:
SF:src/managers/jewelryManager.js
FN:3,(anonymous_0)
FN:201,(anonymous_1)
FNF:2
FNH:2
FNDA:1,(anonymous_0)
FNDA:1,(anonymous_1)
DA:1,13
DA:3,13
DA:4,1
DA:181,1
DA:186,1
DA:195,1
DA:201,13
DA:202,1
DA:335,1
LF:9
LH:9
BRDA:197,0,0,1
BRDA:197,0,1,0
BRF:2
BRH:1
end_of_record
TN:
SF:src/managers/jewelrySuggestionManager.js
FN:5,(anonymous_0)
FNF:1
FNH:1
FNDA:1,(anonymous_0)
DA:1,13
DA:2,13
DA:3,13
DA:5,13
DA:6,1
DA:8,1
DA:10,1
DA:12,1
DA:14,1
DA:48,1
DA:50,1
DA:137,1
LF:12
LH:12
BRF:0
BRH:0
end_of_record
TN:
SF:src/managers/orderConfirmationManager.js
FN:4,(anonymous_0)
FN:21,(anonymous_1)
FNF:2
FNH:2
FNDA:3,(anonymous_0)
FNDA:2,(anonymous_1)
DA:1,13
DA:2,13
DA:4,13
DA:5,3
DA:7,3
DA:12,3
DA:14,3
DA:16,3
DA:18,3
DA:21,13
DA:22,2
DA:23,2
LF:12
LH:12
BRF:0
BRH:0
end_of_record
TN:
SF:src/managers/paymentManager.js
FN:1,(anonymous_0)
FN:29,isCardExpired
FN:32,(anonymous_2)
FNF:3
FNH:3
FNDA:7,(anonymous_0)
FNDA:3,isCardExpired
FNDA:6,(anonymous_2)
DA:1,13
DA:8,7
DA:9,6
DA:11,6
DA:12,6
DA:13,6
DA:14,6
DA:16,6
DA:17,1
DA:18,5
DA:19,1
DA:20,4
DA:21,1
DA:22,3
DA:23,0
DA:24,3
DA:25,0
DA:30,3
DA:32,6
DA:33,3
DA:35,3
DA:37,3
DA:38,0
DA:40,3
LF:24
LH:21
BRDA:16,0,0,1
BRDA:16,0,1,5
BRDA:18,1,0,1
BRDA:18,1,1,4
BRDA:20,2,0,1
BRDA:20,2,1,3
BRDA:22,3,0,0
BRDA:22,3,1,3
BRDA:24,4,0,0
BRDA:24,4,1,3
BRDA:37,5,0,0
BRDA:37,5,1,3
BRF:12
BRH:9
end_of_record
TN:
SF:src/managers/searchManager.js
FN:3,(anonymous_0)
FN:6,(anonymous_1)
FN:7,(anonymous_2)
FN:8,(anonymous_3)
FN:85,(anonymous_4)
FNF:5
FNH:5
FNDA:2,(anonymous_0)
FNDA:3,(anonymous_1)
FNDA:3,(anonymous_2)
FNDA:3,(anonymous_3)
FNDA:3,(anonymous_4)
DA:1,13
DA:3,13
DA:4,2
DA:6,3
DA:7,3
DA:8,3
DA:10,2
DA:85,3
DA:140,2
LF:9
LH:9
BRF:0
BRH:0
end_of_record
TN:
SF:src/managers/userAddressInformationManager.js
FN:3,(anonymous_0)
FN:7,(anonymous_1)
FN:13,(anonymous_2)
FN:22,(anonymous_3)
FNF:4
FNH:3
FNDA:33,(anonymous_0)
FNDA:0,(anonymous_1)
FNDA:11,(anonymous_2)
FNDA:1,(anonymous_3)
DA:1,13
DA:3,13
DA:4,33
DA:7,13
DA:8,0
DA:10,0
DA:13,13
DA:14,11
DA:19,9
DA:22,13
DA:23,1
DA:25,1
LF:12
LH:10
BRF:0
BRH:0
end_of_record
TN:
SF:src/managers/userLoginInformationManager.js
FN:13,(anonymous_0)
FN:27,(anonymous_1)
FN:45,(anonymous_2)
FN:51,(anonymous_3)
FN:69,(anonymous_4)
FN:85,(anonymous_5)
FN:91,generateToken
FNF:7
FNH:7
FNDA:34,(anonymous_0)
FNDA:5,(anonymous_1)
FNDA:2,(anonymous_2)
FNDA:2,(anonymous_3)
FNDA:2,(anonymous_4)
FNDA:1,(anonymous_5)
FNDA:36,generateToken
DA:1,13
DA:2,13
DA:3,13
DA:4,13
DA:5,13
DA:6,13
DA:10,13
DA:11,13
DA:13,13
DA:14,34
DA:16,34
DA:17,1
DA:20,33
DA:22,33
DA:24,33
DA:27,13
DA:28,5
DA:30,5
DA:31,1
DA:34,4
DA:36,3
DA:37,0
DA:40,3
DA:42,3
DA:45,13
DA:46,2
DA:48,2
DA:51,13
DA:52,2
DA:54,2
DA:56,2
DA:58,2
DA:59,1
DA:60,1
DA:61,0
DA:63,1
DA:65,1
DA:69,13
DA:70,2
DA:72,2
DA:74,1
DA:75,0
DA:77,1
DA:78,1
DA:81,1
DA:85,13
DA:86,1
DA:88,1
DA:92,36
DA:96,36
DA:98,36
DA:103,36
LF:52
LH:49
BRDA:16,0,0,1
BRDA:16,0,1,33
BRDA:30,1,0,1
BRDA:30,1,1,4
BRDA:36,2,0,0
BRDA:36,2,1,3
BRDA:58,3,0,1
BRDA:58,3,1,1
BRDA:60,4,0,0
BRDA:60,4,1,1
BRDA:74,5,0,0
BRDA:74,5,1,1
BRF:12
BRH:9
end_of_record
TN:
SF:src/managers/userPersonalInformationManager.js
FN:3,(anonymous_0)
FN:7,(anonymous_1)
FN:13,(anonymous_2)
FN:22,(anonymous_3)
FNF:4
FNH:3
FNDA:33,(anonymous_0)
FNDA:0,(anonymous_1)
FNDA:2,(anonymous_2)
FNDA:1,(anonymous_3)
DA:1,13
DA:3,13
DA:4,33
DA:7,13
DA:8,0
DA:10,0
DA:13,13
DA:14,2
DA:19,1
DA:22,13
DA:23,1
DA:25,1
LF:12
LH:10
BRF:0
BRH:0
end_of_record
TN:
SF:src/managers/wishlistManager.js
FN:4,(anonymous_0)
FN:10,(anonymous_1)
FN:16,(anonymous_2)
FN:114,(anonymous_3)
FNF:4
FNH:4
FNDA:6,(anonymous_0)
FNDA:1,(anonymous_1)
FNDA:1,(anonymous_2)
FNDA:2,(anonymous_3)
DA:1,13
DA:2,13
DA:4,13
DA:5,6
DA:7,6
DA:10,13
DA:11,1
DA:13,1
DA:16,13
DA:17,1
DA:98,1
DA:106,1
DA:108,1
DA:114,13
DA:115,2
DA:137,2
DA:140,13
LF:17
LH:17
BRDA:137,0,0,2
BRDA:137,0,1,0
BRF:2
BRH:1
end_of_record
TN:
SF:src/middlewares/authMiddleware.js
FN:4,(anonymous_0)
FNF:1
FNH:1
FNDA:119,(anonymous_0)
DA:1,13
DA:2,13
DA:4,13
DA:5,119
DA:7,119
DA:8,0
DA:9,0
DA:11,0
DA:13,0
DA:15,0
DA:20,119
LF:11
LH:6
BRDA:7,0,0,0
BRDA:7,0,1,119
BRF:2
BRH:1
end_of_record
TN:
SF:src/models/Bag.js
FNF:0
FNH:0
DA:1,13
DA:3,13
DA:28,13
DA:30,13
LF:4
LH:4
BRF:0
BRH:0
end_of_record
TN:
SF:src/models/Category.js
FN:14,(anonymous_0)
FN:24,(anonymous_1)
FNF:2
FNH:0
FNDA:0,(anonymous_0)
FNDA:0,(anonymous_1)
DA:1,13
DA:3,13
DA:14,13
DA:15,0
DA:17,0
DA:20,13
DA:22,13
DA:24,13
DA:25,0
DA:26,0
DA:28,0
DA:30,0
DA:32,0
DA:34,0
LF:14
LH:6
BRF:0
BRH:0
end_of_record
TN:
SF:src/models/Inventory.js
FNF:0
FNH:0
DA:1,13
DA:3,13
DA:24,13
DA:26,13
LF:4
LH:4
BRF:0
BRH:0
end_of_record
TN:
SF:src/models/Jewelry.js
FN:40,(anonymous_0)
FN:50,(anonymous_1)
FNF:2
FNH:0
FNDA:0,(anonymous_0)
FNDA:0,(anonymous_1)
DA:1,13
DA:2,13
DA:3,13
DA:5,13
DA:40,13
DA:41,0
DA:43,0
DA:46,13
DA:48,13
DA:50,13
DA:51,0
DA:52,0
DA:54,0
DA:56,0
DA:58,0
DA:60,0
LF:16
LH:8
BRF:0
BRH:0
end_of_record
TN:
SF:src/models/JewelryCollection.js
FN:14,(anonymous_0)
FN:24,(anonymous_1)
FNF:2
FNH:0
FNDA:0,(anonymous_0)
FNDA:0,(anonymous_1)
DA:1,13
DA:3,13
DA:14,13
DA:15,0
DA:17,0
DA:20,13
DA:22,13
DA:24,13
DA:25,0
DA:26,0
DA:28,0
DA:30,0
DA:32,0
DA:34,0
LF:14
LH:6
BRF:0
BRH:0
end_of_record
TN:
SF:src/models/JewelryStones.js
FNF:0
FNH:0
DA:1,13
DA:3,13
DA:25,13
DA:27,13
LF:4
LH:4
BRF:0
BRH:0
end_of_record
TN:
SF:src/models/Order.js
FNF:0
FNH:0
DA:1,13
DA:3,13
DA:23,13
DA:25,13
LF:4
LH:4
BRF:0
BRH:0
end_of_record
TN:
SF:src/models/UserAddressInformation.js
FN:44,(anonymous_0)
FNF:1
FNH:1
FNDA:33,(anonymous_0)
DA:1,13
DA:2,13
DA:3,13
DA:4,13
DA:8,13
DA:12,13
DA:14,13
DA:44,13
DA:45,33
DA:48,13
DA:53,13
LF:11
LH:11
BRF:0
BRH:0
end_of_record
TN:
SF:src/models/UserLoginInformation.js
FN:25,(anonymous_0)
FN:33,(anonymous_1)
FN:37,(anonymous_2)
FNF:3
FNH:3
FNDA:33,(anonymous_0)
FNDA:33,(anonymous_1)
FNDA:33,(anonymous_2)
DA:1,13
DA:2,13
DA:7,13
DA:9,13
DA:11,13
DA:26,33
DA:33,13
DA:34,33
DA:37,13
DA:38,33
DA:40,33
DA:43,13
DA:48,13
LF:13
LH:13
BRF:0
BRH:0
end_of_record
TN:
SF:src/models/UserPersonalInformation.js
FN:27,(anonymous_0)
FNF:1
FNH:1
FNDA:33,(anonymous_0)
DA:1,13
DA:2,13
DA:3,13
DA:5,13
DA:27,13
DA:28,33
DA:31,13
DA:36,13
LF:8
LH:8
BRF:0
BRH:0
end_of_record
TN:
SF:src/models/Wishlist.js
FNF:0
FNH:0
DA:1,13
DA:3,13
DA:19,13
DA:21,13
LF:4
LH:4
BRF:0
BRH:0
end_of_record
TN:
SF:src/utils/extractStoneColors.js
FN:1,(anonymous_0)
FN:2,(anonymous_1)
FN:3,(anonymous_2)
FN:6,(anonymous_3)
FNF:4
FNH:4
FNDA:1,(anonymous_0)
FNDA:1,(anonymous_1)
FNDA:2,(anonymous_2)
FNDA:2,(anonymous_3)
DA:1,13
DA:2,1
DA:3,2
DA:5,1
DA:6,2
DA:9,0
LF:6
LH:5
BRDA:5,0,0,1
BRDA:5,0,1,0
BRF:2
BRH:1
end_of_record
TN:
SF:src/utils/getCategoryIds.js
FN:3,(anonymous_0)
FN:8,(anonymous_1)
FN:9,(anonymous_2)
FNF:3
FNH:3
FNDA:1,(anonymous_0)
FNDA:4,(anonymous_1)
FNDA:4,(anonymous_2)
DA:1,13
DA:3,13
DA:4,1
DA:5,1
DA:7,1
DA:8,4
DA:9,4
DA:11,1
DA:13,0
LF:9
LH:8
BRF:0
BRH:0
end_of_record
TN:
SF:src/utils/getStoneColorsData.js
FN:3,(anonymous_0)
FN:4,(anonymous_1)
FNF:2
FNH:2
FNDA:3,(anonymous_0)
FNDA:20,(anonymous_1)
DA:1,13
DA:3,13
DA:4,3
DA:5,20
DA:6,20
DA:7,20
DA:10,3
DA:53,3
LF:8
LH:8
BRF:0
BRH:0
end_of_record
TN:
SF:src/utils/getStoneTypesData.js
FN:3,(anonymous_0)
FN:4,(anonymous_1)
FNF:2
FNH:2
FNDA:3,(anonymous_0)
FNDA:20,(anonymous_1)
DA:1,13
DA:3,13
DA:4,3
DA:5,20
DA:6,20
DA:7,20
DA:10,3
DA:53,3
LF:8
LH:8
BRF:0
BRH:0
end_of_record
TN:
SF:src/utils/transferBag.js
FN:3,(anonymous_0)
FN:9,(anonymous_1)
FNF:2
FNH:2
FNDA:2,(anonymous_0)
FNDA:1,(anonymous_1)
DA:1,13
DA:3,13
DA:4,2
DA:8,2
DA:9,1
DA:17,1
DA:18,1
LF:7
LH:7
BRDA:8,0,0,1
BRDA:8,0,1,1
BRF:2
BRH:2
end_of_record
TN:
SF:src/utils/transferWishlist.js
FN:3,(anonymous_0)
FN:9,(anonymous_1)
FNF:2
FNH:2
FNDA:2,(anonymous_0)
FNDA:1,(anonymous_1)
DA:1,13
DA:3,13
DA:4,2
DA:8,2
DA:9,1
DA:15,1
DA:16,1
LF:7
LH:7
BRDA:8,0,0,1
BRDA:8,0,1,1
BRF:2
BRH:2
end_of_record
TN:
SF:test/database.js
FN:5,(anonymous_0)
FN:25,(anonymous_1)
FNF:2
FNH:2
FNDA:13,(anonymous_0)
FNDA:13,(anonymous_1)
DA:1,13
DA:2,13
DA:3,13
DA:5,13
DA:6,13
DA:7,13
DA:8,13
DA:9,13
DA:10,13
DA:13,13
DA:14,0
DA:20,0
DA:21,0
DA:25,13
DA:26,13
DA:27,13
DA:28,13
DA:30,13
DA:31,13
DA:34,0
DA:35,0
DA:39,13
LF:22
LH:17
BRDA:8,0,0,13
BRDA:8,0,1,0
BRDA:13,1,0,0
BRDA:13,1,1,13
BRDA:27,2,0,13
BRDA:27,2,1,0
BRDA:30,3,0,13
BRDA:30,3,1,0
BRF:8
BRH:4
end_of_record
