{"/Users/beatrisilieve/VSC/ReactGems/client/src/App.js": {"path":"/Users/beatrisilieve/VSC/ReactGems/client/src/App.js","statementMap":{"0":{"start":{"line":30,"column":2},"end":{"line":190,"column":4}}},"fnMap":{"0":{"name":"App","decl":{"start":{"line":29,"column":9},"end":{"line":29,"column":12}},"loc":{"start":{"line":29,"column":15},"end":{"line":191,"column":1}},"line":29}},"branchMap":{},"s":{"0":0},"f":{"0":0},"b":{}}
,"/Users/beatrisilieve/VSC/ReactGems/client/src/index.js": {"path":"/Users/beatrisilieve/VSC/ReactGems/client/src/index.js","statementMap":{"0":{"start":{"line":7,"column":13},"end":{"line":7,"column":65}},"1":{"start":{"line":9,"column":0},"end":{"line":15,"column":2}},"2":{"start":{"line":17,"column":0},"end":{"line":17,"column":18}}},"fnMap":{},"branchMap":{},"s":{"0":0,"1":0,"2":0},"f":{},"b":{}}
,"/Users/beatrisilieve/VSC/ReactGems/client/src/reportWebVitals.js": {"path":"/Users/beatrisilieve/VSC/ReactGems/client/src/reportWebVitals.js","statementMap":{"0":{"start":{"line":1,"column":24},"end":{"line":11,"column":1}},"1":{"start":{"line":2,"column":2},"end":{"line":10,"column":3}},"2":{"start":{"line":3,"column":4},"end":{"line":9,"column":7}},"3":{"start":{"line":4,"column":6},"end":{"line":4,"column":26}},"4":{"start":{"line":5,"column":6},"end":{"line":5,"column":26}},"5":{"start":{"line":6,"column":6},"end":{"line":6,"column":26}},"6":{"start":{"line":7,"column":6},"end":{"line":7,"column":26}},"7":{"start":{"line":8,"column":6},"end":{"line":8,"column":27}}},"fnMap":{"0":{"name":"(anonymous_0)","decl":{"start":{"line":1,"column":24},"end":{"line":1,"column":25}},"loc":{"start":{"line":1,"column":39},"end":{"line":11,"column":1}},"line":1},"1":{"name":"(anonymous_1)","decl":{"start":{"line":3,"column":30},"end":{"line":3,"column":31}},"loc":{"start":{"line":3,"column":79},"end":{"line":9,"column":5}},"line":3}},"branchMap":{"0":{"loc":{"start":{"line":2,"column":2},"end":{"line":10,"column":3}},"type":"if","locations":[{"start":{"line":2,"column":2},"end":{"line":10,"column":3}},{"start":{},"end":{}}],"line":2},"1":{"loc":{"start":{"line":2,"column":6},"end":{"line":2,"column":52}},"type":"binary-expr","locations":[{"start":{"line":2,"column":6},"end":{"line":2,"column":17}},{"start":{"line":2,"column":21},"end":{"line":2,"column":52}}],"line":2}},"s":{"0":0,"1":0,"2":0,"3":0,"4":0,"5":0,"6":0,"7":0},"f":{"0":0,"1":0},"b":{"0":[0,0],"1":[0,0]}}
,"/Users/beatrisilieve/VSC/ReactGems/client/src/components/Bag/Bag.js": {"path":"/Users/beatrisilieve/VSC/ReactGems/client/src/components/Bag/Bag.js","statementMap":{"0":{"start":{"line":10,"column":19},"end":{"line":114,"column":1}},"1":{"start":{"line":12,"column":4},"end":{"line":12,"column":19}},"2":{"start":{"line":14,"column":15},"end":{"line":14,"column":35}},"3":{"start":{"line":15,"column":2},"end":{"line":15,"column":45}},"4":{"start":{"line":17,"column":2},"end":{"line":113,"column":4}},"5":{"start":{"line":44,"column":18},"end":{"line":49,"column":23}}},"fnMap":{"0":{"name":"(anonymous_0)","decl":{"start":{"line":10,"column":19},"end":{"line":10,"column":20}},"loc":{"start":{"line":10,"column":25},"end":{"line":114,"column":1}},"line":10},"1":{"name":"(anonymous_1)","decl":{"start":{"line":43,"column":30},"end":{"line":43,"column":31}},"loc":{"start":{"line":44,"column":18},"end":{"line":49,"column":23}},"line":44}},"branchMap":{"0":{"loc":{"start":{"line":20,"column":7},"end":{"line":111,"column":7}},"type":"cond-expr","locations":[{"start":{"line":21,"column":8},"end":{"line":108,"column":14}},{"start":{"line":110,"column":8},"end":{"line":110,"column":20}}],"line":20},"1":{"loc":{"start":{"line":39,"column":36},"end":{"line":39,"column":72}},"type":"cond-expr","locations":[{"start":{"line":39,"column":56},"end":{"line":39,"column":63}},{"start":{"line":39,"column":66},"end":{"line":39,"column":72}}],"line":39},"2":{"loc":{"start":{"line":107,"column":11},"end":{"line":107,"column":40}},"type":"binary-expr","locations":[{"start":{"line":107,"column":11},"end":{"line":107,"column":18}},{"start":{"line":107,"column":22},"end":{"line":107,"column":40}}],"line":107}},"s":{"0":0,"1":0,"2":0,"3":0,"4":0,"5":0},"f":{"0":0,"1":0},"b":{"0":[0,0],"1":[0,0],"2":[0,0]}}
,"/Users/beatrisilieve/VSC/ReactGems/client/src/components/Bag/BagList/BagList.js": {"path":"/Users/beatrisilieve/VSC/ReactGems/client/src/components/Bag/BagList/BagList.js","statementMap":{"0":{"start":{"line":7,"column":23},"end":{"line":69,"column":1}},"1":{"start":{"line":16,"column":49},"end":{"line":16,"column":64}},"2":{"start":{"line":17,"column":2},"end":{"line":68,"column":4}},"3":{"start":{"line":34,"column":27},"end":{"line":34,"column":40}},"4":{"start":{"line":46,"column":29},"end":{"line":46,"column":45}},"5":{"start":{"line":55,"column":29},"end":{"line":55,"column":45}}},"fnMap":{"0":{"name":"(anonymous_0)","decl":{"start":{"line":7,"column":23},"end":{"line":7,"column":24}},"loc":{"start":{"line":15,"column":6},"end":{"line":69,"column":1}},"line":15},"1":{"name":"(anonymous_1)","decl":{"start":{"line":34,"column":21},"end":{"line":34,"column":22}},"loc":{"start":{"line":34,"column":27},"end":{"line":34,"column":40}},"line":34},"2":{"name":"(anonymous_2)","decl":{"start":{"line":46,"column":23},"end":{"line":46,"column":24}},"loc":{"start":{"line":46,"column":29},"end":{"line":46,"column":45}},"line":46},"3":{"name":"(anonymous_3)","decl":{"start":{"line":55,"column":23},"end":{"line":55,"column":24}},"loc":{"start":{"line":55,"column":29},"end":{"line":55,"column":45}},"line":55}},"branchMap":{"0":{"loc":{"start":{"line":60,"column":18},"end":{"line":60,"column":78}},"type":"cond-expr","locations":[{"start":{"line":60,"column":45},"end":{"line":60,"column":73}},{"start":{"line":60,"column":76},"end":{"line":60,"column":78}}],"line":60}},"s":{"0":0,"1":0,"2":0,"3":0,"4":0,"5":0},"f":{"0":0,"1":0,"2":0,"3":0},"b":{"0":[0,0]}}
,"/Users/beatrisilieve/VSC/ReactGems/client/src/components/Bag/EmptyBag/EmptyBag.js": {"path":"/Users/beatrisilieve/VSC/ReactGems/client/src/components/Bag/EmptyBag/EmptyBag.js","statementMap":{"0":{"start":{"line":7,"column":24},"end":{"line":25,"column":1}},"1":{"start":{"line":8,"column":2},"end":{"line":24,"column":4}},"2":{"start":{"line":15,"column":8},"end":{"line":21,"column":15}}},"fnMap":{"0":{"name":"(anonymous_0)","decl":{"start":{"line":7,"column":24},"end":{"line":7,"column":25}},"loc":{"start":{"line":7,"column":30},"end":{"line":25,"column":1}},"line":7},"1":{"name":"(anonymous_1)","decl":{"start":{"line":14,"column":40},"end":{"line":14,"column":41}},"loc":{"start":{"line":15,"column":8},"end":{"line":21,"column":15}},"line":15}},"branchMap":{"0":{"loc":{"start":{"line":17,"column":14},"end":{"line":17,"column":46}},"type":"binary-expr","locations":[{"start":{"line":17,"column":14},"end":{"line":17,"column":39}},{"start":{"line":17,"column":43},"end":{"line":17,"column":46}}],"line":17}},"s":{"0":0,"1":0,"2":0},"f":{"0":0,"1":0},"b":{"0":[0,0]}}
,"/Users/beatrisilieve/VSC/ReactGems/client/src/components/Bag/MiniBag/MiniBag.js": {"path":"/Users/beatrisilieve/VSC/ReactGems/client/src/components/Bag/MiniBag/MiniBag.js","statementMap":{"0":{"start":{"line":9,"column":23},"end":{"line":101,"column":1}},"1":{"start":{"line":10,"column":50},"end":{"line":10,"column":65}},"2":{"start":{"line":12,"column":15},"end":{"line":12,"column":35}},"3":{"start":{"line":13,"column":2},"end":{"line":13,"column":45}},"4":{"start":{"line":15,"column":20},"end":{"line":15,"column":24}},"5":{"start":{"line":17,"column":2},"end":{"line":100,"column":4}},"6":{"start":{"line":55,"column":18},"end":{"line":57,"column":23}}},"fnMap":{"0":{"name":"(anonymous_0)","decl":{"start":{"line":9,"column":23},"end":{"line":9,"column":24}},"loc":{"start":{"line":9,"column":52},"end":{"line":101,"column":1}},"line":9},"1":{"name":"(anonymous_1)","decl":{"start":{"line":54,"column":30},"end":{"line":54,"column":31}},"loc":{"start":{"line":55,"column":18},"end":{"line":57,"column":23}},"line":55}},"branchMap":{"0":{"loc":{"start":{"line":21,"column":10},"end":{"line":21,"column":40}},"type":"cond-expr","locations":[{"start":{"line":21,"column":22},"end":{"line":21,"column":35}},{"start":{"line":21,"column":38},"end":{"line":21,"column":40}}],"line":21},"1":{"loc":{"start":{"line":32,"column":37},"end":{"line":32,"column":73}},"type":"cond-expr","locations":[{"start":{"line":32,"column":57},"end":{"line":32,"column":64}},{"start":{"line":32,"column":67},"end":{"line":32,"column":73}}],"line":32}},"s":{"0":0,"1":0,"2":0,"3":0,"4":0,"5":0,"6":0},"f":{"0":0,"1":0},"b":{"0":[0,0],"1":[0,0]}}
,"/Users/beatrisilieve/VSC/ReactGems/client/src/components/Checkout/Checkout.js": {"path":"/Users/beatrisilieve/VSC/ReactGems/client/src/components/Checkout/Checkout.js","statementMap":{"0":{"start":{"line":21,"column":24},"end":{"line":208,"column":1}},"1":{"start":{"line":22,"column":44},"end":{"line":22,"column":59}},"2":{"start":{"line":23,"column":22},"end":{"line":23,"column":52}},"3":{"start":{"line":24,"column":21},"end":{"line":24,"column":37}},"4":{"start":{"line":25,"column":26},"end":{"line":25,"column":38}},"5":{"start":{"line":26,"column":36},"end":{"line":28,"column":3}},"6":{"start":{"line":29,"column":48},"end":{"line":29,"column":60}},"7":{"start":{"line":30,"column":19},"end":{"line":30,"column":32}},"8":{"start":{"line":32,"column":15},"end":{"line":32,"column":31}},"9":{"start":{"line":33,"column":2},"end":{"line":33,"column":45}},"10":{"start":{"line":35,"column":2},"end":{"line":44,"column":5}},"11":{"start":{"line":36,"column":4},"end":{"line":43,"column":9}},"12":{"start":{"line":39,"column":8},"end":{"line":39,"column":32}},"13":{"start":{"line":42,"column":8},"end":{"line":42,"column":53}},"14":{"start":{"line":53,"column":6},"end":{"line":53,"column":34}},"15":{"start":{"line":55,"column":2},"end":{"line":65,"column":24}},"16":{"start":{"line":56,"column":4},"end":{"line":64,"column":9}},"17":{"start":{"line":59,"column":8},"end":{"line":59,"column":33}},"18":{"start":{"line":60,"column":8},"end":{"line":60,"column":21}},"19":{"start":{"line":63,"column":8},"end":{"line":63,"column":33}},"20":{"start":{"line":67,"column":19},"end":{"line":96,"column":3}},"21":{"start":{"line":68,"column":4},"end":{"line":68,"column":21}},"22":{"start":{"line":70,"column":26},"end":{"line":70,"column":54}},"23":{"start":{"line":72,"column":4},"end":{"line":95,"column":5}},"24":{"start":{"line":73,"column":26},"end":{"line":73,"column":55}},"25":{"start":{"line":74,"column":22},"end":{"line":74,"column":47}},"26":{"start":{"line":75,"column":19},"end":{"line":75,"column":41}},"27":{"start":{"line":76,"column":21},"end":{"line":76,"column":45}},"28":{"start":{"line":77,"column":24},"end":{"line":77,"column":51}},"29":{"start":{"line":78,"column":22},"end":{"line":78,"column":47}},"30":{"start":{"line":80,"column":19},"end":{"line":87,"column":7}},"31":{"start":{"line":89,"column":6},"end":{"line":94,"column":7}},"32":{"start":{"line":90,"column":8},"end":{"line":90,"column":61}},"33":{"start":{"line":91,"column":8},"end":{"line":91,"column":34}},"34":{"start":{"line":93,"column":8},"end":{"line":93,"column":33}},"35":{"start":{"line":98,"column":2},"end":{"line":207,"column":4}},"36":{"start":{"line":154,"column":18},"end":{"line":159,"column":23}}},"fnMap":{"0":{"name":"(anonymous_0)","decl":{"start":{"line":21,"column":24},"end":{"line":21,"column":25}},"loc":{"start":{"line":21,"column":30},"end":{"line":208,"column":1}},"line":21},"1":{"name":"(anonymous_1)","decl":{"start":{"line":35,"column":12},"end":{"line":35,"column":13}},"loc":{"start":{"line":35,"column":18},"end":{"line":44,"column":3}},"line":35},"2":{"name":"(anonymous_2)","decl":{"start":{"line":38,"column":12},"end":{"line":38,"column":13}},"loc":{"start":{"line":38,"column":32},"end":{"line":40,"column":7}},"line":38},"3":{"name":"(anonymous_3)","decl":{"start":{"line":41,"column":13},"end":{"line":41,"column":14}},"loc":{"start":{"line":41,"column":24},"end":{"line":43,"column":7}},"line":41},"4":{"name":"(anonymous_4)","decl":{"start":{"line":55,"column":12},"end":{"line":55,"column":13}},"loc":{"start":{"line":55,"column":18},"end":{"line":65,"column":3}},"line":55},"5":{"name":"(anonymous_5)","decl":{"start":{"line":58,"column":12},"end":{"line":58,"column":13}},"loc":{"start":{"line":58,"column":22},"end":{"line":61,"column":7}},"line":58},"6":{"name":"(anonymous_6)","decl":{"start":{"line":62,"column":13},"end":{"line":62,"column":14}},"loc":{"start":{"line":62,"column":22},"end":{"line":64,"column":7}},"line":62},"7":{"name":"(anonymous_7)","decl":{"start":{"line":67,"column":19},"end":{"line":67,"column":20}},"loc":{"start":{"line":67,"column":32},"end":{"line":96,"column":3}},"line":67},"8":{"name":"(anonymous_8)","decl":{"start":{"line":153,"column":30},"end":{"line":153,"column":31}},"loc":{"start":{"line":154,"column":18},"end":{"line":159,"column":23}},"line":154}},"branchMap":{"0":{"loc":{"start":{"line":72,"column":4},"end":{"line":95,"column":5}},"type":"if","locations":[{"start":{"line":72,"column":4},"end":{"line":95,"column":5}},{"start":{},"end":{}}],"line":72},"1":{"loc":{"start":{"line":205,"column":7},"end":{"line":205,"column":36}},"type":"binary-expr","locations":[{"start":{"line":205,"column":7},"end":{"line":205,"column":14}},{"start":{"line":205,"column":18},"end":{"line":205,"column":36}}],"line":205}},"s":{"0":0,"1":0,"2":0,"3":0,"4":0,"5":0,"6":0,"7":0,"8":0,"9":0,"10":0,"11":0,"12":0,"13":0,"14":0,"15":0,"16":0,"17":0,"18":0,"19":0,"20":0,"21":0,"22":0,"23":0,"24":0,"25":0,"26":0,"27":0,"28":0,"29":0,"30":0,"31":0,"32":0,"33":0,"34":0,"35":0,"36":0},"f":{"0":0,"1":0,"2":0,"3":0,"4":0,"5":0,"6":0,"7":0,"8":0},"b":{"0":[0,0],"1":[0,0]}}
,"/Users/beatrisilieve/VSC/ReactGems/client/src/components/Dropdown/Dropdown.js": {"path":"/Users/beatrisilieve/VSC/ReactGems/client/src/components/Dropdown/Dropdown.js","statementMap":{"0":{"start":{"line":7,"column":24},"end":{"line":48,"column":1}},"1":{"start":{"line":8,"column":30},"end":{"line":8,"column":45}},"2":{"start":{"line":9,"column":22},"end":{"line":9,"column":34}},"3":{"start":{"line":11,"column":25},"end":{"line":13,"column":3}},"4":{"start":{"line":12,"column":4},"end":{"line":12,"column":23}},"5":{"start":{"line":15,"column":29},"end":{"line":19,"column":3}},"6":{"start":{"line":16,"column":4},"end":{"line":18,"column":5}},"7":{"start":{"line":17,"column":6},"end":{"line":17,"column":23}},"8":{"start":{"line":21,"column":2},"end":{"line":26,"column":9}},"9":{"start":{"line":22,"column":4},"end":{"line":22,"column":63}},"10":{"start":{"line":23,"column":4},"end":{"line":25,"column":6}},"11":{"start":{"line":24,"column":6},"end":{"line":24,"column":68}},"12":{"start":{"line":28,"column":2},"end":{"line":47,"column":4}}},"fnMap":{"0":{"name":"(anonymous_0)","decl":{"start":{"line":7,"column":24},"end":{"line":7,"column":25}},"loc":{"start":{"line":7,"column":59},"end":{"line":48,"column":1}},"line":7},"1":{"name":"(anonymous_1)","decl":{"start":{"line":11,"column":25},"end":{"line":11,"column":26}},"loc":{"start":{"line":11,"column":31},"end":{"line":13,"column":3}},"line":11},"2":{"name":"(anonymous_2)","decl":{"start":{"line":15,"column":29},"end":{"line":15,"column":30}},"loc":{"start":{"line":15,"column":40},"end":{"line":19,"column":3}},"line":15},"3":{"name":"(anonymous_3)","decl":{"start":{"line":21,"column":12},"end":{"line":21,"column":13}},"loc":{"start":{"line":21,"column":18},"end":{"line":26,"column":3}},"line":21},"4":{"name":"(anonymous_4)","decl":{"start":{"line":23,"column":11},"end":{"line":23,"column":12}},"loc":{"start":{"line":23,"column":17},"end":{"line":25,"column":5}},"line":23}},"branchMap":{"0":{"loc":{"start":{"line":16,"column":4},"end":{"line":18,"column":5}},"type":"if","locations":[{"start":{"line":16,"column":4},"end":{"line":18,"column":5}},{"start":{},"end":{}}],"line":16},"1":{"loc":{"start":{"line":16,"column":8},"end":{"line":16,"column":74}},"type":"binary-expr","locations":[{"start":{"line":16,"column":8},"end":{"line":16,"column":27}},{"start":{"line":16,"column":31},"end":{"line":16,"column":74}}],"line":16},"2":{"loc":{"start":{"line":33,"column":9},"end":{"line":43,"column":9}},"type":"cond-expr","locations":[{"start":{"line":34,"column":10},"end":{"line":37,"column":12}},{"start":{"line":39,"column":10},"end":{"line":42,"column":12}}],"line":33},"3":{"loc":{"start":{"line":45,"column":7},"end":{"line":45,"column":74}},"type":"binary-expr","locations":[{"start":{"line":45,"column":7},"end":{"line":45,"column":13}},{"start":{"line":45,"column":17},"end":{"line":45,"column":74}}],"line":45}},"s":{"0":0,"1":0,"2":0,"3":0,"4":0,"5":0,"6":0,"7":0,"8":0,"9":0,"10":0,"11":0,"12":0},"f":{"0":0,"1":0,"2":0,"3":0,"4":0},"b":{"0":[0,0],"1":[0,0],"2":[0,0],"3":[0,0]}}
,"/Users/beatrisilieve/VSC/ReactGems/client/src/components/DynamicDropdown/DynamicDropdown.js": {"path":"/Users/beatrisilieve/VSC/ReactGems/client/src/components/DynamicDropdown/DynamicDropdown.js","statementMap":{"0":{"start":{"line":7,"column":31},"end":{"line":111,"column":1}},"1":{"start":{"line":18,"column":30},"end":{"line":18,"column":45}},"2":{"start":{"line":19,"column":22},"end":{"line":19,"column":34}},"3":{"start":{"line":21,"column":25},"end":{"line":25,"column":3}},"4":{"start":{"line":22,"column":22},"end":{"line":22,"column":29}},"5":{"start":{"line":23,"column":4},"end":{"line":23,"column":25}},"6":{"start":{"line":24,"column":4},"end":{"line":24,"column":32}},"7":{"start":{"line":27,"column":29},"end":{"line":31,"column":3}},"8":{"start":{"line":28,"column":4},"end":{"line":30,"column":5}},"9":{"start":{"line":29,"column":6},"end":{"line":29,"column":23}},"10":{"start":{"line":33,"column":2},"end":{"line":38,"column":9}},"11":{"start":{"line":34,"column":4},"end":{"line":34,"column":63}},"12":{"start":{"line":35,"column":4},"end":{"line":37,"column":6}},"13":{"start":{"line":36,"column":6},"end":{"line":36,"column":68}},"14":{"start":{"line":40,"column":23},"end":{"line":43,"column":3}},"15":{"start":{"line":41,"column":4},"end":{"line":41,"column":39}},"16":{"start":{"line":42,"column":4},"end":{"line":42,"column":21}},"17":{"start":{"line":45,"column":31},"end":{"line":47,"column":3}},"18":{"start":{"line":46,"column":4},"end":{"line":46,"column":30}},"19":{"start":{"line":49,"column":2},"end":{"line":110,"column":4}},"20":{"start":{"line":69,"column":14},"end":{"line":85,"column":20}},"21":{"start":{"line":75,"column":35},"end":{"line":75,"column":65}},"22":{"start":{"line":99,"column":33},"end":{"line":99,"column":67}}},"fnMap":{"0":{"name":"(anonymous_0)","decl":{"start":{"line":7,"column":31},"end":{"line":7,"column":32}},"loc":{"start":{"line":17,"column":6},"end":{"line":111,"column":1}},"line":17},"1":{"name":"(anonymous_1)","decl":{"start":{"line":16,"column":21},"end":{"line":16,"column":22}},"loc":{"start":{"line":16,"column":27},"end":{"line":16,"column":29}},"line":16},"2":{"name":"(anonymous_2)","decl":{"start":{"line":21,"column":25},"end":{"line":21,"column":26}},"loc":{"start":{"line":21,"column":31},"end":{"line":25,"column":3}},"line":21},"3":{"name":"(anonymous_3)","decl":{"start":{"line":27,"column":29},"end":{"line":27,"column":30}},"loc":{"start":{"line":27,"column":40},"end":{"line":31,"column":3}},"line":27},"4":{"name":"(anonymous_4)","decl":{"start":{"line":33,"column":12},"end":{"line":33,"column":13}},"loc":{"start":{"line":33,"column":18},"end":{"line":38,"column":3}},"line":33},"5":{"name":"(anonymous_5)","decl":{"start":{"line":35,"column":11},"end":{"line":35,"column":12}},"loc":{"start":{"line":35,"column":17},"end":{"line":37,"column":5}},"line":35},"6":{"name":"(anonymous_6)","decl":{"start":{"line":40,"column":23},"end":{"line":40,"column":24}},"loc":{"start":{"line":40,"column":34},"end":{"line":43,"column":3}},"line":40},"7":{"name":"(anonymous_7)","decl":{"start":{"line":45,"column":31},"end":{"line":45,"column":32}},"loc":{"start":{"line":45,"column":49},"end":{"line":47,"column":3}},"line":45},"8":{"name":"(anonymous_8)","decl":{"start":{"line":68,"column":25},"end":{"line":68,"column":26}},"loc":{"start":{"line":69,"column":14},"end":{"line":85,"column":20}},"line":69},"9":{"name":"(anonymous_9)","decl":{"start":{"line":75,"column":28},"end":{"line":75,"column":29}},"loc":{"start":{"line":75,"column":35},"end":{"line":75,"column":65}},"line":75},"10":{"name":"(anonymous_10)","decl":{"start":{"line":99,"column":27},"end":{"line":99,"column":28}},"loc":{"start":{"line":99,"column":33},"end":{"line":99,"column":67}},"line":99}},"branchMap":{"0":{"loc":{"start":{"line":16,"column":2},"end":{"line":16,"column":29}},"type":"default-arg","locations":[{"start":{"line":16,"column":21},"end":{"line":16,"column":29}}],"line":16},"1":{"loc":{"start":{"line":28,"column":4},"end":{"line":30,"column":5}},"type":"if","locations":[{"start":{"line":28,"column":4},"end":{"line":30,"column":5}},{"start":{},"end":{}}],"line":28},"2":{"loc":{"start":{"line":28,"column":8},"end":{"line":28,"column":74}},"type":"binary-expr","locations":[{"start":{"line":28,"column":8},"end":{"line":28,"column":27}},{"start":{"line":28,"column":31},"end":{"line":28,"column":74}}],"line":28},"3":{"loc":{"start":{"line":53,"column":9},"end":{"line":63,"column":9}},"type":"cond-expr","locations":[{"start":{"line":54,"column":10},"end":{"line":57,"column":12}},{"start":{"line":59,"column":10},"end":{"line":62,"column":12}}],"line":53},"4":{"loc":{"start":{"line":65,"column":7},"end":{"line":108,"column":7}},"type":"binary-expr","locations":[{"start":{"line":65,"column":7},"end":{"line":65,"column":13}},{"start":{"line":66,"column":8},"end":{"line":107,"column":14}}],"line":65},"5":{"loc":{"start":{"line":78,"column":20},"end":{"line":80,"column":26}},"type":"cond-expr","locations":[{"start":{"line":79,"column":24},"end":{"line":79,"column":38}},{"start":{"line":80,"column":24},"end":{"line":80,"column":26}}],"line":78},"6":{"loc":{"start":{"line":89,"column":13},"end":{"line":105,"column":13}},"type":"binary-expr","locations":[{"start":{"line":89,"column":13},"end":{"line":89,"column":23}},{"start":{"line":90,"column":14},"end":{"line":104,"column":20}}],"line":89}},"s":{"0":0,"1":0,"2":0,"3":0,"4":0,"5":0,"6":0,"7":0,"8":0,"9":0,"10":0,"11":0,"12":0,"13":0,"14":0,"15":0,"16":0,"17":0,"18":0,"19":0,"20":0,"21":0,"22":0},"f":{"0":0,"1":0,"2":0,"3":0,"4":0,"5":0,"6":0,"7":0,"8":0,"9":0,"10":0},"b":{"0":[0],"1":[0,0],"2":[0,0],"3":[0,0],"4":[0,0],"5":[0,0],"6":[0,0]}}
,"/Users/beatrisilieve/VSC/ReactGems/client/src/components/DynamicForm/DynamicFormAuthUser.js": {"path":"/Users/beatrisilieve/VSC/ReactGems/client/src/components/DynamicForm/DynamicFormAuthUser.js","statementMap":{"0":{"start":{"line":3,"column":35},"end":{"line":58,"column":1}},"1":{"start":{"line":12,"column":2},"end":{"line":57,"column":4}},"2":{"start":{"line":15,"column":8},"end":{"line":54,"column":14}},"3":{"start":{"line":20,"column":27},"end":{"line":20,"column":46}},"4":{"start":{"line":21,"column":26},"end":{"line":21,"column":44}},"5":{"start":{"line":28,"column":31},"end":{"line":28,"column":67}},"6":{"start":{"line":29,"column":29},"end":{"line":29,"column":48}}},"fnMap":{"0":{"name":"(anonymous_0)","decl":{"start":{"line":3,"column":35},"end":{"line":3,"column":36}},"loc":{"start":{"line":11,"column":6},"end":{"line":58,"column":1}},"line":11},"1":{"name":"(anonymous_1)","decl":{"start":{"line":14,"column":36},"end":{"line":14,"column":37}},"loc":{"start":{"line":15,"column":8},"end":{"line":54,"column":14}},"line":15},"2":{"name":"(anonymous_2)","decl":{"start":{"line":20,"column":21},"end":{"line":20,"column":22}},"loc":{"start":{"line":20,"column":27},"end":{"line":20,"column":46}},"line":20},"3":{"name":"(anonymous_3)","decl":{"start":{"line":21,"column":20},"end":{"line":21,"column":21}},"loc":{"start":{"line":21,"column":26},"end":{"line":21,"column":44}},"line":21},"4":{"name":"(anonymous_4)","decl":{"start":{"line":28,"column":24},"end":{"line":28,"column":25}},"loc":{"start":{"line":28,"column":31},"end":{"line":28,"column":67}},"line":28},"5":{"name":"(anonymous_5)","decl":{"start":{"line":29,"column":23},"end":{"line":29,"column":24}},"loc":{"start":{"line":29,"column":29},"end":{"line":29,"column":48}},"line":29}},"branchMap":{"0":{"loc":{"start":{"line":18,"column":14},"end":{"line":18,"column":70}},"type":"cond-expr","locations":[{"start":{"line":18,"column":50},"end":{"line":18,"column":65}},{"start":{"line":18,"column":68},"end":{"line":18,"column":70}}],"line":18},"1":{"loc":{"start":{"line":36,"column":16},"end":{"line":36,"column":75}},"type":"cond-expr","locations":[{"start":{"line":36,"column":51},"end":{"line":36,"column":70}},{"start":{"line":36,"column":73},"end":{"line":36,"column":75}}],"line":36}},"s":{"0":7,"1":97,"2":380,"3":0,"4":0,"5":32,"6":0},"f":{"0":97,"1":380,"2":0,"3":0,"4":32,"5":0},"b":{"0":[59,321],"1":[126,254]},"_coverageSchema":"1a1c01bbd47fc00a2c39e90264f33305004495a9","hash":"822c1e21e1a561d8109a196068c79928804fcff6"}
,"/Users/beatrisilieve/VSC/ReactGems/client/src/components/DynamicForm/DynamicFormNotAuthUser.js": {"path":"/Users/beatrisilieve/VSC/ReactGems/client/src/components/DynamicForm/DynamicFormNotAuthUser.js","statementMap":{"0":{"start":{"line":7,"column":38},"end":{"line":83,"column":1}},"1":{"start":{"line":16,"column":4},"end":{"line":16,"column":19}},"2":{"start":{"line":18,"column":35},"end":{"line":20,"column":3}},"3":{"start":{"line":19,"column":4},"end":{"line":19,"column":38}},"4":{"start":{"line":22,"column":37},"end":{"line":24,"column":3}},"5":{"start":{"line":23,"column":4},"end":{"line":23,"column":39}},"6":{"start":{"line":26,"column":2},"end":{"line":82,"column":4}},"7":{"start":{"line":29,"column":8},"end":{"line":79,"column":14}},"8":{"start":{"line":36,"column":36},"end":{"line":36,"column":62}},"9":{"start":{"line":37,"column":36},"end":{"line":37,"column":64}},"10":{"start":{"line":45,"column":27},"end":{"line":45,"column":46}},"11":{"start":{"line":46,"column":26},"end":{"line":46,"column":44}},"12":{"start":{"line":53,"column":31},"end":{"line":53,"column":67}},"13":{"start":{"line":54,"column":29},"end":{"line":54,"column":48}}},"fnMap":{"0":{"name":"(anonymous_0)","decl":{"start":{"line":7,"column":38},"end":{"line":7,"column":39}},"loc":{"start":{"line":14,"column":6},"end":{"line":83,"column":1}},"line":14},"1":{"name":"(anonymous_1)","decl":{"start":{"line":18,"column":35},"end":{"line":18,"column":36}},"loc":{"start":{"line":18,"column":41},"end":{"line":20,"column":3}},"line":18},"2":{"name":"(anonymous_2)","decl":{"start":{"line":22,"column":37},"end":{"line":22,"column":38}},"loc":{"start":{"line":22,"column":43},"end":{"line":24,"column":3}},"line":22},"3":{"name":"(anonymous_3)","decl":{"start":{"line":28,"column":36},"end":{"line":28,"column":37}},"loc":{"start":{"line":29,"column":8},"end":{"line":79,"column":14}},"line":29},"4":{"name":"(anonymous_4)","decl":{"start":{"line":36,"column":30},"end":{"line":36,"column":31}},"loc":{"start":{"line":36,"column":36},"end":{"line":36,"column":62}},"line":36},"5":{"name":"(anonymous_5)","decl":{"start":{"line":37,"column":30},"end":{"line":37,"column":31}},"loc":{"start":{"line":37,"column":36},"end":{"line":37,"column":64}},"line":37},"6":{"name":"(anonymous_6)","decl":{"start":{"line":45,"column":21},"end":{"line":45,"column":22}},"loc":{"start":{"line":45,"column":27},"end":{"line":45,"column":46}},"line":45},"7":{"name":"(anonymous_7)","decl":{"start":{"line":46,"column":20},"end":{"line":46,"column":21}},"loc":{"start":{"line":46,"column":26},"end":{"line":46,"column":44}},"line":46},"8":{"name":"(anonymous_8)","decl":{"start":{"line":53,"column":24},"end":{"line":53,"column":25}},"loc":{"start":{"line":53,"column":31},"end":{"line":53,"column":67}},"line":53},"9":{"name":"(anonymous_9)","decl":{"start":{"line":54,"column":23},"end":{"line":54,"column":24}},"loc":{"start":{"line":54,"column":29},"end":{"line":54,"column":48}},"line":54}},"branchMap":{"0":{"loc":{"start":{"line":30,"column":11},"end":{"line":40,"column":11}},"type":"binary-expr","locations":[{"start":{"line":30,"column":11},"end":{"line":30,"column":26}},{"start":{"line":31,"column":12},"end":{"line":39,"column":19}}],"line":30},"1":{"loc":{"start":{"line":32,"column":17},"end":{"line":32,"column":74}},"type":"binary-expr","locations":[{"start":{"line":32,"column":17},"end":{"line":32,"column":41}},{"start":{"line":32,"column":45},"end":{"line":32,"column":74}}],"line":32},"2":{"loc":{"start":{"line":43,"column":14},"end":{"line":43,"column":70}},"type":"cond-expr","locations":[{"start":{"line":43,"column":50},"end":{"line":43,"column":65}},{"start":{"line":43,"column":68},"end":{"line":43,"column":70}}],"line":43},"3":{"loc":{"start":{"line":61,"column":16},"end":{"line":61,"column":75}},"type":"cond-expr","locations":[{"start":{"line":61,"column":51},"end":{"line":61,"column":70}},{"start":{"line":61,"column":73},"end":{"line":61,"column":75}}],"line":61}},"s":{"0":5,"1":69,"2":69,"3":0,"4":69,"5":0,"6":69,"7":330,"8":0,"9":0,"10":0,"11":0,"12":36,"13":0},"f":{"0":69,"1":0,"2":0,"3":330,"4":0,"5":0,"6":0,"7":0,"8":36,"9":0},"b":{"0":[330,69],"1":[69,0],"2":[104,226],"3":[150,180]},"_coverageSchema":"1a1c01bbd47fc00a2c39e90264f33305004495a9","hash":"84097e6225dd7c6593fc858f925d7d53fcc8aa2a"}
,"/Users/beatrisilieve/VSC/ReactGems/client/src/components/DynamicForm/QuestionMarkEmailRegister/QuestionMarkEmailRegister.js": {"path":"/Users/beatrisilieve/VSC/ReactGems/client/src/components/DynamicForm/QuestionMarkEmailRegister/QuestionMarkEmailRegister.js","statementMap":{"0":{"start":{"line":3,"column":41},"end":{"line":10,"column":1}},"1":{"start":{"line":4,"column":2},"end":{"line":9,"column":4}}},"fnMap":{"0":{"name":"(anonymous_0)","decl":{"start":{"line":3,"column":41},"end":{"line":3,"column":42}},"loc":{"start":{"line":3,"column":47},"end":{"line":10,"column":1}},"line":3}},"branchMap":{},"s":{"0":5,"1":0},"f":{"0":0},"b":{},"_coverageSchema":"1a1c01bbd47fc00a2c39e90264f33305004495a9","hash":"bc50c4c1eaf11c30e06de5bbee9e9e089d4b9e80"}
,"/Users/beatrisilieve/VSC/ReactGems/client/src/components/FilterBy/FilterBy.js": {"path":"/Users/beatrisilieve/VSC/ReactGems/client/src/components/FilterBy/FilterBy.js","statementMap":{"0":{"start":{"line":8,"column":30},"end":{"line":11,"column":1}},"1":{"start":{"line":13,"column":24},"end":{"line":168,"column":1}},"2":{"start":{"line":26,"column":46},"end":{"line":26,"column":61}},"3":{"start":{"line":27,"column":56},"end":{"line":27,"column":71}},"4":{"start":{"line":28,"column":58},"end":{"line":28,"column":73}},"5":{"start":{"line":30,"column":22},"end":{"line":55,"column":3}},"6":{"start":{"line":31,"column":4},"end":{"line":31,"column":34}},"7":{"start":{"line":35,"column":4},"end":{"line":47,"column":5}},"8":{"start":{"line":39,"column":6},"end":{"line":39,"column":63}},"9":{"start":{"line":40,"column":11},"end":{"line":47,"column":5}},"10":{"start":{"line":44,"column":6},"end":{"line":44,"column":62}},"11":{"start":{"line":46,"column":6},"end":{"line":46,"column":27}},"12":{"start":{"line":49,"column":29},"end":{"line":49,"column":58}},"13":{"start":{"line":51,"column":4},"end":{"line":51,"column":43}},"14":{"start":{"line":53,"column":4},"end":{"line":53,"column":26}},"15":{"start":{"line":54,"column":4},"end":{"line":54,"column":56}},"16":{"start":{"line":57,"column":24},"end":{"line":76,"column":3}},"17":{"start":{"line":58,"column":21},"end":{"line":58,"column":35}},"18":{"start":{"line":59,"column":22},"end":{"line":59,"column":38}},"19":{"start":{"line":61,"column":4},"end":{"line":75,"column":7}},"20":{"start":{"line":62,"column":6},"end":{"line":74,"column":7}},"21":{"start":{"line":63,"column":8},"end":{"line":66,"column":10}},"22":{"start":{"line":68,"column":8},"end":{"line":73,"column":10}},"23":{"start":{"line":71,"column":23},"end":{"line":71,"column":49}},"24":{"start":{"line":78,"column":24},"end":{"line":96,"column":3}},"25":{"start":{"line":79,"column":4},"end":{"line":79,"column":23}},"26":{"start":{"line":83,"column":4},"end":{"line":89,"column":5}},"27":{"start":{"line":84,"column":6},"end":{"line":84,"column":70}},"28":{"start":{"line":85,"column":11},"end":{"line":89,"column":5}},"29":{"start":{"line":86,"column":6},"end":{"line":86,"column":71}},"30":{"start":{"line":88,"column":6},"end":{"line":88,"column":27}},"31":{"start":{"line":91,"column":29},"end":{"line":91,"column":58}},"32":{"start":{"line":93,"column":4},"end":{"line":93,"column":43}},"33":{"start":{"line":95,"column":4},"end":{"line":95,"column":26}},"34":{"start":{"line":98,"column":26},"end":{"line":107,"column":3}},"35":{"start":{"line":99,"column":4},"end":{"line":106,"column":7}},"36":{"start":{"line":100,"column":23},"end":{"line":103,"column":7}},"37":{"start":{"line":105,"column":6},"end":{"line":105,"column":22}},"38":{"start":{"line":109,"column":22},"end":{"line":115,"column":3}},"39":{"start":{"line":110,"column":4},"end":{"line":110,"column":35}},"40":{"start":{"line":112,"column":4},"end":{"line":112,"column":35}},"41":{"start":{"line":114,"column":4},"end":{"line":114,"column":57}},"42":{"start":{"line":117,"column":34},"end":{"line":121,"column":3}},"43":{"start":{"line":118,"column":20},"end":{"line":118,"column":51}},"44":{"start":{"line":120,"column":4},"end":{"line":120,"column":36}},"45":{"start":{"line":123,"column":35},"end":{"line":127,"column":3}},"46":{"start":{"line":124,"column":20},"end":{"line":124,"column":52}},"47":{"start":{"line":126,"column":4},"end":{"line":126,"column":37}},"48":{"start":{"line":129,"column":2},"end":{"line":132,"column":18}},"49":{"start":{"line":130,"column":4},"end":{"line":130,"column":30}},"50":{"start":{"line":131,"column":4},"end":{"line":131,"column":31}},"51":{"start":{"line":134,"column":2},"end":{"line":167,"column":4}},"52":{"start":{"line":147,"column":42},"end":{"line":147,"column":67}},"53":{"start":{"line":161,"column":42},"end":{"line":161,"column":67}}},"fnMap":{"0":{"name":"(anonymous_0)","decl":{"start":{"line":13,"column":24},"end":{"line":13,"column":25}},"loc":{"start":{"line":25,"column":6},"end":{"line":168,"column":1}},"line":25},"1":{"name":"(anonymous_1)","decl":{"start":{"line":30,"column":22},"end":{"line":30,"column":23}},"loc":{"start":{"line":30,"column":40},"end":{"line":55,"column":3}},"line":30},"2":{"name":"(anonymous_2)","decl":{"start":{"line":57,"column":24},"end":{"line":57,"column":25}},"loc":{"start":{"line":57,"column":44},"end":{"line":76,"column":3}},"line":57},"3":{"name":"(anonymous_3)","decl":{"start":{"line":61,"column":17},"end":{"line":61,"column":18}},"loc":{"start":{"line":61,"column":28},"end":{"line":75,"column":5}},"line":61},"4":{"name":"(anonymous_4)","decl":{"start":{"line":71,"column":12},"end":{"line":71,"column":13}},"loc":{"start":{"line":71,"column":23},"end":{"line":71,"column":49}},"line":71},"5":{"name":"(anonymous_5)","decl":{"start":{"line":78,"column":24},"end":{"line":78,"column":25}},"loc":{"start":{"line":78,"column":45},"end":{"line":96,"column":3}},"line":78},"6":{"name":"(anonymous_6)","decl":{"start":{"line":98,"column":26},"end":{"line":98,"column":27}},"loc":{"start":{"line":98,"column":44},"end":{"line":107,"column":3}},"line":98},"7":{"name":"(anonymous_7)","decl":{"start":{"line":99,"column":17},"end":{"line":99,"column":18}},"loc":{"start":{"line":99,"column":32},"end":{"line":106,"column":5}},"line":99},"8":{"name":"(anonymous_8)","decl":{"start":{"line":109,"column":22},"end":{"line":109,"column":23}},"loc":{"start":{"line":109,"column":36},"end":{"line":115,"column":3}},"line":109},"9":{"name":"(anonymous_9)","decl":{"start":{"line":117,"column":34},"end":{"line":117,"column":35}},"loc":{"start":{"line":117,"column":40},"end":{"line":121,"column":3}},"line":117},"10":{"name":"(anonymous_10)","decl":{"start":{"line":123,"column":35},"end":{"line":123,"column":36}},"loc":{"start":{"line":123,"column":41},"end":{"line":127,"column":3}},"line":123},"11":{"name":"(anonymous_11)","decl":{"start":{"line":129,"column":12},"end":{"line":129,"column":13}},"loc":{"start":{"line":129,"column":18},"end":{"line":132,"column":3}},"line":129},"12":{"name":"(anonymous_12)","decl":{"start":{"line":147,"column":30},"end":{"line":147,"column":31}},"loc":{"start":{"line":147,"column":42},"end":{"line":147,"column":67}},"line":147},"13":{"name":"(anonymous_13)","decl":{"start":{"line":161,"column":30},"end":{"line":161,"column":31}},"loc":{"start":{"line":161,"column":42},"end":{"line":161,"column":67}},"line":161}},"branchMap":{"0":{"loc":{"start":{"line":35,"column":4},"end":{"line":47,"column":5}},"type":"if","locations":[{"start":{"line":35,"column":4},"end":{"line":47,"column":5}},{"start":{"line":40,"column":11},"end":{"line":47,"column":5}}],"line":35},"1":{"loc":{"start":{"line":36,"column":6},"end":{"line":37,"column":74}},"type":"binary-expr","locations":[{"start":{"line":36,"column":6},"end":{"line":36,"column":67}},{"start":{"line":37,"column":6},"end":{"line":37,"column":74}}],"line":36},"2":{"loc":{"start":{"line":40,"column":11},"end":{"line":47,"column":5}},"type":"if","locations":[{"start":{"line":40,"column":11},"end":{"line":47,"column":5}},{"start":{"line":45,"column":11},"end":{"line":47,"column":5}}],"line":40},"3":{"loc":{"start":{"line":41,"column":6},"end":{"line":42,"column":73}},"type":"binary-expr","locations":[{"start":{"line":41,"column":6},"end":{"line":41,"column":68}},{"start":{"line":42,"column":6},"end":{"line":42,"column":73}}],"line":41},"4":{"loc":{"start":{"line":62,"column":6},"end":{"line":74,"column":7}},"type":"if","locations":[{"start":{"line":62,"column":6},"end":{"line":74,"column":7}},{"start":{"line":67,"column":13},"end":{"line":74,"column":7}}],"line":62},"5":{"loc":{"start":{"line":65,"column":30},"end":{"line":65,"column":54}},"type":"binary-expr","locations":[{"start":{"line":65,"column":30},"end":{"line":65,"column":48}},{"start":{"line":65,"column":52},"end":{"line":65,"column":54}}],"line":65},"6":{"loc":{"start":{"line":70,"column":26},"end":{"line":70,"column":50}},"type":"binary-expr","locations":[{"start":{"line":70,"column":26},"end":{"line":70,"column":44}},{"start":{"line":70,"column":48},"end":{"line":70,"column":50}}],"line":70},"7":{"loc":{"start":{"line":83,"column":4},"end":{"line":89,"column":5}},"type":"if","locations":[{"start":{"line":83,"column":4},"end":{"line":89,"column":5}},{"start":{"line":85,"column":11},"end":{"line":89,"column":5}}],"line":83},"8":{"loc":{"start":{"line":85,"column":11},"end":{"line":89,"column":5}},"type":"if","locations":[{"start":{"line":85,"column":11},"end":{"line":89,"column":5}},{"start":{"line":87,"column":11},"end":{"line":89,"column":5}}],"line":85}},"s":{"0":0,"1":0,"2":0,"3":0,"4":0,"5":0,"6":0,"7":0,"8":0,"9":0,"10":0,"11":0,"12":0,"13":0,"14":0,"15":0,"16":0,"17":0,"18":0,"19":0,"20":0,"21":0,"22":0,"23":0,"24":0,"25":0,"26":0,"27":0,"28":0,"29":0,"30":0,"31":0,"32":0,"33":0,"34":0,"35":0,"36":0,"37":0,"38":0,"39":0,"40":0,"41":0,"42":0,"43":0,"44":0,"45":0,"46":0,"47":0,"48":0,"49":0,"50":0,"51":0,"52":0,"53":0},"f":{"0":0,"1":0,"2":0,"3":0,"4":0,"5":0,"6":0,"7":0,"8":0,"9":0,"10":0,"11":0,"12":0,"13":0},"b":{"0":[0,0],"1":[0,0],"2":[0,0],"3":[0,0],"4":[0,0],"5":[0,0],"6":[0,0],"7":[0,0],"8":[0,0]}}
,"/Users/beatrisilieve/VSC/ReactGems/client/src/components/Footer/Footer.js": {"path":"/Users/beatrisilieve/VSC/ReactGems/client/src/components/Footer/Footer.js","statementMap":{"0":{"start":{"line":3,"column":22},"end":{"line":11,"column":1}},"1":{"start":{"line":4,"column":2},"end":{"line":10,"column":4}}},"fnMap":{"0":{"name":"(anonymous_0)","decl":{"start":{"line":3,"column":22},"end":{"line":3,"column":23}},"loc":{"start":{"line":3,"column":28},"end":{"line":11,"column":1}},"line":3}},"branchMap":{},"s":{"0":0,"1":0},"f":{"0":0},"b":{}}
,"/Users/beatrisilieve/VSC/ReactGems/client/src/components/Header/Header.js": {"path":"/Users/beatrisilieve/VSC/ReactGems/client/src/components/Header/Header.js","statementMap":{"0":{"start":{"line":17,"column":22},"end":{"line":20,"column":1}},"1":{"start":{"line":22,"column":22},"end":{"line":244,"column":1}},"2":{"start":{"line":23,"column":30},"end":{"line":23,"column":46}},"3":{"start":{"line":24,"column":58},"end":{"line":24,"column":78}},"4":{"start":{"line":25,"column":28},"end":{"line":25,"column":43}},"5":{"start":{"line":27,"column":4},"end":{"line":27,"column":19}},"6":{"start":{"line":28,"column":58},"end":{"line":28,"column":73}},"7":{"start":{"line":29,"column":38},"end":{"line":29,"column":53}},"8":{"start":{"line":30,"column":44},"end":{"line":30,"column":59}},"9":{"start":{"line":31,"column":40},"end":{"line":31,"column":51}},"10":{"start":{"line":33,"column":2},"end":{"line":53,"column":20}},"11":{"start":{"line":34,"column":25},"end":{"line":48,"column":5}},"12":{"start":{"line":35,"column":29},"end":{"line":35,"column":43}},"13":{"start":{"line":37,"column":6},"end":{"line":45,"column":7}},"14":{"start":{"line":38,"column":8},"end":{"line":38,"column":28}},"15":{"start":{"line":39,"column":8},"end":{"line":39,"column":32}},"16":{"start":{"line":40,"column":13},"end":{"line":45,"column":7}},"17":{"start":{"line":41,"column":8},"end":{"line":41,"column":29}},"18":{"start":{"line":42,"column":8},"end":{"line":42,"column":31}},"19":{"start":{"line":43,"column":13},"end":{"line":45,"column":7}},"20":{"start":{"line":44,"column":8},"end":{"line":44,"column":29}},"21":{"start":{"line":47,"column":6},"end":{"line":47,"column":37}},"22":{"start":{"line":49,"column":4},"end":{"line":49,"column":52}},"23":{"start":{"line":50,"column":4},"end":{"line":52,"column":6}},"24":{"start":{"line":51,"column":6},"end":{"line":51,"column":57}},"25":{"start":{"line":55,"column":28},"end":{"line":63,"column":3}},"26":{"start":{"line":56,"column":4},"end":{"line":56,"column":44}},"27":{"start":{"line":58,"column":4},"end":{"line":62,"column":5}},"28":{"start":{"line":59,"column":6},"end":{"line":59,"column":37}},"29":{"start":{"line":60,"column":11},"end":{"line":62,"column":5}},"30":{"start":{"line":61,"column":6},"end":{"line":61,"column":36}},"31":{"start":{"line":65,"column":28},"end":{"line":73,"column":3}},"32":{"start":{"line":66,"column":4},"end":{"line":66,"column":45}},"33":{"start":{"line":68,"column":4},"end":{"line":72,"column":5}},"34":{"start":{"line":69,"column":6},"end":{"line":69,"column":38}},"35":{"start":{"line":70,"column":11},"end":{"line":72,"column":5}},"36":{"start":{"line":71,"column":6},"end":{"line":71,"column":37}},"37":{"start":{"line":75,"column":2},"end":{"line":243,"column":4}},"38":{"start":{"line":103,"column":35},"end":{"line":103,"column":74}},"39":{"start":{"line":107,"column":35},"end":{"line":107,"column":74}},"40":{"start":{"line":120,"column":35},"end":{"line":120,"column":76}},"41":{"start":{"line":124,"column":35},"end":{"line":124,"column":76}},"42":{"start":{"line":230,"column":39},"end":{"line":230,"column":78}},"43":{"start":{"line":236,"column":16},"end":{"line":236,"column":57}}},"fnMap":{"0":{"name":"(anonymous_0)","decl":{"start":{"line":22,"column":22},"end":{"line":22,"column":23}},"loc":{"start":{"line":22,"column":28},"end":{"line":244,"column":1}},"line":22},"1":{"name":"(anonymous_1)","decl":{"start":{"line":33,"column":12},"end":{"line":33,"column":13}},"loc":{"start":{"line":33,"column":18},"end":{"line":53,"column":3}},"line":33},"2":{"name":"(anonymous_2)","decl":{"start":{"line":34,"column":25},"end":{"line":34,"column":26}},"loc":{"start":{"line":34,"column":31},"end":{"line":48,"column":5}},"line":34},"3":{"name":"(anonymous_3)","decl":{"start":{"line":50,"column":11},"end":{"line":50,"column":12}},"loc":{"start":{"line":50,"column":17},"end":{"line":52,"column":5}},"line":50},"4":{"name":"(anonymous_4)","decl":{"start":{"line":55,"column":28},"end":{"line":55,"column":29}},"loc":{"start":{"line":55,"column":51},"end":{"line":63,"column":3}},"line":55},"5":{"name":"(anonymous_5)","decl":{"start":{"line":65,"column":28},"end":{"line":65,"column":29}},"loc":{"start":{"line":65,"column":45},"end":{"line":73,"column":3}},"line":65},"6":{"name":"(anonymous_6)","decl":{"start":{"line":103,"column":29},"end":{"line":103,"column":30}},"loc":{"start":{"line":103,"column":35},"end":{"line":103,"column":74}},"line":103},"7":{"name":"(anonymous_7)","decl":{"start":{"line":107,"column":29},"end":{"line":107,"column":30}},"loc":{"start":{"line":107,"column":35},"end":{"line":107,"column":74}},"line":107},"8":{"name":"(anonymous_8)","decl":{"start":{"line":120,"column":29},"end":{"line":120,"column":30}},"loc":{"start":{"line":120,"column":35},"end":{"line":120,"column":76}},"line":120},"9":{"name":"(anonymous_9)","decl":{"start":{"line":124,"column":29},"end":{"line":124,"column":30}},"loc":{"start":{"line":124,"column":35},"end":{"line":124,"column":76}},"line":124},"10":{"name":"(anonymous_10)","decl":{"start":{"line":230,"column":33},"end":{"line":230,"column":34}},"loc":{"start":{"line":230,"column":39},"end":{"line":230,"column":78}},"line":230},"11":{"name":"(anonymous_11)","decl":{"start":{"line":235,"column":33},"end":{"line":235,"column":34}},"loc":{"start":{"line":236,"column":16},"end":{"line":236,"column":57}},"line":236}},"branchMap":{"0":{"loc":{"start":{"line":37,"column":6},"end":{"line":45,"column":7}},"type":"if","locations":[{"start":{"line":37,"column":6},"end":{"line":45,"column":7}},{"start":{"line":40,"column":13},"end":{"line":45,"column":7}}],"line":37},"1":{"loc":{"start":{"line":37,"column":10},"end":{"line":37,"column":61}},"type":"binary-expr","locations":[{"start":{"line":37,"column":10},"end":{"line":37,"column":29}},{"start":{"line":37,"column":33},"end":{"line":37,"column":61}}],"line":37},"2":{"loc":{"start":{"line":40,"column":13},"end":{"line":45,"column":7}},"type":"if","locations":[{"start":{"line":40,"column":13},"end":{"line":45,"column":7}},{"start":{"line":43,"column":13},"end":{"line":45,"column":7}}],"line":40},"3":{"loc":{"start":{"line":43,"column":13},"end":{"line":45,"column":7}},"type":"if","locations":[{"start":{"line":43,"column":13},"end":{"line":45,"column":7}},{"start":{},"end":{}}],"line":43},"4":{"loc":{"start":{"line":58,"column":4},"end":{"line":62,"column":5}},"type":"if","locations":[{"start":{"line":58,"column":4},"end":{"line":62,"column":5}},{"start":{"line":60,"column":11},"end":{"line":62,"column":5}}],"line":58},"5":{"loc":{"start":{"line":60,"column":11},"end":{"line":62,"column":5}},"type":"if","locations":[{"start":{"line":60,"column":11},"end":{"line":62,"column":5}},{"start":{},"end":{}}],"line":60},"6":{"loc":{"start":{"line":68,"column":4},"end":{"line":72,"column":5}},"type":"if","locations":[{"start":{"line":68,"column":4},"end":{"line":72,"column":5}},{"start":{"line":70,"column":11},"end":{"line":72,"column":5}}],"line":68},"7":{"loc":{"start":{"line":70,"column":11},"end":{"line":72,"column":5}},"type":"if","locations":[{"start":{"line":70,"column":11},"end":{"line":72,"column":5}},{"start":{},"end":{}}],"line":70},"8":{"loc":{"start":{"line":77,"column":7},"end":{"line":241,"column":7}},"type":"cond-expr","locations":[{"start":{"line":78,"column":8},"end":{"line":78,"column":22}},{"start":{"line":80,"column":8},"end":{"line":240,"column":17}}],"line":77},"9":{"loc":{"start":{"line":170,"column":21},"end":{"line":176,"column":21}},"type":"cond-expr","locations":[{"start":{"line":171,"column":22},"end":{"line":173,"column":29}},{"start":{"line":175,"column":22},"end":{"line":175,"column":67}}],"line":170},"10":{"loc":{"start":{"line":196,"column":17},"end":{"line":208,"column":17}},"type":"binary-expr","locations":[{"start":{"line":196,"column":17},"end":{"line":196,"column":33}},{"start":{"line":197,"column":18},"end":{"line":207,"column":23}}],"line":196},"11":{"loc":{"start":{"line":209,"column":17},"end":{"line":224,"column":17}},"type":"binary-expr","locations":[{"start":{"line":209,"column":17},"end":{"line":209,"column":32}},{"start":{"line":210,"column":18},"end":{"line":223,"column":23}}],"line":209},"12":{"loc":{"start":{"line":228,"column":11},"end":{"line":232,"column":11}},"type":"binary-expr","locations":[{"start":{"line":228,"column":11},"end":{"line":228,"column":39}},{"start":{"line":229,"column":12},"end":{"line":231,"column":14}}],"line":228},"13":{"loc":{"start":{"line":233,"column":11},"end":{"line":239,"column":11}},"type":"binary-expr","locations":[{"start":{"line":233,"column":11},"end":{"line":233,"column":31}},{"start":{"line":234,"column":12},"end":{"line":238,"column":14}}],"line":233}},"s":{"0":0,"1":0,"2":0,"3":0,"4":0,"5":0,"6":0,"7":0,"8":0,"9":0,"10":0,"11":0,"12":0,"13":0,"14":0,"15":0,"16":0,"17":0,"18":0,"19":0,"20":0,"21":0,"22":0,"23":0,"24":0,"25":0,"26":0,"27":0,"28":0,"29":0,"30":0,"31":0,"32":0,"33":0,"34":0,"35":0,"36":0,"37":0,"38":0,"39":0,"40":0,"41":0,"42":0,"43":0},"f":{"0":0,"1":0,"2":0,"3":0,"4":0,"5":0,"6":0,"7":0,"8":0,"9":0,"10":0,"11":0},"b":{"0":[0,0],"1":[0,0],"2":[0,0],"3":[0,0],"4":[0,0],"5":[0,0],"6":[0,0],"7":[0,0],"8":[0,0],"9":[0,0],"10":[0,0],"11":[0,0],"12":[0,0],"13":[0,0]}}
,"/Users/beatrisilieve/VSC/ReactGems/client/src/components/Header/LocationPopup/LocationPopup.js": {"path":"/Users/beatrisilieve/VSC/ReactGems/client/src/components/Header/LocationPopup/LocationPopup.js","statementMap":{"0":{"start":{"line":6,"column":29},"end":{"line":54,"column":1}},"1":{"start":{"line":7,"column":2},"end":{"line":18,"column":26}},"2":{"start":{"line":8,"column":26},"end":{"line":12,"column":5}},"3":{"start":{"line":9,"column":6},"end":{"line":11,"column":7}},"4":{"start":{"line":10,"column":8},"end":{"line":10,"column":28}},"5":{"start":{"line":14,"column":4},"end":{"line":14,"column":54}},"6":{"start":{"line":15,"column":4},"end":{"line":17,"column":6}},"7":{"start":{"line":16,"column":6},"end":{"line":16,"column":59}},"8":{"start":{"line":20,"column":2},"end":{"line":53,"column":4}},"9":{"start":{"line":25,"column":53},"end":{"line":25,"column":72}}},"fnMap":{"0":{"name":"(anonymous_0)","decl":{"start":{"line":6,"column":29},"end":{"line":6,"column":30}},"loc":{"start":{"line":6,"column":56},"end":{"line":54,"column":1}},"line":6},"1":{"name":"(anonymous_1)","decl":{"start":{"line":7,"column":12},"end":{"line":7,"column":13}},"loc":{"start":{"line":7,"column":18},"end":{"line":18,"column":3}},"line":7},"2":{"name":"(anonymous_2)","decl":{"start":{"line":8,"column":26},"end":{"line":8,"column":27}},"loc":{"start":{"line":8,"column":37},"end":{"line":12,"column":5}},"line":8},"3":{"name":"(anonymous_3)","decl":{"start":{"line":15,"column":11},"end":{"line":15,"column":12}},"loc":{"start":{"line":15,"column":17},"end":{"line":17,"column":5}},"line":15},"4":{"name":"(anonymous_4)","decl":{"start":{"line":25,"column":47},"end":{"line":25,"column":48}},"loc":{"start":{"line":25,"column":53},"end":{"line":25,"column":72}},"line":25}},"branchMap":{"0":{"loc":{"start":{"line":9,"column":6},"end":{"line":11,"column":7}},"type":"if","locations":[{"start":{"line":9,"column":6},"end":{"line":11,"column":7}},{"start":{},"end":{}}],"line":9}},"s":{"0":0,"1":0,"2":0,"3":0,"4":0,"5":0,"6":0,"7":0,"8":0,"9":0},"f":{"0":0,"1":0,"2":0,"3":0,"4":0},"b":{"0":[0,0]}}
,"/Users/beatrisilieve/VSC/ReactGems/client/src/components/Header/MiniHeader/MiniHeader.js": {"path":"/Users/beatrisilieve/VSC/ReactGems/client/src/components/Header/MiniHeader/MiniHeader.js","statementMap":{"0":{"start":{"line":4,"column":26},"end":{"line":20,"column":1}},"1":{"start":{"line":5,"column":2},"end":{"line":19,"column":4}}},"fnMap":{"0":{"name":"(anonymous_0)","decl":{"start":{"line":4,"column":26},"end":{"line":4,"column":27}},"loc":{"start":{"line":4,"column":32},"end":{"line":20,"column":1}},"line":4}},"branchMap":{},"s":{"0":0,"1":0},"f":{"0":0},"b":{}}
,"/Users/beatrisilieve/VSC/ReactGems/client/src/components/Header/SearchBoxPopup/SearchBoxPopup.js": {"path":"/Users/beatrisilieve/VSC/ReactGems/client/src/components/Header/SearchBoxPopup/SearchBoxPopup.js","statementMap":{"0":{"start":{"line":11,"column":30},"end":{"line":215,"column":1}},"1":{"start":{"line":12,"column":28},"end":{"line":12,"column":42}},"2":{"start":{"line":13,"column":36},"end":{"line":13,"column":48}},"3":{"start":{"line":14,"column":24},"end":{"line":14,"column":56}},"4":{"start":{"line":16,"column":19},"end":{"line":18,"column":3}},"5":{"start":{"line":17,"column":4},"end":{"line":17,"column":29}},"6":{"start":{"line":20,"column":2},"end":{"line":27,"column":14}},"7":{"start":{"line":21,"column":4},"end":{"line":26,"column":9}},"8":{"start":{"line":25,"column":8},"end":{"line":25,"column":33}},"9":{"start":{"line":29,"column":2},"end":{"line":40,"column":26}},"10":{"start":{"line":30,"column":26},"end":{"line":34,"column":5}},"11":{"start":{"line":31,"column":6},"end":{"line":33,"column":7}},"12":{"start":{"line":32,"column":8},"end":{"line":32,"column":28}},"13":{"start":{"line":36,"column":4},"end":{"line":36,"column":54}},"14":{"start":{"line":37,"column":4},"end":{"line":39,"column":6}},"15":{"start":{"line":38,"column":6},"end":{"line":38,"column":59}},"16":{"start":{"line":42,"column":2},"end":{"line":214,"column":4}},"17":{"start":{"line":47,"column":53},"end":{"line":47,"column":72}},"18":{"start":{"line":73,"column":16},"end":{"line":86,"column":22}},"19":{"start":{"line":80,"column":37},"end":{"line":80,"column":56}},"20":{"start":{"line":100,"column":39},"end":{"line":100,"column":58}},"21":{"start":{"line":109,"column":39},"end":{"line":109,"column":58}},"22":{"start":{"line":118,"column":39},"end":{"line":118,"column":58}},"23":{"start":{"line":130,"column":39},"end":{"line":130,"column":58}},"24":{"start":{"line":139,"column":39},"end":{"line":139,"column":58}},"25":{"start":{"line":151,"column":39},"end":{"line":151,"column":58}},"26":{"start":{"line":165,"column":39},"end":{"line":165,"column":58}},"27":{"start":{"line":174,"column":39},"end":{"line":174,"column":58}},"28":{"start":{"line":183,"column":39},"end":{"line":183,"column":58}},"29":{"start":{"line":192,"column":39},"end":{"line":192,"column":58}}},"fnMap":{"0":{"name":"(anonymous_0)","decl":{"start":{"line":11,"column":30},"end":{"line":11,"column":31}},"loc":{"start":{"line":11,"column":57},"end":{"line":215,"column":1}},"line":11},"1":{"name":"(anonymous_1)","decl":{"start":{"line":16,"column":19},"end":{"line":16,"column":20}},"loc":{"start":{"line":16,"column":32},"end":{"line":18,"column":3}},"line":16},"2":{"name":"(anonymous_2)","decl":{"start":{"line":20,"column":12},"end":{"line":20,"column":13}},"loc":{"start":{"line":20,"column":18},"end":{"line":27,"column":3}},"line":20},"3":{"name":"(anonymous_3)","decl":{"start":{"line":24,"column":13},"end":{"line":24,"column":14}},"loc":{"start":{"line":24,"column":22},"end":{"line":26,"column":7}},"line":24},"4":{"name":"(anonymous_4)","decl":{"start":{"line":29,"column":12},"end":{"line":29,"column":13}},"loc":{"start":{"line":29,"column":18},"end":{"line":40,"column":3}},"line":29},"5":{"name":"(anonymous_5)","decl":{"start":{"line":30,"column":26},"end":{"line":30,"column":27}},"loc":{"start":{"line":30,"column":37},"end":{"line":34,"column":5}},"line":30},"6":{"name":"(anonymous_6)","decl":{"start":{"line":37,"column":11},"end":{"line":37,"column":12}},"loc":{"start":{"line":37,"column":17},"end":{"line":39,"column":5}},"line":37},"7":{"name":"(anonymous_7)","decl":{"start":{"line":47,"column":47},"end":{"line":47,"column":48}},"loc":{"start":{"line":47,"column":53},"end":{"line":47,"column":72}},"line":47},"8":{"name":"(anonymous_8)","decl":{"start":{"line":72,"column":29},"end":{"line":72,"column":30}},"loc":{"start":{"line":73,"column":16},"end":{"line":86,"column":22}},"line":73},"9":{"name":"(anonymous_9)","decl":{"start":{"line":80,"column":31},"end":{"line":80,"column":32}},"loc":{"start":{"line":80,"column":37},"end":{"line":80,"column":56}},"line":80},"10":{"name":"(anonymous_10)","decl":{"start":{"line":100,"column":33},"end":{"line":100,"column":34}},"loc":{"start":{"line":100,"column":39},"end":{"line":100,"column":58}},"line":100},"11":{"name":"(anonymous_11)","decl":{"start":{"line":109,"column":33},"end":{"line":109,"column":34}},"loc":{"start":{"line":109,"column":39},"end":{"line":109,"column":58}},"line":109},"12":{"name":"(anonymous_12)","decl":{"start":{"line":118,"column":33},"end":{"line":118,"column":34}},"loc":{"start":{"line":118,"column":39},"end":{"line":118,"column":58}},"line":118},"13":{"name":"(anonymous_13)","decl":{"start":{"line":130,"column":33},"end":{"line":130,"column":34}},"loc":{"start":{"line":130,"column":39},"end":{"line":130,"column":58}},"line":130},"14":{"name":"(anonymous_14)","decl":{"start":{"line":139,"column":33},"end":{"line":139,"column":34}},"loc":{"start":{"line":139,"column":39},"end":{"line":139,"column":58}},"line":139},"15":{"name":"(anonymous_15)","decl":{"start":{"line":151,"column":33},"end":{"line":151,"column":34}},"loc":{"start":{"line":151,"column":39},"end":{"line":151,"column":58}},"line":151},"16":{"name":"(anonymous_16)","decl":{"start":{"line":165,"column":33},"end":{"line":165,"column":34}},"loc":{"start":{"line":165,"column":39},"end":{"line":165,"column":58}},"line":165},"17":{"name":"(anonymous_17)","decl":{"start":{"line":174,"column":33},"end":{"line":174,"column":34}},"loc":{"start":{"line":174,"column":39},"end":{"line":174,"column":58}},"line":174},"18":{"name":"(anonymous_18)","decl":{"start":{"line":183,"column":33},"end":{"line":183,"column":34}},"loc":{"start":{"line":183,"column":39},"end":{"line":183,"column":58}},"line":183},"19":{"name":"(anonymous_19)","decl":{"start":{"line":192,"column":33},"end":{"line":192,"column":34}},"loc":{"start":{"line":192,"column":39},"end":{"line":192,"column":58}},"line":192}},"branchMap":{"0":{"loc":{"start":{"line":31,"column":6},"end":{"line":33,"column":7}},"type":"if","locations":[{"start":{"line":31,"column":6},"end":{"line":33,"column":7}},{"start":{},"end":{}}],"line":31},"1":{"loc":{"start":{"line":70,"column":11},"end":{"line":210,"column":11}},"type":"cond-expr","locations":[{"start":{"line":71,"column":12},"end":{"line":88,"column":18}},{"start":{"line":90,"column":12},"end":{"line":209,"column":18}}],"line":70}},"s":{"0":0,"1":0,"2":0,"3":0,"4":0,"5":0,"6":0,"7":0,"8":0,"9":0,"10":0,"11":0,"12":0,"13":0,"14":0,"15":0,"16":0,"17":0,"18":0,"19":0,"20":0,"21":0,"22":0,"23":0,"24":0,"25":0,"26":0,"27":0,"28":0,"29":0},"f":{"0":0,"1":0,"2":0,"3":0,"4":0,"5":0,"6":0,"7":0,"8":0,"9":0,"10":0,"11":0,"12":0,"13":0,"14":0,"15":0,"16":0,"17":0,"18":0,"19":0},"b":{"0":[0,0],"1":[0,0]}}
,"/Users/beatrisilieve/VSC/ReactGems/client/src/components/Home/Home.js": {"path":"/Users/beatrisilieve/VSC/ReactGems/client/src/components/Home/Home.js","statementMap":{"0":{"start":{"line":5,"column":20},"end":{"line":145,"column":1}},"1":{"start":{"line":6,"column":2},"end":{"line":144,"column":4}}},"fnMap":{"0":{"name":"(anonymous_0)","decl":{"start":{"line":5,"column":20},"end":{"line":5,"column":21}},"loc":{"start":{"line":5,"column":26},"end":{"line":145,"column":1}},"line":5}},"branchMap":{},"s":{"0":1,"1":4},"f":{"0":4},"b":{},"_coverageSchema":"1a1c01bbd47fc00a2c39e90264f33305004495a9","hash":"9731f32064c2c8e8f47a92231da8c7958103d609"}
,"/Users/beatrisilieve/VSC/ReactGems/client/src/components/HorizontalLine/HorizontalLine.js": {"path":"/Users/beatrisilieve/VSC/ReactGems/client/src/components/HorizontalLine/HorizontalLine.js","statementMap":{"0":{"start":{"line":3,"column":30},"end":{"line":15,"column":1}},"1":{"start":{"line":4,"column":2},"end":{"line":14,"column":4}}},"fnMap":{"0":{"name":"(anonymous_0)","decl":{"start":{"line":3,"column":30},"end":{"line":3,"column":31}},"loc":{"start":{"line":3,"column":36},"end":{"line":15,"column":1}},"line":3}},"branchMap":{},"s":{"0":1,"1":12},"f":{"0":12},"b":{},"_coverageSchema":"1a1c01bbd47fc00a2c39e90264f33305004495a9","hash":"bdc174e5e71775b657f74a24abaaa685f1037a56"}
,"/Users/beatrisilieve/VSC/ReactGems/client/src/components/JewelryCard/JewelryCard.js": {"path":"/Users/beatrisilieve/VSC/ReactGems/client/src/components/JewelryCard/JewelryCard.js","statementMap":{"0":{"start":{"line":3,"column":27},"end":{"line":20,"column":1}},"1":{"start":{"line":4,"column":2},"end":{"line":19,"column":4}}},"fnMap":{"0":{"name":"(anonymous_0)","decl":{"start":{"line":3,"column":27},"end":{"line":3,"column":28}},"loc":{"start":{"line":3,"column":75},"end":{"line":20,"column":1}},"line":3}},"branchMap":{"0":{"loc":{"start":{"line":8,"column":10},"end":{"line":8,"column":54}},"type":"cond-expr","locations":[{"start":{"line":8,"column":31},"end":{"line":8,"column":49}},{"start":{"line":8,"column":52},"end":{"line":8,"column":54}}],"line":8},"1":{"loc":{"start":{"line":17,"column":7},"end":{"line":17,"column":77}},"type":"binary-expr","locations":[{"start":{"line":17,"column":7},"end":{"line":17,"column":16}},{"start":{"line":17,"column":20},"end":{"line":17,"column":77}}],"line":17}},"s":{"0":0,"1":0},"f":{"0":0},"b":{"0":[0,0],"1":[0,0]}}
,"/Users/beatrisilieve/VSC/ReactGems/client/src/components/JewelryCardHovered/JewelryCardHovered.js": {"path":"/Users/beatrisilieve/VSC/ReactGems/client/src/components/JewelryCardHovered/JewelryCardHovered.js","statementMap":{"0":{"start":{"line":6,"column":34},"end":{"line":39,"column":1}},"1":{"start":{"line":16,"column":2},"end":{"line":38,"column":4}},"2":{"start":{"line":21,"column":23},"end":{"line":21,"column":43}}},"fnMap":{"0":{"name":"(anonymous_0)","decl":{"start":{"line":6,"column":34},"end":{"line":6,"column":35}},"loc":{"start":{"line":15,"column":6},"end":{"line":39,"column":1}},"line":15},"1":{"name":"(anonymous_1)","decl":{"start":{"line":21,"column":17},"end":{"line":21,"column":18}},"loc":{"start":{"line":21,"column":23},"end":{"line":21,"column":43}},"line":21}},"branchMap":{"0":{"loc":{"start":{"line":19,"column":14},"end":{"line":19,"column":55}},"type":"cond-expr","locations":[{"start":{"line":19,"column":30},"end":{"line":19,"column":40}},{"start":{"line":19,"column":43},"end":{"line":19,"column":55}}],"line":19}},"s":{"0":0,"1":0,"2":0},"f":{"0":0,"1":0},"b":{"0":[0,0]}}
,"/Users/beatrisilieve/VSC/ReactGems/client/src/components/JewelryItem/JewelryItem.js": {"path":"/Users/beatrisilieve/VSC/ReactGems/client/src/components/JewelryItem/JewelryItem.js","statementMap":{"0":{"start":{"line":21,"column":21},"end":{"line":23,"column":1}},"1":{"start":{"line":25,"column":27},"end":{"line":372,"column":1}},"2":{"start":{"line":26,"column":18},"end":{"line":26,"column":29}},"3":{"start":{"line":27,"column":32},"end":{"line":27,"column":44}},"4":{"start":{"line":28,"column":25},"end":{"line":28,"column":58}},"5":{"start":{"line":29,"column":46},"end":{"line":29,"column":60}},"6":{"start":{"line":30,"column":48},"end":{"line":30,"column":63}},"7":{"start":{"line":31,"column":30},"end":{"line":31,"column":44}},"8":{"start":{"line":33,"column":4},"end":{"line":33,"column":24}},"9":{"start":{"line":34,"column":30},"end":{"line":34,"column":45}},"10":{"start":{"line":35,"column":32},"end":{"line":35,"column":47}},"11":{"start":{"line":36,"column":21},"end":{"line":36,"column":33}},"12":{"start":{"line":38,"column":25},"end":{"line":41,"column":3}},"13":{"start":{"line":39,"column":4},"end":{"line":39,"column":39}},"14":{"start":{"line":40,"column":4},"end":{"line":40,"column":41}},"15":{"start":{"line":44,"column":46},"end":{"line":44,"column":60}},"16":{"start":{"line":46,"column":42},"end":{"line":46,"column":54}},"17":{"start":{"line":48,"column":2},"end":{"line":50,"column":12}},"18":{"start":{"line":49,"column":4},"end":{"line":49,"column":16}},"19":{"start":{"line":52,"column":20},"end":{"line":70,"column":3}},"20":{"start":{"line":53,"column":4},"end":{"line":53,"column":21}},"21":{"start":{"line":55,"column":4},"end":{"line":69,"column":12}},"22":{"start":{"line":56,"column":6},"end":{"line":68,"column":7}},"23":{"start":{"line":57,"column":21},"end":{"line":57,"column":54}},"24":{"start":{"line":59,"column":28},"end":{"line":59,"column":64}},"25":{"start":{"line":61,"column":8},"end":{"line":61,"column":54}},"26":{"start":{"line":63,"column":8},"end":{"line":63,"column":32}},"27":{"start":{"line":65,"column":8},"end":{"line":65,"column":33}},"28":{"start":{"line":67,"column":8},"end":{"line":67,"column":26}},"29":{"start":{"line":72,"column":26},"end":{"line":79,"column":3}},"30":{"start":{"line":73,"column":4},"end":{"line":77,"column":5}},"31":{"start":{"line":74,"column":6},"end":{"line":74,"column":45}},"32":{"start":{"line":76,"column":6},"end":{"line":76,"column":40}},"33":{"start":{"line":78,"column":4},"end":{"line":78,"column":16}},"34":{"start":{"line":81,"column":30},"end":{"line":81,"column":66}},"35":{"start":{"line":83,"column":24},"end":{"line":85,"column":3}},"36":{"start":{"line":84,"column":4},"end":{"line":84,"column":74}},"37":{"start":{"line":84,"column":26},"end":{"line":84,"column":71}},"38":{"start":{"line":87,"column":19},"end":{"line":108,"column":3}},"39":{"start":{"line":88,"column":4},"end":{"line":88,"column":23}},"40":{"start":{"line":90,"column":4},"end":{"line":93,"column":5}},"41":{"start":{"line":91,"column":6},"end":{"line":91,"column":67}},"42":{"start":{"line":92,"column":6},"end":{"line":92,"column":13}},"43":{"start":{"line":95,"column":4},"end":{"line":101,"column":5}},"44":{"start":{"line":96,"column":21},"end":{"line":96,"column":41}},"45":{"start":{"line":98,"column":6},"end":{"line":98,"column":59}},"46":{"start":{"line":100,"column":6},"end":{"line":100,"column":49}},"47":{"start":{"line":103,"column":4},"end":{"line":103,"column":16}},"48":{"start":{"line":105,"column":4},"end":{"line":105,"column":21}},"49":{"start":{"line":107,"column":4},"end":{"line":107,"column":28}},"50":{"start":{"line":110,"column":18},"end":{"line":116,"column":3}},"51":{"start":{"line":111,"column":4},"end":{"line":111,"column":22}},"52":{"start":{"line":113,"column":4},"end":{"line":113,"column":16}},"53":{"start":{"line":115,"column":4},"end":{"line":115,"column":29}},"54":{"start":{"line":118,"column":29},"end":{"line":126,"column":3}},"55":{"start":{"line":119,"column":4},"end":{"line":125,"column":5}},"56":{"start":{"line":120,"column":6},"end":{"line":120,"column":24}},"57":{"start":{"line":122,"column":6},"end":{"line":122,"column":18}},"58":{"start":{"line":124,"column":6},"end":{"line":124,"column":31}},"59":{"start":{"line":128,"column":2},"end":{"line":133,"column":9}},"60":{"start":{"line":129,"column":4},"end":{"line":129,"column":63}},"61":{"start":{"line":130,"column":4},"end":{"line":132,"column":6}},"62":{"start":{"line":131,"column":6},"end":{"line":131,"column":68}},"63":{"start":{"line":135,"column":2},"end":{"line":371,"column":4}},"64":{"start":{"line":248,"column":30},"end":{"line":293,"column":31}},"65":{"start":{"line":261,"column":38},"end":{"line":261,"column":62}},"66":{"start":{"line":262,"column":38},"end":{"line":262,"column":58}},"67":{"start":{"line":318,"column":43},"end":{"line":318,"column":63}},"68":{"start":{"line":350,"column":41},"end":{"line":350,"column":61}}},"fnMap":{"0":{"name":"(anonymous_0)","decl":{"start":{"line":25,"column":27},"end":{"line":25,"column":28}},"loc":{"start":{"line":25,"column":33},"end":{"line":372,"column":1}},"line":25},"1":{"name":"(anonymous_1)","decl":{"start":{"line":38,"column":25},"end":{"line":38,"column":26}},"loc":{"start":{"line":38,"column":31},"end":{"line":41,"column":3}},"line":38},"2":{"name":"(anonymous_2)","decl":{"start":{"line":48,"column":12},"end":{"line":48,"column":13}},"loc":{"start":{"line":48,"column":18},"end":{"line":50,"column":3}},"line":48},"3":{"name":"(anonymous_3)","decl":{"start":{"line":52,"column":20},"end":{"line":52,"column":21}},"loc":{"start":{"line":52,"column":32},"end":{"line":70,"column":3}},"line":52},"4":{"name":"(anonymous_4)","decl":{"start":{"line":55,"column":15},"end":{"line":55,"column":16}},"loc":{"start":{"line":55,"column":27},"end":{"line":69,"column":5}},"line":55},"5":{"name":"(anonymous_5)","decl":{"start":{"line":72,"column":26},"end":{"line":72,"column":27}},"loc":{"start":{"line":72,"column":32},"end":{"line":79,"column":3}},"line":72},"6":{"name":"(anonymous_6)","decl":{"start":{"line":83,"column":24},"end":{"line":83,"column":25}},"loc":{"start":{"line":83,"column":31},"end":{"line":85,"column":3}},"line":83},"7":{"name":"(anonymous_7)","decl":{"start":{"line":84,"column":14},"end":{"line":84,"column":15}},"loc":{"start":{"line":84,"column":26},"end":{"line":84,"column":71}},"line":84},"8":{"name":"(anonymous_8)","decl":{"start":{"line":87,"column":19},"end":{"line":87,"column":20}},"loc":{"start":{"line":87,"column":32},"end":{"line":108,"column":3}},"line":87},"9":{"name":"(anonymous_9)","decl":{"start":{"line":110,"column":18},"end":{"line":110,"column":19}},"loc":{"start":{"line":110,"column":24},"end":{"line":116,"column":3}},"line":110},"10":{"name":"(anonymous_10)","decl":{"start":{"line":118,"column":29},"end":{"line":118,"column":30}},"loc":{"start":{"line":118,"column":40},"end":{"line":126,"column":3}},"line":118},"11":{"name":"(anonymous_11)","decl":{"start":{"line":128,"column":12},"end":{"line":128,"column":13}},"loc":{"start":{"line":128,"column":18},"end":{"line":133,"column":3}},"line":128},"12":{"name":"(anonymous_12)","decl":{"start":{"line":130,"column":11},"end":{"line":130,"column":12}},"loc":{"start":{"line":130,"column":17},"end":{"line":132,"column":5}},"line":130},"13":{"name":"(anonymous_13)","decl":{"start":{"line":247,"column":47},"end":{"line":247,"column":48}},"loc":{"start":{"line":248,"column":30},"end":{"line":293,"column":31}},"line":248},"14":{"name":"(anonymous_14)","decl":{"start":{"line":260,"column":45},"end":{"line":260,"column":46}},"loc":{"start":{"line":260,"column":51},"end":{"line":263,"column":37}},"line":260},"15":{"name":"(anonymous_15)","decl":{"start":{"line":318,"column":37},"end":{"line":318,"column":38}},"loc":{"start":{"line":318,"column":43},"end":{"line":318,"column":63}},"line":318},"16":{"name":"(anonymous_16)","decl":{"start":{"line":350,"column":35},"end":{"line":350,"column":36}},"loc":{"start":{"line":350,"column":41},"end":{"line":350,"column":61}},"line":350}},"branchMap":{"0":{"loc":{"start":{"line":59,"column":28},"end":{"line":59,"column":64}},"type":"cond-expr","locations":[{"start":{"line":59,"column":50},"end":{"line":59,"column":57}},{"start":{"line":59,"column":60},"end":{"line":59,"column":64}}],"line":59},"1":{"loc":{"start":{"line":73,"column":4},"end":{"line":77,"column":5}},"type":"if","locations":[{"start":{"line":73,"column":4},"end":{"line":77,"column":5}},{"start":{"line":75,"column":11},"end":{"line":77,"column":5}}],"line":73},"2":{"loc":{"start":{"line":90,"column":4},"end":{"line":93,"column":5}},"type":"if","locations":[{"start":{"line":90,"column":4},"end":{"line":93,"column":5}},{"start":{},"end":{}}],"line":90},"3":{"loc":{"start":{"line":95,"column":4},"end":{"line":101,"column":5}},"type":"if","locations":[{"start":{"line":95,"column":4},"end":{"line":101,"column":5}},{"start":{"line":99,"column":11},"end":{"line":101,"column":5}}],"line":95},"4":{"loc":{"start":{"line":119,"column":4},"end":{"line":125,"column":5}},"type":"if","locations":[{"start":{"line":119,"column":4},"end":{"line":125,"column":5}},{"start":{},"end":{}}],"line":119},"5":{"loc":{"start":{"line":119,"column":8},"end":{"line":119,"column":72}},"type":"binary-expr","locations":[{"start":{"line":119,"column":8},"end":{"line":119,"column":26}},{"start":{"line":119,"column":30},"end":{"line":119,"column":72}}],"line":119},"6":{"loc":{"start":{"line":137,"column":9},"end":{"line":137,"column":73}},"type":"binary-expr","locations":[{"start":{"line":137,"column":9},"end":{"line":137,"column":16}},{"start":{"line":137,"column":20},"end":{"line":137,"column":73}}],"line":137},"7":{"loc":{"start":{"line":139,"column":9},"end":{"line":366,"column":9}},"type":"cond-expr","locations":[{"start":{"line":140,"column":10},"end":{"line":140,"column":28}},{"start":{"line":142,"column":10},"end":{"line":365,"column":13}}],"line":139},"8":{"loc":{"start":{"line":143,"column":13},"end":{"line":364,"column":13}},"type":"binary-expr","locations":[{"start":{"line":143,"column":13},"end":{"line":143,"column":20}},{"start":{"line":144,"column":14},"end":{"line":363,"column":20}}],"line":143},"9":{"loc":{"start":{"line":145,"column":17},"end":{"line":223,"column":17}},"type":"cond-expr","locations":[{"start":{"line":146,"column":18},"end":{"line":202,"column":24}},{"start":{"line":204,"column":18},"end":{"line":222,"column":24}}],"line":145},"10":{"loc":{"start":{"line":147,"column":21},"end":{"line":183,"column":21}},"type":"cond-expr","locations":[{"start":{"line":148,"column":22},"end":{"line":164,"column":28}},{"start":{"line":166,"column":22},"end":{"line":182,"column":28}}],"line":147},"11":{"loc":{"start":{"line":150,"column":26},"end":{"line":150,"column":78}},"type":"cond-expr","locations":[{"start":{"line":150,"column":55},"end":{"line":150,"column":73}},{"start":{"line":150,"column":76},"end":{"line":150,"column":78}}],"line":150},"12":{"loc":{"start":{"line":159,"column":25},"end":{"line":163,"column":25}},"type":"binary-expr","locations":[{"start":{"line":159,"column":25},"end":{"line":159,"column":42}},{"start":{"line":160,"column":26},"end":{"line":162,"column":33}}],"line":159},"13":{"loc":{"start":{"line":168,"column":26},"end":{"line":168,"column":78}},"type":"cond-expr","locations":[{"start":{"line":168,"column":55},"end":{"line":168,"column":73}},{"start":{"line":168,"column":76},"end":{"line":168,"column":78}}],"line":168},"14":{"loc":{"start":{"line":177,"column":25},"end":{"line":181,"column":25}},"type":"binary-expr","locations":[{"start":{"line":177,"column":25},"end":{"line":177,"column":42}},{"start":{"line":178,"column":26},"end":{"line":180,"column":33}}],"line":177},"15":{"loc":{"start":{"line":188,"column":26},"end":{"line":190,"column":32}},"type":"cond-expr","locations":[{"start":{"line":189,"column":30},"end":{"line":189,"column":54}},{"start":{"line":190,"column":30},"end":{"line":190,"column":32}}],"line":188},"16":{"loc":{"start":{"line":196,"column":26},"end":{"line":198,"column":32}},"type":"cond-expr","locations":[{"start":{"line":197,"column":30},"end":{"line":197,"column":54}},{"start":{"line":198,"column":30},"end":{"line":198,"column":32}}],"line":196},"17":{"loc":{"start":{"line":207,"column":24},"end":{"line":207,"column":76}},"type":"cond-expr","locations":[{"start":{"line":207,"column":53},"end":{"line":207,"column":71}},{"start":{"line":207,"column":74},"end":{"line":207,"column":76}}],"line":207},"18":{"loc":{"start":{"line":216,"column":23},"end":{"line":220,"column":23}},"type":"binary-expr","locations":[{"start":{"line":216,"column":23},"end":{"line":216,"column":40}},{"start":{"line":217,"column":24},"end":{"line":219,"column":31}}],"line":216},"19":{"loc":{"start":{"line":237,"column":21},"end":{"line":239,"column":50}},"type":"binary-expr","locations":[{"start":{"line":237,"column":21},"end":{"line":237,"column":34}},{"start":{"line":238,"column":22},"end":{"line":238,"column":44}},{"start":{"line":239,"column":22},"end":{"line":239,"column":50}}],"line":237},"20":{"loc":{"start":{"line":241,"column":19},"end":{"line":361,"column":19}},"type":"cond-expr","locations":[{"start":{"line":242,"column":20},"end":{"line":331,"column":26}},{"start":{"line":333,"column":20},"end":{"line":360,"column":27}}],"line":241},"21":{"loc":{"start":{"line":241,"column":19},"end":{"line":241,"column":58}},"type":"binary-expr","locations":[{"start":{"line":241,"column":19},"end":{"line":241,"column":41}},{"start":{"line":241,"column":45},"end":{"line":241,"column":58}}],"line":241},"22":{"loc":{"start":{"line":248,"column":30},"end":{"line":293,"column":31}},"type":"cond-expr","locations":[{"start":{"line":249,"column":32},"end":{"line":271,"column":38}},{"start":{"line":273,"column":32},"end":{"line":292,"column":38}}],"line":248},"23":{"loc":{"start":{"line":303,"column":30},"end":{"line":305,"column":36}},"type":"cond-expr","locations":[{"start":{"line":304,"column":34},"end":{"line":304,"column":59}},{"start":{"line":305,"column":34},"end":{"line":305,"column":36}}],"line":303},"24":{"loc":{"start":{"line":322,"column":32},"end":{"line":324,"column":48}},"type":"cond-expr","locations":[{"start":{"line":323,"column":36},"end":{"line":323,"column":46}},{"start":{"line":324,"column":36},"end":{"line":324,"column":48}}],"line":322},"25":{"loc":{"start":{"line":337,"column":28},"end":{"line":339,"column":34}},"type":"cond-expr","locations":[{"start":{"line":338,"column":32},"end":{"line":338,"column":57}},{"start":{"line":339,"column":32},"end":{"line":339,"column":34}}],"line":337},"26":{"loc":{"start":{"line":354,"column":30},"end":{"line":354,"column":79}},"type":"cond-expr","locations":[{"start":{"line":354,"column":54},"end":{"line":354,"column":64}},{"start":{"line":354,"column":67},"end":{"line":354,"column":79}}],"line":354}},"s":{"0":0,"1":0,"2":0,"3":0,"4":0,"5":0,"6":0,"7":0,"8":0,"9":0,"10":0,"11":0,"12":0,"13":0,"14":0,"15":0,"16":0,"17":0,"18":0,"19":0,"20":0,"21":0,"22":0,"23":0,"24":0,"25":0,"26":0,"27":0,"28":0,"29":0,"30":0,"31":0,"32":0,"33":0,"34":0,"35":0,"36":0,"37":0,"38":0,"39":0,"40":0,"41":0,"42":0,"43":0,"44":0,"45":0,"46":0,"47":0,"48":0,"49":0,"50":0,"51":0,"52":0,"53":0,"54":0,"55":0,"56":0,"57":0,"58":0,"59":0,"60":0,"61":0,"62":0,"63":0,"64":0,"65":0,"66":0,"67":0,"68":0},"f":{"0":0,"1":0,"2":0,"3":0,"4":0,"5":0,"6":0,"7":0,"8":0,"9":0,"10":0,"11":0,"12":0,"13":0,"14":0,"15":0,"16":0},"b":{"0":[0,0],"1":[0,0],"2":[0,0],"3":[0,0],"4":[0,0],"5":[0,0],"6":[0,0],"7":[0,0],"8":[0,0],"9":[0,0],"10":[0,0],"11":[0,0],"12":[0,0],"13":[0,0],"14":[0,0],"15":[0,0],"16":[0,0],"17":[0,0],"18":[0,0],"19":[0,0,0],"20":[0,0],"21":[0,0],"22":[0,0],"23":[0,0],"24":[0,0],"25":[0,0],"26":[0,0]}}
,"/Users/beatrisilieve/VSC/ReactGems/client/src/components/JewelryList/JewelryList.js": {"path":"/Users/beatrisilieve/VSC/ReactGems/client/src/components/JewelryList/JewelryList.js","statementMap":{"0":{"start":{"line":14,"column":27},"end":{"line":124,"column":1}},"1":{"start":{"line":32,"column":6},"end":{"line":32,"column":46}},"2":{"start":{"line":34,"column":26},"end":{"line":34,"column":37}},"3":{"start":{"line":35,"column":46},"end":{"line":35,"column":70}},"4":{"start":{"line":36,"column":36},"end":{"line":36,"column":48}},"5":{"start":{"line":38,"column":26},"end":{"line":51,"column":3}},"6":{"start":{"line":39,"column":21},"end":{"line":39,"column":29}},"7":{"start":{"line":40,"column":4},"end":{"line":42,"column":5}},"8":{"start":{"line":41,"column":6},"end":{"line":41,"column":32}},"9":{"start":{"line":43,"column":4},"end":{"line":43,"column":22}},"10":{"start":{"line":45,"column":30},"end":{"line":45,"column":61}},"11":{"start":{"line":47,"column":4},"end":{"line":49,"column":5}},"12":{"start":{"line":48,"column":6},"end":{"line":48,"column":32}},"13":{"start":{"line":50,"column":4},"end":{"line":50,"column":41}},"14":{"start":{"line":53,"column":2},"end":{"line":60,"column":30}},"15":{"start":{"line":54,"column":4},"end":{"line":54,"column":21}},"16":{"start":{"line":55,"column":4},"end":{"line":55,"column":21}},"17":{"start":{"line":56,"column":4},"end":{"line":56,"column":15}},"18":{"start":{"line":57,"column":4},"end":{"line":57,"column":31}},"19":{"start":{"line":58,"column":4},"end":{"line":58,"column":38}},"20":{"start":{"line":59,"column":4},"end":{"line":59,"column":16}},"21":{"start":{"line":62,"column":29},"end":{"line":62,"column":71}},"22":{"start":{"line":64,"column":2},"end":{"line":123,"column":4}},"23":{"start":{"line":96,"column":12},"end":{"line":102,"column":14}}},"fnMap":{"0":{"name":"(anonymous_0)","decl":{"start":{"line":14,"column":27},"end":{"line":14,"column":28}},"loc":{"start":{"line":14,"column":74},"end":{"line":124,"column":1}},"line":14},"1":{"name":"(anonymous_1)","decl":{"start":{"line":38,"column":26},"end":{"line":38,"column":27}},"loc":{"start":{"line":38,"column":32},"en
[...]
,"/Users/beatrisilieve/VSC/ReactGems/client/src/services/requester.js": {"path":"/Users/beatrisilieve/VSC/ReactGems/client/src/services/requester.js","statementMap":{"0":{"start":{"line":1,"column":18},"end":{"line":39,"column":1}},"1":{"start":{"line":2,"column":19},"end":{"line":2,"column":51}},"2":{"start":{"line":4,"column":18},"end":{"line":4,"column":20}},"3":{"start":{"line":6,"column":2},"end":{"line":6,"column":26}},"4":{"start":{"line":8,"column":2},"end":{"line":11,"column":4}},"5":{"start":{"line":13,"column":2},"end":{"line":17,"column":3}},"6":{"start":{"line":14,"column":4},"end":{"line":16,"column":5}},"7":{"start":{"line":15,"column":6},"end":{"line":15,"column":42}},"8":{"start":{"line":19,"column":2},"end":{"line":24,"column":3}},"9":{"start":{"line":20,"column":4},"end":{"line":23,"column":6}},"10":{"start":{"line":26,"column":19},"end":{"line":26,"column":44}},"11":{"start":{"line":28,"column":2},"end":{"line":30,"column":3}},"12":{"start":{"line":29,"column":4},"end":{"line":29,"column":14}},"13":{"start":{"line":32,"column":17},"end":{"line":32,"column":38}},"14":{"start":{"line":34,"column":2},"end":{"line":36,"column":3}},"15":{"start":{"line":35,"column":4},"end":{"line":35,"column":17}},"16":{"start":{"line":38,"column":2},"end":{"line":38,"column":16}},"17":{"start":{"line":41,"column":30},"end":{"line":57,"column":1}},"18":{"start":{"line":42,"column":2},"end":{"line":49,"column":3}},"19":{"start":{"line":43,"column":27},"end":{"line":43,"column":55}},"20":{"start":{"line":45,"column":4},"end":{"line":48,"column":5}},"21":{"start":{"line":46,"column":19},"end":{"line":46,"column":49}},"22":{"start":{"line":47,"column":6},"end":{"line":47,"column":31}},"23":{"start":{"line":50,"column":2},"end":{"line":56,"column":4}}},"fnMap":{"0":{"name":"(anonymous_0)","decl":{"start":{"line":1,"column":18},"end":{"line":1,"column":19}},"loc":{"start":{"line":1,"column":54},"end":{"line":39,"column":1}},"line":1},"1":{"name":"(anonymous_1)","decl":{"start":{"line":41,"column":30},"end":{"line":41,"column":31}},"loc":{"start":{"line":41,"column":41},"end":{"line":57,"column":1}},"line":41}},"branchMap":{"0":{"loc":{"start":{"line":13,"column":2},"end":{"line":17,"column":3}},"type":"if","locations":[{"start":{"line":13,"column":2},"end":{"line":17,"column":3}},{"start":{},"end":{}}],"line":13},"1":{"loc":{"start":{"line":14,"column":4},"end":{"line":16,"column":5}},"type":"if","locations":[{"start":{"line":14,"column":4},"end":{"line":16,"column":5}},{"start":{},"end":{}}],"line":14},"2":{"loc":{"start":{"line":19,"column":2},"end":{"line":24,"column":3}},"type":"if","locations":[{"start":{"line":19,"column":2},"end":{"line":24,"column":3}},{"start":{},"end":{}}],"line":19},"3":{"loc":{"start":{"line":28,"column":2},"end":{"line":30,"column":3}},"type":"if","locations":[{"start":{"line":28,"column":2},"end":{"line":30,"column":3}},{"start":{},"end":{}}],"line":28},"4":{"loc":{"start":{"line":34,"column":2},"end":{"line":36,"column":3}},"type":"if","locations":[{"start":{"line":34,"column":2},"end":{"line":36,"column":3}},{"start":{},"end":{}}],"line":34},"5":{"loc":{"start":{"line":42,"column":2},"end":{"line":49,"column":3}},"type":"if","locations":[{"start":{"line":42,"column":2},"end":{"line":49,"column":3}},{"start":{},"end":{}}],"line":42},"6":{"loc":{"start":{"line":45,"column":4},"end":{"line":48,"column":5}},"type":"if","locations":[{"start":{"line":45,"column":4},"end":{"line":48,"column":5}},{"start":{},"end":{}}],"line":45}},"s":{"0":12,"1":17,"2":17,"3":17,"4":17,"5":17,"6":0,"7":0,"8":17,"9":0,"10":17,"11":0,"12":0,"13":0,"14":0,"15":0,"16":0,"17":12,"18":34,"19":34,"20":34,"21":0,"22":0,"23":34},"f":{"0":17,"1":34},"b":{"0":[0,17],"1":[0,0],"2":[0,17],"3":[0,0],"4":[0,0],"5":[34,0],"6":[0,34]},"_coverageSchema":"1a1c01bbd47fc00a2c39e90264f33305004495a9","hash":"6c556aba28d1a4202bec53ae5a58e9cdd36d787c"}
,"/Users/beatrisilieve/VSC/ReactGems/client/src/services/searchService.js": {"path":"/Users/beatrisilieve/VSC/ReactGems/client/src/services/searchService.js","statementMap":{"0":{"start":{"line":5,"column":16},"end":{"line":5,"column":32}},"1":{"start":{"line":7,"column":36},"end":{"line":16,"column":1}},"2":{"start":{"line":8,"column":18},"end":{"line":8,"column":39}},"3":{"start":{"line":10,"column":17},"end":{"line":10,"column":49}},"4":{"start":{"line":12,"column":2},"end":{"line":15,"column":4}},"5":{"start":{"line":14,"column":6},"end":{"line":14,"column":65}}},"fnMap":{"0":{"name":"(anonymous_0)","decl":{"start":{"line":7,"column":36},"end":{"line":7,"column":37}},"loc":{"start":{"line":7,"column":47},"end":{"line":16,"column":1}},"line":7},"1":{"name":"(anonymous_1)","decl":{"start":{"line":13,"column":13},"end":{"line":13,"column":14}},"loc":{"start":{"line":14,"column":6},"end":{"line":14,"column":65}},"line":14}},"branchMap":{},"s":{"0":0,"1":0,"2":0,"3":0,"4":0,"5":0},"f":{"0":0,"1":0},"b":{}}
,"/Users/beatrisilieve/VSC/ReactGems/client/src/services/stoneService.js": {"path":"/Users/beatrisilieve/VSC/ReactGems/client/src/services/stoneService.js","statementMap":{"0":{"start":{"line":4,"column":16},"end":{"line":4,"column":31}},"1":{"start":{"line":6,"column":35},"end":{"line":22,"column":1}},"2":{"start":{"line":7,"column":18},"end":{"line":7,"column":39}},"3":{"start":{"line":9,"column":2},"end":{"line":21,"column":4}},"4":{"start":{"line":11,"column":6},"end":{"line":13,"column":7}},"5":{"start":{"line":16,"column":6},"end":{"line":20,"column":7}}},"fnMap":{"0":{"name":"(anonymous_0)","decl":{"start":{"line":6,"column":35},"end":{"line":6,"column":36}},"loc":{"start":{"line":6,"column":46},"end":{"line":22,"column":1}},"line":6},"1":{"name":"(anonymous_1)","decl":{"start":{"line":10,"column":20},"end":{"line":10,"column":21}},"loc":{"start":{"line":11,"column":6},"end":{"line":13,"column":7}},"line":11},"2":{"name":"(anonymous_2)","decl":{"start":{"line":15,"column":21},"end":{"line":15,"column":22}},"loc":{"start":{"line":16,"column":6},"end":{"line":20,"column":7}},"line":16}},"branchMap":{},"s":{"0":0,"1":0,"2":0,"3":0,"4":0,"5":0},"f":{"0":0,"1":0,"2":0},"b":{}}
,"/Users/beatrisilieve/VSC/ReactGems/client/src/services/wishlistService.js": {"path":"/Users/beatrisilieve/VSC/ReactGems/client/src/services/wishlistService.js","statementMap":{"0":{"start":{"line":4,"column":16},"end":{"line":4,"column":34}},"1":{"start":{"line":6,"column":38},"end":{"line":18,"column":1}},"2":{"start":{"line":7,"column":18},"end":{"line":7,"column":39}},"3":{"start":{"line":9,"column":2},"end":{"line":17,"column":4}},"4":{"start":{"line":10,"column":28},"end":{"line":10,"column":62}},"5":{"start":{"line":12,"column":21},"end":{"line":12,"column":57}},"6":{"start":{"line":14,"column":27},"end":{"line":14,"column":73}},"7":{"start":{"line":16,"column":27},"end":{"line":16,"column":75}}},"fnMap":{"0":{"name":"(anonymous_0)","decl":{"start":{"line":6,"column":38},"end":{"line":6,"column":39}},"loc":{"start":{"line":6,"column":49},"end":{"line":18,"column":1}},"line":6},"1":{"name":"(anonymous_1)","decl":{"start":{"line":10,"column":13},"end":{"line":10,"column":14}},"loc":{"start":{"line":10,"column":28},"end":{"line":10,"column":62}},"line":10},"2":{"name":"(anonymous_2)","decl":{"start":{"line":12,"column":15},"end":{"line":12,"column":16}},"loc":{"start":{"line":12,"column":21},"end":{"line":12,"column":57}},"line":12},"3":{"name":"(anonymous_3)","decl":{"start":{"line":14,"column":12},"end":{"line":14,"column":13}},"loc":{"start":{"line":14,"column":27},"end":{"line":14,"column":73}},"line":14},"4":{"name":"(anonymous_4)","decl":{"start":{"line":16,"column":12},"end":{"line":16,"column":13}},"loc":{"start":{"line":16,"column":27},"end":{"line":16,"column":75}},"line":16}},"branchMap":{"0":{"loc":{"start":{"line":10,"column":14},"end":{"line":10,"column":23}},"type":"default-arg","locations":[{"start":{"line":10,"column":19},"end":{"line":10,"column":23}}],"line":10}},"s":{"0":0,"1":0,"2":0,"3":0,"4":0,"5":0,"6":0,"7":0},"f":{"0":0,"1":0,"2":0,"3":0,"4":0},"b":{"0":[0]}}
,"/Users/beatrisilieve/VSC/ReactGems/client/src/utils/getEmailMismatchErrorMessage.js": {"path":"/Users/beatrisilieve/VSC/ReactGems/client/src/utils/getEmailMismatchErrorMessage.js","statementMap":{"0":{"start":{"line":3,"column":44},"end":{"line":9,"column":1}},"1":{"start":{"line":4,"column":2},"end":{"line":8,"column":3}},"2":{"start":{"line":5,"column":4},"end":{"line":5,"column":40}},"3":{"start":{"line":7,"column":4},"end":{"line":7,"column":14}}},"fnMap":{"0":{"name":"(anonymous_0)","decl":{"start":{"line":3,"column":44},"end":{"line":3,"column":45}},"loc":{"start":{"line":3,"column":68},"end":{"line":9,"column":1}},"line":3}},"branchMap":{"0":{"loc":{"start":{"line":4,"column":2},"end":{"line":8,"column":3}},"type":"if","locations":[{"start":{"line":4,"column":2},"end":{"line":8,"column":3}},{"start":{"line":6,"column":9},"end":{"line":8,"column":3}}],"line":4}},"s":{"0":4,"1":4,"2":1,"3":3},"f":{"0":4},"b":{"0":[1,3]},"_coverageSchema":"1a1c01bbd47fc00a2c39e90264f33305004495a9","hash":"9208c72b1b6547543e38108355fc03a9d6211a63"}
,"/Users/beatrisilieve/VSC/ReactGems/client/src/utils/getFilteredByStoneColor.js": {"path":"/Users/beatrisilieve/VSC/ReactGems/client/src/utils/getFilteredByStoneColor.js","statementMap":{"0":{"start":{"line":1,"column":39},"end":{"line":8,"column":1}},"1":{"start":{"line":2,"column":19},"end":{"line":6,"column":4}},"2":{"start":{"line":3,"column":33},"end":{"line":3,"column":61}},"3":{"start":{"line":5,"column":4},"end":{"line":5,"column":80}},"4":{"start":{"line":5,"column":45},"end":{"line":5,"column":78}},"5":{"start":{"line":7,"column":2},"end":{"line":7,"column":18}}},"fnMap":{"0":{"name":"(anonymous_0)","decl":{"start":{"line":1,"column":39},"end":{"line":1,"column":40}},"loc":{"start":{"line":1,"column":66},"end":{"line":8,"column":1}},"line":1},"1":{"name":"(anonymous_1)","decl":{"start":{"line":2,"column":37},"end":{"line":2,"column":38}},"loc":{"start":{"line":2,"column":50},"end":{"line":6,"column":3}},"line":2},"2":{"name":"(anonymous_2)","decl":{"start":{"line":5,"column":37},"end":{"line":5,"column":38}},"loc":{"start":{"line":5,"column":45},"end":{"line":5,"column":78}},"line":5}},"branchMap":{},"s":{"0":0,"1":0,"2":0,"3":0,"4":0,"5":0},"f":{"0":0,"1":0,"2":0},"b":{}}
,"/Users/beatrisilieve/VSC/ReactGems/client/src/utils/getFilteredByStoneType.js": {"path":"/Users/beatrisilieve/VSC/ReactGems/client/src/utils/getFilteredByStoneType.js","statementMap":{"0":{"start":{"line":1,"column":38},"end":{"line":8,"column":1}},"1":{"start":{"line":2,"column":19},"end":{"line":6,"column":4}},"2":{"start":{"line":3,"column":32},"end":{"line":3,"column":59}},"3":{"start":{"line":5,"column":4},"end":{"line":5,"column":78}},"4":{"start":{"line":5,"column":44},"end":{"line":5,"column":76}},"5":{"start":{"line":7,"column":2},"end":{"line":7,"column":18}}},"fnMap":{"0":{"name":"(anonymous_0)","decl":{"start":{"line":1,"column":38},"end":{"line":1,"column":39}},"loc":{"start":{"line":1,"column":65},"end":{"line":8,"column":1}},"line":1},"1":{"name":"(anonymous_1)","decl":{"start":{"line":2,"column":37},"end":{"line":2,"column":38}},"loc":{"start":{"line":2,"column":50},"end":{"line":6,"column":3}},"line":2},"2":{"name":"(anonymous_2)","decl":{"start":{"line":5,"column":36},"end":{"line":5,"column":37}},"loc":{"start":{"line":5,"column":44},"end":{"line":5,"column":76}},"line":5}},"branchMap":{},"s":{"0":0,"1":0,"2":0,"3":0,"4":0,"5":0},"f":{"0":0,"1":0,"2":0},"b":{}}
,"/Users/beatrisilieve/VSC/ReactGems/client/src/utils/getPasswordMismatchErrorMessage.js": {"path":"/Users/beatrisilieve/VSC/ReactGems/client/src/utils/getPasswordMismatchErrorMessage.js","statementMap":{"0":{"start":{"line":3,"column":47},"end":{"line":9,"column":1}},"1":{"start":{"line":4,"column":2},"end":{"line":8,"column":3}},"2":{"start":{"line":5,"column":4},"end":{"line":5,"column":43}},"3":{"start":{"line":7,"column":4},"end":{"line":7,"column":14}}},"fnMap":{"0":{"name":"(anonymous_0)","decl":{"start":{"line":3,"column":47},"end":{"line":3,"column":48}},"loc":{"start":{"line":3,"column":77},"end":{"line":9,"column":1}},"line":3}},"branchMap":{"0":{"loc":{"start":{"line":4,"column":2},"end":{"line":8,"column":3}},"type":"if","locations":[{"start":{"line":4,"column":2},"end":{"line":8,"column":3}},{"start":{"line":6,"column":9},"end":{"line":8,"column":3}}],"line":4}},"s":{"0":7,"1":7,"2":3,"3":4},"f":{"0":7},"b":{"0":[3,4]},"_coverageSchema":"1a1c01bbd47fc00a2c39e90264f33305004495a9","hash":"63a8bf3fed49d04abec48b37f7150c7fb890dee8"}
,"/Users/beatrisilieve/VSC/ReactGems/client/src/utils/getPatternErrorMessage.js": {"path":"/Users/beatrisilieve/VSC/ReactGems/client/src/utils/getPatternErrorMessage.js","statementMap":{"0":{"start":{"line":3,"column":16},"end":{"line":5,"column":1}},"1":{"start":{"line":4,"column":2},"end":{"line":4,"column":29}},"2":{"start":{"line":7,"column":38},"end":{"line":13,"column":1}},"3":{"start":{"line":8,"column":2},"end":{"line":12,"column":3}},"4":{"start":{"line":9,"column":4},"end":{"line":9,"column":33}},"5":{"start":{"line":11,"column":4},"end":{"line":11,"column":14}}},"fnMap":{"0":{"name":"(anonymous_0)","decl":{"start":{"line":3,"column":16},"end":{"line":3,"column":17}},"loc":{"start":{"line":3,"column":36},"end":{"line":5,"column":1}},"line":3},"1":{"name":"(anonymous_1)","decl":{"start":{"line":7,"column":38},"end":{"line":7,"column":39}},"loc":{"start":{"line":7,"column":65},"end":{"line":13,"column":1}},"line":7}},"branchMap":{"0":{"loc":{"start":{"line":8,"column":2},"end":{"line":12,"column":3}},"type":"if","locations":[{"start":{"line":8,"column":2},"end":{"line":12,"column":3}},{"start":{"line":10,"column":9},"end":{"line":12,"column":3}}],"line":8}},"s":{"0":11,"1":83,"2":11,"3":83,"4":37,"5":46},"f":{"0":83,"1":83},"b":{"0":[37,46]},"_coverageSchema":"1a1c01bbd47fc00a2c39e90264f33305004495a9","hash":"5e749983ddb711c9feb433aa889d37ad237e4ceb"}
,"/Users/beatrisilieve/VSC/ReactGems/client/src/utils/getSerializedObject.js": {"path":"/Users/beatrisilieve/VSC/ReactGems/client/src/utils/getSerializedObject.js","statementMap":{"0":{"start":{"line":1,"column":35},"end":{"line":8,"column":1}},"1":{"start":{"line":2,"column":21},"end":{"line":2,"column":59}},"2":{"start":{"line":2,"column":47},"end":{"line":2,"column":58}},"3":{"start":{"line":3,"column":24},"end":{"line":3,"column":50}},"4":{"start":{"line":5,"column":27},"end":{"line":5,"column":56}},"5":{"start":{"line":7,"column":2},"end":{"line":7,"column":26}}},"fnMap":{"0":{"name":"(anonymous_0)","decl":{"start":{"line":1,"column":35},"end":{"line":1,"column":36}},"loc":{"start":{"line":1,"column":49},"end":{"line":8,"column":1}},"line":1},"1":{"name":"(anonymous_1)","decl":{"start":{"line":2,"column":34},"end":{"line":2,"column":35}},"loc":{"start":{"line":2,"column":47},"end":{"line":2,"column":58}},"line":2}},"branchMap":{},"s":{"0":0,"1":0,"2":0,"3":0,"4":0,"5":0},"f":{"0":0,"1":0},"b":{}}
,"/Users/beatrisilieve/VSC/ReactGems/client/src/utils/getSortedByAvailabilityAsc.js": {"path":"/Users/beatrisilieve/VSC/ReactGems/client/src/utils/getSortedByAvailabilityAsc.js","statementMap":{"0":{"start":{"line":1,"column":42},"end":{"line":7,"column":1}},"1":{"start":{"line":2,"column":27},"end":{"line":4,"column":4}},"2":{"start":{"line":3,"column":4},"end":{"line":3,"column":37}},"3":{"start":{"line":6,"column":2},"end":{"line":6,"column":26}}},"fnMap":{"0":{"name":"(anonymous_0)","decl":{"start":{"line":1,"column":42},"end":{"line":1,"column":43}},"loc":{"start":{"line":1,"column":58},"end":{"line":7,"column":1}},"line":1},"1":{"name":"(anonymous_1)","decl":{"start":{"line":2,"column":48},"end":{"line":2,"column":49}},"loc":{"start":{"line":2,"column":58},"end":{"line":4,"column":3}},"line":2}},"branchMap":{},"s":{"0":0,"1":0,"2":0,"3":0},"f":{"0":0,"1":0},"b":{}}
,"/Users/beatrisilieve/VSC/ReactGems/client/src/utils/getSortedByPriceAsc.js": {"path":"/Users/beatrisilieve/VSC/ReactGems/client/src/utils/getSortedByPriceAsc.js","statementMap":{"0":{"start":{"line":1,"column":35},"end":{"line":7,"column":1}},"1":{"start":{"line":2,"column":27},"end":{"line":4,"column":4}},"2":{"start":{"line":3,"column":4},"end":{"line":3,"column":29}},"3":{"start":{"line":6,"column":2},"end":{"line":6,"column":26}}},"fnMap":{"0":{"name":"(anonymous_0)","decl":{"start":{"line":1,"column":35},"end":{"line":1,"column":36}},"loc":{"start":{"line":1,"column":51},"end":{"line":7,"column":1}},"line":1},"1":{"name":"(anonymous_1)","decl":{"start":{"line":2,"column":48},"end":{"line":2,"column":49}},"loc":{"start":{"line":2,"column":58},"end":{"line":4,"column":3}},"line":2}},"branchMap":{},"s":{"0":0,"1":0,"2":0,"3":0},"f":{"0":0,"1":0},"b":{}}
,"/Users/beatrisilieve/VSC/ReactGems/client/src/utils/getSortedByPriceDesc.js": {"path":"/Users/beatrisilieve/VSC/ReactGems/client/src/utils/getSortedByPriceDesc.js","statementMap":{"0":{"start":{"line":1,"column":36},"end":{"line":7,"column":1}},"1":{"start":{"line":2,"column":27},"end":{"line":4,"column":4}},"2":{"start":{"line":3,"column":4},"end":{"line":3,"column":29}},"3":{"start":{"line":6,"column":2},"end":{"line":6,"column":26}}},"fnMap":{"0":{"name":"(anonymous_0)","decl":{"start":{"line":1,"column":36},"end":{"line":1,"column":37}},"loc":{"start":{"line":1,"column":52},"end":{"line":7,"column":1}},"line":1},"1":{"name":"(anonymous_1)","decl":{"start":{"line":2,"column":48},"end":{"line":2,"column":49}},"loc":{"start":{"line":2,"column":58},"end":{"line":4,"column":3}},"line":2}},"branchMap":{},"s":{"0":0,"1":0,"2":0,"3":0},"f":{"0":0,"1":0},"b":{}}
,"/Users/beatrisilieve/VSC/ReactGems/client/src/utils/hasFormErrorOccurred.js": {"path":"/Users/beatrisilieve/VSC/ReactGems/client/src/utils/hasFormErrorOccurred.js","statementMap":{"0":{"start":{"line":1,"column":36},"end":{"line":5,"column":3}},"1":{"start":{"line":2,"column":4},"end":{"line":4,"column":6}},"2":{"start":{"line":3,"column":17},"end":{"line":3,"column":42}}},"fnMap":{"0":{"name":"(anonymous_0)","decl":{"start":{"line":1,"column":36},"end":{"line":1,"column":37}},"loc":{"start":{"line":1,"column":52},"end":{"line":5,"column":3}},"line":1},"1":{"name":"(anonymous_1)","decl":{"start":{"line":3,"column":6},"end":{"line":3,"column":7}},"loc":{"start":{"line":3,"column":17},"end":{"line":3,"column":42}},"line":3}},"branchMap":{},"s":{"0":11,"1":21,"2":45},"f":{"0":21,"1":45},"b":{},"_coverageSchema":"1a1c01bbd47fc00a2c39e90264f33305004495a9","hash":"eeb71ff27ff69b4654cc923a082f9649a24160f5"}
,"/Users/beatrisilieve/VSC/ReactGems/client/src/utils/slugify.js": {"path":"/Users/beatrisilieve/VSC/ReactGems/client/src/utils/slugify.js","statementMap":{"0":{"start":{"line":1,"column":23},"end":{"line":9,"column":1}},"1":{"start":{"line":2,"column":2},"end":{"line":8,"column":28}}},"fnMap":{"0":{"name":"(anonymous_0)","decl":{"start":{"line":1,"column":23},"end":{"line":1,"column":24}},"loc":{"start":{"line":1,"column":33},"end":{"line":9,"column":1}},"line":1}},"branchMap":{},"s":{"0":0,"1":0},"f":{"0":0},"b":{}}
,"/Users/beatrisilieve/VSC/ReactGems/client/src/utils/useSetBodyOverflow.js": {"path":"/Users/beatrisilieve/VSC/ReactGems/client/src/utils/useSetBodyOverflow.js","statementMap":{"0":{"start":{"line":1,"column":38},"end":{"line":3,"column":1}},"1":{"start":{"line":2,"column":2},"end":{"line":2,"column":43}},"2":{"start":{"line":5,"column":37},"end":{"line":7,"column":1}},"3":{"start":{"line":6,"column":2},"end":{"line":6,"column":42}}},"fnMap":{"0":{"name":"(anonymous_0)","decl":{"start":{"line":1,"column":38},"end":{"line":1,"column":39}},"loc":{"start":{"line":1,"column":44},"end":{"line":3,"column":1}},"line":1},"1":{"name":"(anonymous_1)","decl":{"start":{"line":5,"column":37},"end":{"line":5,"column":38}},"loc":{"start":{"line":5,"column":43},"end":{"line":7,"column":1}},"line":5}},"branchMap":{},"s":{"0":0,"1":0,"2":0,"3":0},"f":{"0":0,"1":0},"b":{}}
}
